# JRE version: Java(TM) SE Runtime Environment (8.0_144-b01) (build 1.8.0_144-b01)
# Java VM: Java HotSpot(TM) 64-Bit Server VM (25.144-b01 mixed mode windows-amd64 compressed oops)
Heap:
 PSYoungGen      total 48128K, used 31188K [0x00000000eaf00000, 0x00000000ee680000, 0x0000000100000000)
  eden space 43520K, 64% used [0x00000000eaf00000,0x00000000eca9df70,0x00000000ed980000)
  from space 4608K, 63% used [0x00000000ee200000,0x00000000ee4d7220,0x00000000ee680000)
  to   space 6656K, 0% used [0x00000000ed980000,0x00000000ed980000,0x00000000ee000000)
 ParOldGen       total 44032K, used 15310K [0x00000000c0c00000, 0x00000000c3700000, 0x00000000eaf00000)
  object space 44032K, 34% used [0x00000000c0c00000,0x00000000c1af38e8,0x00000000c3700000)
 Metaspace       used 20149K, capacity 20442K, committed 20736K, reserved 1067008K
  class space    used 2422K, capacity 2523K, committed 2560K, reserved 1048576K
GC Heap History (10 events):
Event: 18.597 GC heap before
{Heap before GC invocations=16 (full 0):
 PSYoungGen      total 52736K, used 51845K [0x00000000eaf00000, 0x00000000ef000000, 0x0000000100000000)
  eden space 51200K, 98% used [0x00000000eaf00000,0x00000000ee029b68,0x00000000ee100000)
  from space 1536K, 97% used [0x00000000ee280000,0x00000000ee3f7910,0x00000000ee400000)
  to   space 7680K, 0% used [0x00000000ee880000,0x00000000ee880000,0x00000000ef000000)
 ParOldGen       total 44032K, used 15254K [0x00000000c0c00000, 0x00000000c3700000, 0x00000000eaf00000)
  object space 44032K, 34% used [0x00000000c0c00000,0x00000000c1ae58e8,0x00000000c3700000)
 Metaspace       used 20065K, capacity 20378K, committed 20480K, reserved 1067008K
  class space    used 2421K, capacity 2523K, committed 2560K, reserved 1048576K
Event: 18.598 GC heap after
Heap after GC invocations=16 (full 0):
 PSYoungGen      total 54784K, used 2908K [0x00000000eaf00000, 0x00000000eed80000, 0x0000000100000000)
  eden space 49664K, 0% used [0x00000000eaf00000,0x00000000eaf00000,0x00000000edf80000)
  from space 5120K, 56% used [0x00000000ee880000,0x00000000eeb57220,0x00000000eed80000)
  to   space 7168K, 0% used [0x00000000edf80000,0x00000000edf80000,0x00000000ee680000)
 ParOldGen       total 44032K, used 15270K [0x00000000c0c00000, 0x00000000c3700000, 0x00000000eaf00000)
  object space 44032K, 34% used [0x00000000c0c00000,0x00000000c1ae98e8,0x00000000c3700000)
 Metaspace       used 20065K, capacity 20378K, committed 20480K, reserved 1067008K
  class space    used 2421K, capacity 2523K, committed 2560K, reserved 1048576K
}
Event: 19.172 GC heap before
{Heap before GC invocations=17 (full 0):
 PSYoungGen      total 54784K, used 51767K [0x00000000eaf00000, 0x00000000eed80000, 0x0000000100000000)
  eden space 49664K, 98% used [0x00000000eaf00000,0x00000000edeb6d08,0x00000000edf80000)
  from space 5120K, 56% used [0x00000000ee880000,0x00000000eeb57220,0x00000000eed80000)
  to   space 7168K, 0% used [0x00000000edf80000,0x00000000edf80000,0x00000000ee680000)
 ParOldGen       total 44032K, used 15270K [0x00000000c0c00000, 0x00000000c3700000, 0x00000000eaf00000)
  object space 44032K, 34% used [0x00000000c0c00000,0x00000000c1ae98e8,0x00000000c3700000)
 Metaspace       used 20074K, capacity 20378K, committed 20480K, reserved 1067008K
  class space    used 2421K, capacity 2523K, committed 2560K, reserved 1048576K
Event: 19.174 GC heap after
Heap after GC invocations=17 (full 0):
 PSYoungGen      total 51200K, used 2908K [0x00000000eaf00000, 0x00000000eec00000, 0x0000000100000000)
  eden space 48128K, 0% used [0x00000000eaf00000,0x00000000eaf00000,0x00000000ede00000)
  from space 3072K, 94% used [0x00000000edf80000,0x00000000ee257220,0x00000000ee280000)
  to   space 7168K, 0% used [0x00000000ee500000,0x00000000ee500000,0x00000000eec00000)
 ParOldGen       total 44032K, used 15286K [0x00000000c0c00000, 0x00000000c3700000, 0x00000000eaf00000)
  object space 44032K, 34% used [0x00000000c0c00000,0x00000000c1aed8e8,0x00000000c3700000)
 Metaspace       used 20074K, capacity 20378K, committed 20480K, reserved 1067008K
  class space    used 2421K, capacity 2523K, committed 2560K, reserved 1048576K
}
Event: 19.732 GC heap before
{Heap before GC invocations=18 (full 0):
 PSYoungGen      total 51200K, used 50332K [0x00000000eaf00000, 0x00000000eec00000, 0x0000000100000000)
  eden space 48128K, 98% used [0x00000000eaf00000,0x00000000edd4ffa8,0x00000000ede00000)
  from space 3072K, 94% used [0x00000000edf80000,0x00000000ee257220,0x00000000ee280000)
  to   space 7168K, 0% used [0x00000000ee500000,0x00000000ee500000,0x00000000eec00000)
 ParOldGen       total 44032K, used 15286K [0x00000000c0c00000, 0x00000000c3700000, 0x00000000eaf00000)
  object space 44032K, 34% used [0x00000000c0c00000,0x00000000c1aed8e8,0x00000000c3700000)
 Metaspace       used 20102K, capacity 20442K, committed 20736K, reserved 1067008K
  class space    used 2421K, capacity 2523K, committed 2560K, reserved 1048576K
Event: 19.733 GC heap after
Heap after GC invocations=18 (full 0):
 PSYoungGen      total 52224K, used 1470K [0x00000000eaf00000, 0x00000000eea80000, 0x0000000100000000)
  eden space 46592K, 0% used [0x00000000eaf00000,0x00000000eaf00000,0x00000000edc80000)
  from space 5632K, 26% used [0x00000000ee500000,0x00000000ee66f910,0x00000000eea80000)
  to   space 7168K, 0% used [0x00000000edc80000,0x00000000edc80000,0x00000000ee380000)
 ParOldGen       total 44032K, used 15294K [0x00000000c0c00000, 0x00000000c3700000, 0x00000000eaf00000)
  object space 44032K, 34% used [0x00000000c0c00000,0x00000000c1aef8e8,0x00000000c3700000)
 Metaspace       used 20102K, capacity 20442K, committed 20736K, reserved 1067008K
  class space    used 2421K, capacity 2523K, committed 2560K, reserved 1048576K
}
Event: 20.259 GC heap before
{Heap before GC invocations=19 (full 0):
 PSYoungGen      total 52224K, used 47437K [0x00000000eaf00000, 0x00000000eea80000, 0x0000000100000000)
  eden space 46592K, 98% used [0x00000000eaf00000,0x00000000edbe3d88,0x00000000edc80000)
  from space 5632K, 26% used [0x00000000ee500000,0x00000000ee66f910,0x00000000eea80000)
  to   space 7168K, 0% used [0x00000000edc80000,0x00000000edc80000,0x00000000ee380000)
 ParOldGen       total 44032K, used 15294K [0x00000000c0c00000, 0x00000000c3700000, 0x00000000eaf00000)
  object space 44032K, 34% used [0x00000000c0c00000,0x00000000c1aef8e8,0x00000000c3700000)
 Metaspace       used 20109K, capacity 20442K, committed 20736K, reserved 1067008K
  class space    used 2421K, capacity 2523K, committed 2560K, reserved 1048576K
Event: 20.261 GC heap after
Heap after GC invocations=19 (full 0):
 PSYoungGen      total 46592K, used 1470K [0x00000000eaf00000, 0x00000000ee900000, 0x0000000100000000)
  eden space 45056K, 0% used [0x00000000eaf00000,0x00000000eaf00000,0x00000000edb00000)
  from space 1536K, 95% used [0x00000000edc80000,0x00000000eddef910,0x00000000ede00000)
  to   space 7168K, 0% used [0x00000000ee200000,0x00000000ee200000,0x00000000ee900000)
 ParOldGen       total 44032K, used 15302K [0x00000000c0c00000, 0x00000000c3700000, 0x00000000eaf00000)
  object space 44032K, 34% used [0x00000000c0c00000,0x00000000c1af18e8,0x00000000c3700000)
 Metaspace       used 20109K, capacity 20442K, committed 20736K, reserved 1067008K
  class space    used 2421K, capacity 2523K, committed 2560K, reserved 1048576K
}
Event: 20.772 GC heap before
{Heap before GC invocations=20 (full 0):
 PSYoungGen      total 46592K, used 45997K [0x00000000eaf00000, 0x00000000ee900000, 0x0000000100000000)
  eden space 45056K, 98% used [0x00000000eaf00000,0x00000000eda7bc00,0x00000000edb00000)
  from space 1536K, 95% used [0x00000000edc80000,0x00000000eddef910,0x00000000ede00000)
  to   space 7168K, 0% used [0x00000000ee200000,0x00000000ee200000,0x00000000ee900000)
 ParOldGen       total 44032K, used 15302K [0x00000000c0c00000, 0x00000000c3700000, 0x00000000eaf00000)
  object space 44032K, 34% used [0x00000000c0c00000,0x00000000c1af18e8,0x00000000c3700000)
 Metaspace       used 20136K, capacity 20442K, committed 20736K, reserved 1067008K
  class space    used 2421K, capacity 2523K, committed 2560K, reserved 1048576K
Event: 20.774 GC heap after
Heap after GC invocations=20 (full 0):
 PSYoungGen      total 48128K, used 2908K [0x00000000eaf00000, 0x00000000ee680000, 0x0000000100000000)
  eden space 43520K, 0% used [0x00000000eaf00000,0x00000000eaf00000,0x00000000ed980000)
  from space 4608K, 63% used [0x00000000ee200000,0x00000000ee4d7220,0x00000000ee680000)
  to   space 6656K, 0% used [0x00000000ed980000,0x00000000ed980000,0x00000000ee000000)
 ParOldGen       total 44032K, used 15310K [0x00000000c0c00000, 0x00000000c3700000, 0x00000000eaf00000)
  object space 44032K, 34% used [0x00000000c0c00000,0x00000000c1af38e8,0x00000000c3700000)
 Metaspace       used 20136K, capacity 20442K, committed 20736K, reserved 1067008K
  class space    used 2421K, capacity 2523K, committed 2560K, reserved 1048576K
}

