# JRE version: Java(TM) SE Runtime Environment (8.0_144-b01) (build 1.8.0_144-b01)
# Java VM: Java HotSpot(TM) 64-Bit Server VM (25.144-b01 mixed mode windows-amd64 compressed oops)
Heap:
 PSYoungGen      total 23552K, used 13183K [0x00000000eaf00000, 0x00000000ece00000, 0x0000000100000000)
  eden space 22016K, 53% used [0x00000000eaf00000,0x00000000eba68318,0x00000000ec480000)
  from space 1536K, 97% used [0x00000000ecb00000,0x00000000ecc77910,0x00000000ecc80000)
  to   space 1536K, 0% used [0x00000000ecc80000,0x00000000ecc80000,0x00000000ece00000)
 ParOldGen       total 34304K, used 21142K [0x00000000c0c00000, 0x00000000c2d80000, 0x00000000eaf00000)
  object space 34304K, 61% used [0x00000000c0c00000,0x00000000c20a5af0,0x00000000c2d80000)
 Metaspace       used 21007K, capacity 21296K, committed 21552K, reserved 1069056K
  class space    used 2496K, capacity 2590K, committed 2608K, reserved 1048576K
GC Heap History (10 events):
Event: 61.097 GC heap before
{Heap before GC invocations=163 (full 2):
 PSYoungGen      total 25600K, used 1470K [0x00000000eaf00000, 0x00000000ecf80000, 0x0000000100000000)
  eden space 24064K, 0% used [0x00000000eaf00000,0x00000000eaf00000,0x00000000ec680000)
  from space 1536K, 95% used [0x00000000ecd80000,0x00000000eceef910,0x00000000ecf00000)
  to   space 512K, 0% used [0x00000000ecf00000,0x00000000ecf00000,0x00000000ecf80000)
 ParOldGen       total 29696K, used 26994K [0x00000000c0c00000, 0x00000000c2900000, 0x00000000eaf00000)
  object space 29696K, 90% used [0x00000000c0c00000,0x00000000c265c948,0x00000000c2900000)
 Metaspace       used 20998K, capacity 21296K, committed 21552K, reserved 1069056K
  class space    used 2495K, capacity 2590K, committed 2608K, reserved 1048576K
Event: 61.116 GC heap after
Heap after GC invocations=163 (full 2):
 PSYoungGen      total 25600K, used 0K [0x00000000eaf00000, 0x00000000ecf80000, 0x0000000100000000)
  eden space 24064K, 0% used [0x00000000eaf00000,0x00000000eaf00000,0x00000000ec680000)
  from space 1536K, 0% used [0x00000000ecd80000,0x00000000ecd80000,0x00000000ecf00000)
  to   space 512K, 0% used [0x00000000ecf00000,0x00000000ecf00000,0x00000000ecf80000)
 ParOldGen       total 34304K, used 12689K [0x00000000c0c00000, 0x00000000c2d80000, 0x00000000eaf00000)
  object space 34304K, 36% used [0x00000000c0c00000,0x00000000c1864490,0x00000000c2d80000)
 Metaspace       used 20998K, capacity 21296K, committed 21552K, reserved 1069056K
  class space    used 2495K, capacity 2590K, committed 2608K, reserved 1048576K
}
Event: 61.368 GC heap before
{Heap before GC invocations=164 (full 2):
 PSYoungGen      total 25600K, used 23039K [0x00000000eaf00000, 0x00000000ecf80000, 0x0000000100000000)
  eden space 24064K, 95% used [0x00000000eaf00000,0x00000000ec57fde0,0x00000000ec680000)
  from space 1536K, 0% used [0x00000000ecd80000,0x00000000ecd80000,0x00000000ecf00000)
  to   space 512K, 0% used [0x00000000ecf00000,0x00000000ecf00000,0x00000000ecf80000)
 ParOldGen       total 34304K, used 12689K [0x00000000c0c00000, 0x00000000c2d80000, 0x00000000eaf00000)
  object space 34304K, 36% used [0x00000000c0c00000,0x00000000c1864490,0x00000000c2d80000)
 Metaspace       used 20998K, capacity 21296K, committed 21552K, reserved 1069056K
  class space    used 2495K, capacity 2590K, committed 2608K, reserved 1048576K
Event: 61.369 GC heap after
Heap after GC invocations=164 (full 2):
 PSYoungGen      total 24064K, used 64K [0x00000000eaf00000, 0x00000000ecf80000, 0x0000000100000000)
  eden space 23552K, 0% used [0x00000000eaf00000,0x00000000eaf00000,0x00000000ec600000)
  from space 512K, 12% used [0x00000000ecf00000,0x00000000ecf10000,0x00000000ecf80000)
  to   space 2048K, 0% used [0x00000000ecb80000,0x00000000ecb80000,0x00000000ecd80000)
 ParOldGen       total 34304K, used 18314K [0x00000000c0c00000, 0x00000000c2d80000, 0x00000000eaf00000)
  object space 34304K, 53% used [0x00000000c0c00000,0x00000000c1de28d0,0x00000000c2d80000)
 Metaspace       used 20998K, capacity 21296K, committed 21552K, reserved 1069056K
  class space    used 2495K, capacity 2590K, committed 2608K, reserved 1048576K
}
Event: 61.624 GC heap before
{Heap before GC invocations=165 (full 2):
 PSYoungGen      total 24064K, used 23070K [0x00000000eaf00000, 0x00000000ecf80000, 0x0000000100000000)
  eden space 23552K, 97% used [0x00000000eaf00000,0x00000000ec577ad0,0x00000000ec600000)
  from space 512K, 12% used [0x00000000ecf00000,0x00000000ecf10000,0x00000000ecf80000)
  to   space 2048K, 0% used [0x00000000ecb80000,0x00000000ecb80000,0x00000000ecd80000)
 ParOldGen       total 34304K, used 18314K [0x00000000c0c00000, 0x00000000c2d80000, 0x00000000eaf00000)
  object space 34304K, 53% used [0x00000000c0c00000,0x00000000c1de28d0,0x00000000c2d80000)
 Metaspace       used 20998K, capacity 21296K, committed 21552K, reserved 1069056K
  class space    used 2495K, capacity 2590K, committed 2608K, reserved 1048576K
Event: 61.625 GC heap after
Heap after GC invocations=165 (full 2):
 PSYoungGen      total 25088K, used 1470K [0x00000000eaf00000, 0x00000000ecf80000, 0x0000000100000000)
  eden space 23040K, 0% used [0x00000000eaf00000,0x00000000eaf00000,0x00000000ec580000)
  from space 2048K, 71% used [0x00000000ecb80000,0x00000000eccef910,0x00000000ecd80000)
  to   space 2048K, 0% used [0x00000000ecd80000,0x00000000ecd80000,0x00000000ecf80000)
 ParOldGen       total 34304K, used 19728K [0x00000000c0c00000, 0x00000000c2d80000, 0x00000000eaf00000)
  object space 34304K, 57% used [0x00000000c0c00000,0x00000000c1f441e0,0x00000000c2d80000)
 Metaspace       used 20998K, capacity 21296K, committed 21552K, reserved 1069056K
  class space    used 2495K, capacity 2590K, committed 2608K, reserved 1048576K
}
Event: 61.896 GC heap before
{Heap before GC invocations=166 (full 2):
 PSYoungGen      total 25088K, used 24448K [0x00000000eaf00000, 0x00000000ecf80000, 0x0000000100000000)
  eden space 23040K, 99% used [0x00000000eaf00000,0x00000000ec570750,0x00000000ec580000)
  from space 2048K, 71% used [0x00000000ecb80000,0x00000000eccef910,0x00000000ecd80000)
  to   space 2048K, 0% used [0x00000000ecd80000,0x00000000ecd80000,0x00000000ecf80000)
 ParOldGen       total 34304K, used 19728K [0x00000000c0c00000, 0x00000000c2d80000, 0x00000000eaf00000)
  object space 34304K, 57% used [0x00000000c0c00000,0x00000000c1f441e0,0x00000000c2d80000)
 Metaspace       used 20998K, capacity 21296K, committed 21552K, reserved 1069056K
  class space    used 2495K, capacity 2590K, committed 2608K, reserved 1048576K
Event: 61.897 GC heap after
Heap after GC invocations=166 (full 2):
 PSYoungGen      total 24064K, used 1470K [0x00000000eaf00000, 0x00000000ecf00000, 0x0000000100000000)
  eden space 22528K, 0% used [0x00000000eaf00000,0x00000000eaf00000,0x00000000ec500000)
  from space 1536K, 95% used [0x00000000ecd80000,0x00000000eceef910,0x00000000ecf00000)
  to   space 2048K, 0% used [0x00000000ecb00000,0x00000000ecb00000,0x00000000ecd00000)
 ParOldGen       total 34304K, used 21134K [0x00000000c0c00000, 0x00000000c2d80000, 0x00000000eaf00000)
  object space 34304K, 61% used [0x00000000c0c00000,0x00000000c20a3af0,0x00000000c2d80000)
 Metaspace       used 20998K, capacity 21296K, committed 21552K, reserved 1069056K
  class space    used 2495K, capacity 2590K, committed 2608K, reserved 1048576K
}
Event: 62.166 GC heap before
{Heap before GC invocations=167 (full 2):
 PSYoungGen      total 24064K, used 23368K [0x00000000eaf00000, 0x00000000ecf00000, 0x0000000100000000)
  eden space 22528K, 97% used [0x00000000eaf00000,0x00000000ec4628c8,0x00000000ec500000)
  from space 1536K, 95% used [0x00000000ecd80000,0x00000000eceef910,0x00000000ecf00000)
  to   space 2048K, 0% used [0x00000000ecb00000,0x00000000ecb00000,0x00000000ecd00000)
 ParOldGen       total 34304K, used 21134K [0x00000000c0c00000, 0x00000000c2d80000, 0x00000000eaf00000)
  object space 34304K, 61% used [0x00000000c0c00000,0x00000000c20a3af0,0x00000000c2d80000)
 Metaspace       used 21007K, capacity 21296K, committed 21552K, reserved 1069056K
  class space    used 2496K, capacity 2590K, committed 2608K, reserved 1048576K
Event: 62.168 GC heap after
Heap after GC invocations=167 (full 2):
 PSYoungGen      total 23552K, used 1502K [0x00000000eaf00000, 0x00000000ece00000, 0x0000000100000000)
  eden space 22016K, 0% used [0x00000000eaf00000,0x00000000eaf00000,0x00000000ec480000)
  from space 1536K, 97% used [0x00000000ecb00000,0x00000000ecc77910,0x00000000ecc80000)
  to   space 1536K, 0% used [0x00000000ecc80000,0x00000000ecc80000,0x00000000ece00000)
 ParOldGen       total 34304K, used 21142K [0x00000000c0c00000, 0x00000000c2d80000, 0x00000000eaf00000)
  object space 34304K, 61% used [0x00000000c0c00000,0x00000000c20a5af0,0x00000000c2d80000)
 Metaspace       used 21007K, capacity 21296K, committed 21552K, reserved 1069056K
  class space    used 2496K, capacity 2590K, committed 2608K, reserved 1048576K
}

