# JRE version: Java(TM) SE Runtime Environment (8.0_144-b01) (build 1.8.0_144-b01)
# Java VM: Java HotSpot(TM) 64-Bit Server VM (25.144-b01 mixed mode windows-amd64 compressed oops)
Heap:
 PSYoungGen      total 54784K, used 14298K [0x00000000eaf00000, 0x00000000ee980000, 0x0000000100000000)
  eden space 53248K, 24% used [0x00000000eaf00000,0x00000000ebb87218,0x00000000ee300000)
  from space 1536K, 95% used [0x00000000ee300000,0x00000000ee46f910,0x00000000ee480000)
  to   space 1536K, 0% used [0x00000000ee800000,0x00000000ee800000,0x00000000ee980000)
 ParOldGen       total 52224K, used 22175K [0x00000000c0c00000, 0x00000000c3f00000, 0x00000000eaf00000)
  object space 52224K, 42% used [0x00000000c0c00000,0x00000000c21a7eb8,0x00000000c3f00000)
 Metaspace       used 20259K, capacity 20568K, committed 20736K, reserved 1067008K
  class space    used 2411K, capacity 2496K, committed 2560K, reserved 1048576K
GC Heap History (10 events):
Event: 138.176 GC heap before
{Heap before GC invocations=448 (full 5):
 PSYoungGen      total 47616K, used 46053K [0x00000000eaf00000, 0x00000000edf00000, 0x0000000100000000)
  eden space 46080K, 99% used [0x00000000eaf00000,0x00000000edbf95e8,0x00000000edc00000)
  from space 1536K, 0% used [0x00000000edd80000,0x00000000edd80000,0x00000000edf00000)
  to   space 1536K, 0% used [0x00000000edc00000,0x00000000edc00000,0x00000000edd80000)
 ParOldGen       total 52224K, used 9519K [0x00000000c0c00000, 0x00000000c3f00000, 0x00000000eaf00000)
  object space 52224K, 18% used [0x00000000c0c00000,0x00000000c154bd28,0x00000000c3f00000)
 Metaspace       used 20257K, capacity 20568K, committed 20736K, reserved 1067008K
  class space    used 2410K, capacity 2496K, committed 2560K, reserved 1048576K
Event: 138.178 GC heap after
Heap after GC invocations=448 (full 5):
 PSYoungGen      total 47616K, used 1502K [0x00000000eaf00000, 0x00000000ee280000, 0x0000000100000000)
  eden space 46080K, 0% used [0x00000000eaf00000,0x00000000eaf00000,0x00000000edc00000)
  from space 1536K, 97% used [0x00000000edc00000,0x00000000edd77910,0x00000000edd80000)
  to   space 1536K, 0% used [0x00000000ee100000,0x00000000ee100000,0x00000000ee280000)
 ParOldGen       total 52224K, used 13738K [0x00000000c0c00000, 0x00000000c3f00000, 0x00000000eaf00000)
  object space 52224K, 26% used [0x00000000c0c00000,0x00000000c196a858,0x00000000c3f00000)
 Metaspace       used 20257K, capacity 20568K, committed 20736K, reserved 1067008K
  class space    used 2410K, capacity 2496K, committed 2560K, reserved 1048576K
}
Event: 138.719 GC heap before
{Heap before GC invocations=449 (full 5):
 PSYoungGen      total 47616K, used 47493K [0x00000000eaf00000, 0x00000000ee280000, 0x0000000100000000)
  eden space 46080K, 99% used [0x00000000eaf00000,0x00000000edbe9b08,0x00000000edc00000)
  from space 1536K, 97% used [0x00000000edc00000,0x00000000edd77910,0x00000000edd80000)
  to   space 1536K, 0% used [0x00000000ee100000,0x00000000ee100000,0x00000000ee280000)
 ParOldGen       total 52224K, used 13738K [0x00000000c0c00000, 0x00000000c3f00000, 0x00000000eaf00000)
  object space 52224K, 26% used [0x00000000c0c00000,0x00000000c196a858,0x00000000c3f00000)
 Metaspace       used 20257K, capacity 20568K, committed 20736K, reserved 1067008K
  class space    used 2410K, capacity 2496K, committed 2560K, reserved 1048576K
Event: 138.721 GC heap after
Heap after GC invocations=449 (full 5):
 PSYoungGen      total 51200K, used 1502K [0x00000000eaf00000, 0x00000000ee280000, 0x0000000100000000)
  eden space 49664K, 0% used [0x00000000eaf00000,0x00000000eaf00000,0x00000000edf80000)
  from space 1536K, 97% used [0x00000000ee100000,0x00000000ee277910,0x00000000ee280000)
  to   space 1536K, 0% used [0x00000000edf80000,0x00000000edf80000,0x00000000ee100000)
 ParOldGen       total 52224K, used 16550K [0x00000000c0c00000, 0x00000000c3f00000, 0x00000000eaf00000)
  object space 52224K, 31% used [0x00000000c0c00000,0x00000000c1c29a78,0x00000000c3f00000)
 Metaspace       used 20257K, capacity 20568K, committed 20736K, reserved 1067008K
  class space    used 2410K, capacity 2496K, committed 2560K, reserved 1048576K
}
Event: 139.280 GC heap before
{Heap before GC invocations=450 (full 5):
 PSYoungGen      total 51200K, used 50393K [0x00000000eaf00000, 0x00000000ee280000, 0x0000000100000000)
  eden space 49664K, 98% used [0x00000000eaf00000,0x00000000edebec48,0x00000000edf80000)
  from space 1536K, 97% used [0x00000000ee100000,0x00000000ee277910,0x00000000ee280000)
  to   space 1536K, 0% used [0x00000000edf80000,0x00000000edf80000,0x00000000ee100000)
 ParOldGen       total 52224K, used 16550K [0x00000000c0c00000, 0x00000000c3f00000, 0x00000000eaf00000)
  object space 52224K, 31% used [0x00000000c0c00000,0x00000000c1c29a78,0x00000000c3f00000)
 Metaspace       used 20257K, capacity 20568K, committed 20736K, reserved 1067008K
  class space    used 2410K, capacity 2496K, committed 2560K, reserved 1048576K
Event: 139.281 GC heap after
Heap after GC invocations=450 (full 5):
 PSYoungGen      total 51200K, used 1502K [0x00000000eaf00000, 0x00000000ee600000, 0x0000000100000000)
  eden space 49664K, 0% used [0x00000000eaf00000,0x00000000eaf00000,0x00000000edf80000)
  from space 1536K, 97% used [0x00000000edf80000,0x00000000ee0f7910,0x00000000ee100000)
  to   space 1536K, 0% used [0x00000000ee480000,0x00000000ee480000,0x00000000ee600000)
 ParOldGen       total 52224K, used 19363K [0x00000000c0c00000, 0x00000000c3f00000, 0x00000000eaf00000)
  object space 52224K, 37% used [0x00000000c0c00000,0x00000000c1ee8c98,0x00000000c3f00000)
 Metaspace       used 20257K, capacity 20568K, committed 20736K, reserved 1067008K
  class space    used 2410K, capacity 2496K, committed 2560K, reserved 1048576K
}
Event: 139.840 GC heap before
{Heap before GC invocations=451 (full 5):
 PSYoungGen      total 51200K, used 50339K [0x00000000eaf00000, 0x00000000ee600000, 0x0000000100000000)
  eden space 49664K, 98% used [0x00000000eaf00000,0x00000000edeb1468,0x00000000edf80000)
  from space 1536K, 97% used [0x00000000edf80000,0x00000000ee0f7910,0x00000000ee100000)
  to   space 1536K, 0% used [0x00000000ee480000,0x00000000ee480000,0x00000000ee600000)
 ParOldGen       total 52224K, used 19363K [0x00000000c0c00000, 0x00000000c3f00000, 0x00000000eaf00000)
  object space 52224K, 37% used [0x00000000c0c00000,0x00000000c1ee8c98,0x00000000c3f00000)
 Metaspace       used 20257K, capacity 20568K, committed 20736K, reserved 1067008K
  class space    used 2410K, capacity 2496K, committed 2560K, reserved 1048576K
Event: 139.841 GC heap after
Heap after GC invocations=451 (full 5):
 PSYoungGen      total 54784K, used 1502K [0x00000000eaf00000, 0x00000000ee600000, 0x0000000100000000)
  eden space 53248K, 0% used [0x00000000eaf00000,0x00000000eaf00000,0x00000000ee300000)
  from space 1536K, 97% used [0x00000000ee480000,0x00000000ee5f7910,0x00000000ee600000)
  to   space 1536K, 0% used [0x00000000ee300000,0x00000000ee300000,0x00000000ee480000)
 ParOldGen       total 52224K, used 22175K [0x00000000c0c00000, 0x00000000c3f00000, 0x00000000eaf00000)
  object space 52224K, 42% used [0x00000000c0c00000,0x00000000c21a7eb8,0x00000000c3f00000)
 Metaspace       used 20257K, capacity 20568K, committed 20736K, reserved 1067008K
  class space    used 2410K, capacity 2496K, committed 2560K, reserved 1048576K
}
Event: 140.473 GC heap before
{Heap before GC invocations=452 (full 5):
 PSYoungGen      total 54784K, used 54750K [0x00000000eaf00000, 0x00000000ee600000, 0x0000000100000000)
  eden space 53248K, 100% used [0x00000000eaf00000,0x00000000ee300000,0x00000000ee300000)
  from space 1536K, 97% used [0x00000000ee480000,0x00000000ee5f7910,0x00000000ee600000)
  to   space 1536K, 0% used [0x00000000ee300000,0x00000000ee300000,0x00000000ee480000)
 ParOldGen       total 52224K, used 22175K [0x00000000c0c00000, 0x00000000c3f00000, 0x00000000eaf00000)
  object space 52224K, 42% used [0x00000000c0c00000,0x00000000c21a7eb8,0x00000000c3f00000)
 Metaspace       used 20258K, capacity 20568K, committed 20736K, reserved 1067008K
  class space    used 2410K, capacity 2496K, committed 2560K, reserved 1048576K
Event: 140.475 GC heap after
Heap after GC invocations=452 (full 5):
 PSYoungGen      total 54784K, used 1470K [0x00000000eaf00000, 0x00000000ee980000, 0x0000000100000000)
  eden space 53248K, 0% used [0x00000000eaf00000,0x00000000eaf00000,0x00000000ee300000)
  from space 1536K, 95% used [0x00000000ee300000,0x00000000ee46f910,0x00000000ee480000)
  to   space 1536K, 0% used [0x00000000ee800000,0x00000000ee800000,0x00000000ee980000)
 ParOldGen       total 52224K, used 22175K [0x00000000c0c00000, 0x00000000c3f00000, 0x00000000eaf00000)
  object space 52224K, 42% used [0x00000000c0c00000,0x00000000c21a7eb8,0x00000000c3f00000)
 Metaspace       used 20258K, capacity 20568K, committed 20736K, reserved 1067008K
  class space    used 2410K, capacity 2496K, committed 2560K, reserved 1048576K
}

