# JRE version: Java(TM) SE Runtime Environment (8.0_144-b01) (build 1.8.0_144-b01)
# Java VM: Java HotSpot(TM) 64-Bit Server VM (25.144-b01 mixed mode windows-amd64 compressed oops)
Heap:
 PSYoungGen      total 341504K, used 61466K [0x00000000eaf00000, 0x0000000100000000, 0x0000000100000000)
  eden space 338944K, 18% used [0x00000000eaf00000,0x00000000eeb06878,0x00000000ffa00000)
  from space 2560K, 0% used [0x00000000ffa00000,0x00000000ffa00000,0x00000000ffc80000)
  to   space 2560K, 0% used [0x00000000ffd80000,0x00000000ffd80000,0x0000000100000000)
 ParOldGen       total 136192K, used 15164K [0x00000000c0c00000, 0x00000000c9100000, 0x00000000eaf00000)
  object space 136192K, 11% used [0x00000000c0c00000,0x00000000c1acf110,0x00000000c9100000)
 Metaspace       used 17109K, capacity 17404K, committed 17664K, reserved 1064960K
  class space    used 1973K, capacity 2044K, committed 2048K, reserved 1048576K
GC Heap History (10 events):
Event: 11.525 GC heap before
{Heap before GC invocations=23 (full 5):
 PSYoungGen      total 342016K, used 335816K [0x00000000eaf00000, 0x0000000100000000, 0x0000000100000000)
  eden space 338944K, 98% used [0x00000000eaf00000,0x00000000ff606de0,0x00000000ffa00000)
  from space 3072K, 30% used [0x00000000ffa00000,0x00000000ffaeb300,0x00000000ffd00000)
  to   space 3072K, 0% used [0x00000000ffd00000,0x00000000ffd00000,0x0000000100000000)
 ParOldGen       total 88576K, used 62504K [0x00000000c0c00000, 0x00000000c6280000, 0x00000000eaf00000)
  object space 88576K, 70% used [0x00000000c0c00000,0x00000000c490a1f8,0x00000000c6280000)
 Metaspace       used 16902K, capacity 17144K, committed 17408K, reserved 1064960K
  class space    used 1972K, capacity 2044K, committed 2048K, reserved 1048576K
Event: 11.537 GC heap after
Heap after GC invocations=23 (full 5):
 PSYoungGen      total 340992K, used 940K [0x00000000eaf00000, 0x00000000fff00000, 0x0000000100000000)
  eden space 338944K, 0% used [0x00000000eaf00000,0x00000000eaf00000,0x00000000ffa00000)
  from space 2048K, 45% used [0x00000000ffd00000,0x00000000ffdeb300,0x00000000fff00000)
  to   space 2560K, 0% used [0x00000000ffa00000,0x00000000ffa00000,0x00000000ffc80000)
 ParOldGen       total 88576K, used 74654K [0x00000000c0c00000, 0x00000000c6280000, 0x00000000eaf00000)
  object space 88576K, 84% used [0x00000000c0c00000,0x00000000c54e7a18,0x00000000c6280000)
 Metaspace       used 16902K, capacity 17144K, committed 17408K, reserved 1064960K
  class space    used 1972K, capacity 2044K, committed 2048K, reserved 1048576K
}
Event: 11.537 GC heap before
{Heap before GC invocations=24 (full 6):
 PSYoungGen      total 340992K, used 940K [0x00000000eaf00000, 0x00000000fff00000, 0x0000000100000000)
  eden space 338944K, 0% used [0x00000000eaf00000,0x00000000eaf00000,0x00000000ffa00000)
  from space 2048K, 45% used [0x00000000ffd00000,0x00000000ffdeb300,0x00000000fff00000)
  to   space 2560K, 0% used [0x00000000ffa00000,0x00000000ffa00000,0x00000000ffc80000)
 ParOldGen       total 88576K, used 74654K [0x00000000c0c00000, 0x00000000c6280000, 0x00000000eaf00000)
  object space 88576K, 84% used [0x00000000c0c00000,0x00000000c54e7a18,0x00000000c6280000)
 Metaspace       used 16902K, capacity 17144K, committed 17408K, reserved 1064960K
  class space    used 1972K, capacity 2044K, committed 2048K, reserved 1048576K
Event: 11.577 GC heap after
Heap after GC invocations=24 (full 6):
 PSYoungGen      total 340992K, used 0K [0x00000000eaf00000, 0x00000000fff00000, 0x0000000100000000)
  eden space 338944K, 0% used [0x00000000eaf00000,0x00000000eaf00000,0x00000000ffa00000)
  from space 2048K, 0% used [0x00000000ffd00000,0x00000000ffd00000,0x00000000fff00000)
  to   space 2560K, 0% used [0x00000000ffa00000,0x00000000ffa00000,0x00000000ffc80000)
 ParOldGen       total 114688K, used 27190K [0x00000000c0c00000, 0x00000000c7c00000, 0x00000000eaf00000)
  object space 114688K, 23% used [0x00000000c0c00000,0x00000000c268db98,0x00000000c7c00000)
 Metaspace       used 16902K, capacity 17144K, committed 17408K, reserved 1064960K
  class space    used 1972K, capacity 2044K, committed 2048K, reserved 1048576K
}
Event: 13.553 GC heap before
{Heap before GC invocations=25 (full 7):
 PSYoungGen      total 340992K, used 336029K [0x00000000eaf00000, 0x00000000fff00000, 0x0000000100000000)
  eden space 338944K, 99% used [0x00000000eaf00000,0x00000000ff727588,0x00000000ffa00000)
  from space 2048K, 0% used [0x00000000ffd00000,0x00000000ffd00000,0x00000000fff00000)
  to   space 2560K, 0% used [0x00000000ffa00000,0x00000000ffa00000,0x00000000ffc80000)
 ParOldGen       total 409600K, used 409466K [0x00000000c0c00000, 0x00000000d9c00000, 0x00000000eaf00000)
  object space 409600K, 99% used [0x00000000c0c00000,0x00000000d9bdeb88,0x00000000d9c00000)
 Metaspace       used 17034K, capacity 17340K, committed 17664K, reserved 1064960K
  class space    used 1972K, capacity 2044K, committed 2048K, reserved 1048576K
Event: 13.634 GC heap after
Heap after GC invocations=25 (full 7):
 PSYoungGen      total 340992K, used 0K [0x00000000eaf00000, 0x00000000fff00000, 0x0000000100000000)
  eden space 338944K, 0% used [0x00000000eaf00000,0x00000000eaf00000,0x00000000ffa00000)
  from space 2048K, 0% used [0x00000000ffd00000,0x00000000ffd00000,0x00000000fff00000)
  to   space 2560K, 0% used [0x00000000ffa00000,0x00000000ffa00000,0x00000000ffc80000)
 ParOldGen       total 122368K, used 20826K [0x00000000c0c00000, 0x00000000c8380000, 0x00000000eaf00000)
  object space 122368K, 17% used [0x00000000c0c00000,0x00000000c2056990,0x00000000c8380000)
 Metaspace       used 17034K, capacity 17340K, committed 17664K, reserved 1064960K
  class space    used 1972K, capacity 2044K, committed 2048K, reserved 1048576K
}
Event: 14.590 GC heap before
{Heap before GC invocations=26 (full 7):
 PSYoungGen      total 340992K, used 336095K [0x00000000eaf00000, 0x00000000fff00000, 0x0000000100000000)
  eden space 338944K, 99% used [0x00000000eaf00000,0x00000000ff737f78,0x00000000ffa00000)
  from space 2048K, 0% used [0x00000000ffd00000,0x00000000ffd00000,0x00000000fff00000)
  to   space 2560K, 0% used [0x00000000ffa00000,0x00000000ffa00000,0x00000000ffc80000)
 ParOldGen       total 122368K, used 26901K [0x00000000c0c00000, 0x00000000c8380000, 0x00000000eaf00000)
  object space 122368K, 21% used [0x00000000c0c00000,0x00000000c26455a0,0x00000000c8380000)
 Metaspace       used 17087K, capacity 17404K, committed 17664K, reserved 1064960K
  class space    used 1972K, capacity 2044K, committed 2048K, reserved 1048576K
Event: 14.606 GC heap after
Heap after GC invocations=26 (full 7):
 PSYoungGen      total 341504K, used 96K [0x00000000eaf00000, 0x0000000100000000, 0x0000000100000000)
  eden space 338944K, 0% used [0x00000000eaf00000,0x00000000eaf00000,0x00000000ffa00000)
  from space 2560K, 3% used [0x00000000ffa00000,0x00000000ffa18000,0x00000000ffc80000)
  to   space 2560K, 0% used [0x00000000ffd80000,0x00000000ffd80000,0x0000000100000000)
 ParOldGen       total 122368K, used 44234K [0x00000000c0c00000, 0x00000000c8380000, 0x00000000eaf00000)
  object space 122368K, 36% used [0x00000000c0c00000,0x00000000c37329d0,0x00000000c8380000)
 Metaspace       used 17087K, capacity 17404K, committed 17664K, reserved 1064960K
  class space    used 1972K, capacity 2044K, committed 2048K, reserved 1048576K
}
Event: 16.382 GC heap before
{Heap before GC invocations=27 (full 8):
 PSYoungGen      total 341504K, used 339040K [0x00000000eaf00000, 0x0000000100000000, 0x0000000100000000)
  eden space 338944K, 100% used [0x00000000eaf00000,0x00000000ffa00000,0x00000000ffa00000)
  from space 2560K, 3% used [0x00000000ffa00000,0x00000000ffa18000,0x00000000ffc80000)
  to   space 2560K, 0% used [0x00000000ffd80000,0x00000000ffd80000,0x0000000100000000)
 ParOldGen       total 361984K, used 360135K [0x00000000c0c00000, 0x00000000d6d80000, 0x00000000eaf00000)
  object space 361984K, 99% used [0x00000000c0c00000,0x00000000d6bb1ef0,0x00000000d6d80000)
 Metaspace       used 17109K, capacity 17404K, committed 17664K, reserved 1064960K
  class space    used 1973K, capacity 2044K, committed 2048K, reserved 1048576K
Event: 16.468 GC heap after
Heap after GC invocations=27 (full 8):
 PSYoungGen      total 341504K, used 0K [0x00000000eaf00000, 0x0000000100000000, 0x0000000100000000)
  eden space 338944K, 0% used [0x00000000eaf00000,0x00000000eaf00000,0x00000000ffa00000)
  from space 2560K, 0% used [0x00000000ffa00000,0x00000000ffa00000,0x00000000ffc80000)
  to   space 2560K, 0% used [0x00000000ffd80000,0x00000000ffd80000,0x0000000100000000)
 ParOldGen       total 136192K, used 15164K [0x00000000c0c00000, 0x00000000c9100000, 0x00000000eaf00000)
  object space 136192K, 11% used [0x00000000c0c00000,0x00000000c1acf110,0x00000000c9100000)
 Metaspace       used 17109K, capacity 17404K, committed 17664K, reserved 1064960K
  class space    used 1973K, capacity 2044K, committed 2048K, reserved 1048576K
}

