# JRE version: Java(TM) SE Runtime Environment (8.0_144-b01) (build 1.8.0_144-b01)
# Java VM: Java HotSpot(TM) 64-Bit Server VM (25.144-b01 mixed mode windows-amd64 compressed oops)
Heap:
 PSYoungGen      total 66560K, used 34516K [0x00000000eaf00000, 0x00000000ef980000, 0x0000000100000000)
  eden space 60928K, 51% used [0x00000000eaf00000,0x00000000ecde5f08,0x00000000eea80000)
  from space 5632K, 51% used [0x00000000ef400000,0x00000000ef6cf220,0x00000000ef980000)
  to   space 7680K, 0% used [0x00000000eea80000,0x00000000eea80000,0x00000000ef200000)
 ParOldGen       total 44032K, used 13802K [0x00000000c0c00000, 0x00000000c3700000, 0x00000000eaf00000)
  object space 44032K, 31% used [0x00000000c0c00000,0x00000000c197aa48,0x00000000c3700000)
 Metaspace       used 20037K, capacity 20382K, committed 20480K, reserved 1067008K
  class space    used 2422K, capacity 2523K, committed 2560K, reserved 1048576K
GC Heap History (10 events):
Event: 8.680 GC heap before
{Heap before GC invocations=6 (full 0):
 PSYoungGen      total 18944K, used 18372K [0x00000000eaf00000, 0x00000000edf00000, 0x0000000100000000)
  eden space 16384K, 96% used [0x00000000eaf00000,0x00000000ebe73a68,0x00000000ebf00000)
  from space 2560K, 99% used [0x00000000ebf00000,0x00000000ec17d920,0x00000000ec180000)
  to   space 8192K, 0% used [0x00000000ed700000,0x00000000ed700000,0x00000000edf00000)
 ParOldGen       total 44032K, used 12634K [0x00000000c0c00000, 0x00000000c3700000, 0x00000000eaf00000)
  object space 44032K, 28% used [0x00000000c0c00000,0x00000000c18569f8,0x00000000c3700000)
 Metaspace       used 19928K, capacity 20246K, committed 20480K, reserved 1067008K
  class space    used 2421K, capacity 2523K, committed 2560K, reserved 1048576K
Event: 8.683 GC heap after
Heap after GC invocations=6 (full 0):
 PSYoungGen      total 39936K, used 3956K [0x00000000eaf00000, 0x00000000ede00000, 0x0000000100000000)
  eden space 32768K, 0% used [0x00000000eaf00000,0x00000000eaf00000,0x00000000ecf00000)
  from space 7168K, 55% used [0x00000000ed700000,0x00000000edadd230,0x00000000ede00000)
  to   space 7680K, 0% used [0x00000000ecf00000,0x00000000ecf00000,0x00000000ed680000)
 ParOldGen       total 44032K, used 12634K [0x00000000c0c00000, 0x00000000c3700000, 0x00000000eaf00000)
  object space 44032K, 28% used [0x00000000c0c00000,0x00000000c18569f8,0x00000000c3700000)
 Metaspace       used 19928K, capacity 20246K, committed 20480K, reserved 1067008K
  class space    used 2421K, capacity 2523K, committed 2560K, reserved 1048576K
}
Event: 9.048 GC heap before
{Heap before GC invocations=7 (full 0):
 PSYoungGen      total 39936K, used 35670K [0x00000000eaf00000, 0x00000000ede00000, 0x0000000100000000)
  eden space 32768K, 96% used [0x00000000eaf00000,0x00000000ecdf86b8,0x00000000ecf00000)
  from space 7168K, 55% used [0x00000000ed700000,0x00000000edadd230,0x00000000ede00000)
  to   space 7680K, 0% used [0x00000000ecf00000,0x00000000ecf00000,0x00000000ed680000)
 ParOldGen       total 44032K, used 12634K [0x00000000c0c00000, 0x00000000c3700000, 0x00000000eaf00000)
  object space 44032K, 28% used [0x00000000c0c00000,0x00000000c18569f8,0x00000000c3700000)
 Metaspace       used 19958K, capacity 20310K, committed 20480K, reserved 1067008K
  class space    used 2421K, capacity 2523K, committed 2560K, reserved 1048576K
Event: 9.052 GC heap after
Heap after GC invocations=7 (full 0):
 PSYoungGen      total 40448K, used 2940K [0x00000000eaf00000, 0x00000000efe00000, 0x0000000100000000)
  eden space 32768K, 0% used [0x00000000eaf00000,0x00000000eaf00000,0x00000000ecf00000)
  from space 7680K, 38% used [0x00000000ecf00000,0x00000000ed1df220,0x00000000ed680000)
  to   space 7680K, 0% used [0x00000000ef680000,0x00000000ef680000,0x00000000efe00000)
 ParOldGen       total 44032K, used 13674K [0x00000000c0c00000, 0x00000000c3700000, 0x00000000eaf00000)
  object space 44032K, 31% used [0x00000000c0c00000,0x00000000c195aa48,0x00000000c3700000)
 Metaspace       used 19958K, capacity 20310K, committed 20480K, reserved 1067008K
  class space    used 2421K, capacity 2523K, committed 2560K, reserved 1048576K
}
Event: 9.416 GC heap before
{Heap before GC invocations=8 (full 0):
 PSYoungGen      total 40448K, used 34768K [0x00000000eaf00000, 0x00000000efe00000, 0x0000000100000000)
  eden space 32768K, 97% used [0x00000000eaf00000,0x00000000ece14f08,0x00000000ecf00000)
  from space 7680K, 38% used [0x00000000ecf00000,0x00000000ed1df220,0x00000000ed680000)
  to   space 7680K, 0% used [0x00000000ef680000,0x00000000ef680000,0x00000000efe00000)
 ParOldGen       total 44032K, used 13674K [0x00000000c0c00000, 0x00000000c3700000, 0x00000000eaf00000)
  object space 44032K, 31% used [0x00000000c0c00000,0x00000000c195aa48,0x00000000c3700000)
 Metaspace       used 19965K, capacity 20310K, committed 20480K, reserved 1067008K
  class space    used 2421K, capacity 2523K, committed 2560K, reserved 1048576K
Event: 9.418 GC heap after
Heap after GC invocations=8 (full 0):
 PSYoungGen      total 73216K, used 2908K [0x00000000eaf00000, 0x00000000efe00000, 0x0000000100000000)
  eden space 65536K, 0% used [0x00000000eaf00000,0x00000000eaf00000,0x00000000eef00000)
  from space 7680K, 37% used [0x00000000ef680000,0x00000000ef957220,0x00000000efe00000)
  to   space 7680K, 0% used [0x00000000eef00000,0x00000000eef00000,0x00000000ef680000)
 ParOldGen       total 44032K, used 13778K [0x00000000c0c00000, 0x00000000c3700000, 0x00000000eaf00000)
  object space 44032K, 31% used [0x00000000c0c00000,0x00000000c1974a48,0x00000000c3700000)
 Metaspace       used 19965K, capacity 20310K, committed 20480K, reserved 1067008K
  class space    used 2421K, capacity 2523K, committed 2560K, reserved 1048576K
}
Event: 10.183 GC heap before
{Heap before GC invocations=9 (full 0):
 PSYoungGen      total 73216K, used 67969K [0x00000000eaf00000, 0x00000000efe00000, 0x0000000100000000)
  eden space 65536K, 99% used [0x00000000eaf00000,0x00000000eee895a0,0x00000000eef00000)
  from space 7680K, 37% used [0x00000000ef680000,0x00000000ef957220,0x00000000efe00000)
  to   space 7680K, 0% used [0x00000000eef00000,0x00000000eef00000,0x00000000ef680000)
 ParOldGen       total 44032K, used 13778K [0x00000000c0c00000, 0x00000000c3700000, 0x00000000eaf00000)
  object space 44032K, 31% used [0x00000000c0c00000,0x00000000c1974a48,0x00000000c3700000)
 Metaspace       used 19996K, capacity 20310K, committed 20480K, reserved 1067008K
  class space    used 2421K, capacity 2523K, committed 2560K, reserved 1048576K
Event: 10.185 GC heap after
Heap after GC invocations=9 (full 0):
 PSYoungGen      total 66048K, used 2908K [0x00000000eaf00000, 0x00000000efb80000, 0x0000000100000000)
  eden space 62976K, 0% used [0x00000000eaf00000,0x00000000eaf00000,0x00000000eec80000)
  from space 3072K, 94% used [0x00000000eef00000,0x00000000ef1d7220,0x00000000ef200000)
  to   space 7680K, 0% used [0x00000000ef400000,0x00000000ef400000,0x00000000efb80000)
 ParOldGen       total 44032K, used 13786K [0x00000000c0c00000, 0x00000000c3700000, 0x00000000eaf00000)
  object space 44032K, 31% used [0x00000000c0c00000,0x00000000c1976a48,0x00000000c3700000)
 Metaspace       used 19996K, capacity 20310K, committed 20480K, reserved 1067008K
  class space    used 2421K, capacity 2523K, committed 2560K, reserved 1048576K
}
Event: 10.910 GC heap before
{Heap before GC invocations=10 (full 0):
 PSYoungGen      total 66048K, used 64838K [0x00000000eaf00000, 0x00000000efb80000, 0x0000000100000000)
  eden space 62976K, 98% used [0x00000000eaf00000,0x00000000eeb7a6b8,0x00000000eec80000)
  from space 3072K, 94% used [0x00000000eef00000,0x00000000ef1d7220,0x00000000ef200000)
  to   space 7680K, 0% used [0x00000000ef400000,0x00000000ef400000,0x00000000efb80000)
 ParOldGen       total 44032K, used 13786K [0x00000000c0c00000, 0x00000000c3700000, 0x00000000eaf00000)
  object space 44032K, 31% used [0x00000000c0c00000,0x00000000c1976a48,0x00000000c3700000)
 Metaspace       used 20012K, capacity 20310K, committed 20480K, reserved 1067008K
  class space    used 2421K, capacity 2523K, committed 2560K, reserved 1048576K
Event: 10.912 GC heap after
Heap after GC invocations=10 (full 0):
 PSYoungGen      total 66560K, used 2876K [0x00000000eaf00000, 0x00000000ef980000, 0x0000000100000000)
  eden space 60928K, 0% used [0x00000000eaf00000,0x00000000eaf00000,0x00000000eea80000)
  from space 5632K, 51% used [0x00000000ef400000,0x00000000ef6cf220,0x00000000ef980000)
  to   space 7680K, 0% used [0x00000000eea80000,0x00000000eea80000,0x00000000ef200000)
 ParOldGen       total 44032K, used 13802K [0x00000000c0c00000, 0x00000000c3700000, 0x00000000eaf00000)
  object space 44032K, 31% used [0x00000000c0c00000,0x00000000c197aa48,0x00000000c3700000)
 Metaspace       used 20012K, capacity 20310K, committed 20480K, reserved 1067008K
  class space    used 2421K, capacity 2523K, committed 2560K, reserved 1048576K
}

