# JRE version: Java(TM) SE Runtime Environment (8.0_144-b01) (build 1.8.0_144-b01)
# Java VM: Java HotSpot(TM) 64-Bit Server VM (25.144-b01 mixed mode windows-amd64 compressed oops)
Heap:
 PSYoungGen      total 261632K, used 35481K [0x00000000eaf00000, 0x00000000fb480000, 0x0000000100000000)
  eden space 258560K, 13% used [0x00000000eaf00000,0x00000000ed196408,0x00000000fab80000)
  from space 3072K, 2% used [0x00000000fb180000,0x00000000fb190000,0x00000000fb480000)
  to   space 4608K, 0% used [0x00000000fab80000,0x00000000fab80000,0x00000000fb000000)
 ParOldGen       total 145920K, used 59436K [0x00000000c0c00000, 0x00000000c9a80000, 0x00000000eaf00000)
  object space 145920K, 40% used [0x00000000c0c00000,0x00000000c460b1d8,0x00000000c9a80000)
 Metaspace       used 18009K, capacity 18314K, committed 18560K, reserved 1064960K
  class space    used 2076K, capacity 2173K, committed 2176K, reserved 1048576K
GC Heap History (10 events):
Event: 16.591 GC heap before
{Heap before GC invocations=37 (full 7):
 PSYoungGen      total 225792K, used 219648K [0x00000000eaf00000, 0x00000000f9e00000, 0x0000000100000000)
  eden space 221184K, 98% used [0x00000000eaf00000,0x00000000f82f1930,0x00000000f8700000)
  from space 4608K, 56% used [0x00000000f8700000,0x00000000f898e6f8,0x00000000f8b80000)
  to   space 5120K, 0% used [0x00000000f9900000,0x00000000f9900000,0x00000000f9e00000)
 ParOldGen       total 125952K, used 100098K [0x00000000c0c00000, 0x00000000c8700000, 0x00000000eaf00000)
  object space 125952K, 79% used [0x00000000c0c00000,0x00000000c6dc0bf0,0x00000000c8700000)
 Metaspace       used 17924K, capacity 18246K, committed 18560K, reserved 1064960K
  class space    used 2068K, capacity 2173K, committed 2176K, reserved 1048576K
Event: 16.595 GC heap after
Heap after GC invocations=37 (full 7):
 PSYoungGen      total 236544K, used 2617K [0x00000000eaf00000, 0x00000000f9c80000, 0x0000000100000000)
  eden space 232960K, 0% used [0x00000000eaf00000,0x00000000eaf00000,0x00000000f9280000)
  from space 3584K, 73% used [0x00000000f9900000,0x00000000f9b8e6f8,0x00000000f9c80000)
  to   space 5120K, 0% used [0x00000000f9280000,0x00000000f9280000,0x00000000f9780000)
 ParOldGen       total 125952K, used 106174K [0x00000000c0c00000, 0x00000000c8700000, 0x00000000eaf00000)
  object space 125952K, 84% used [0x00000000c0c00000,0x00000000c73af800,0x00000000c8700000)
 Metaspace       used 17924K, capacity 18246K, committed 18560K, reserved 1064960K
  class space    used 2068K, capacity 2173K, committed 2176K, reserved 1048576K
}
Event: 16.596 GC heap before
{Heap before GC invocations=38 (full 8):
 PSYoungGen      total 236544K, used 2617K [0x00000000eaf00000, 0x00000000f9c80000, 0x0000000100000000)
  eden space 232960K, 0% used [0x00000000eaf00000,0x00000000eaf00000,0x00000000f9280000)
  from space 3584K, 73% used [0x00000000f9900000,0x00000000f9b8e6f8,0x00000000f9c80000)
  to   space 5120K, 0% used [0x00000000f9280000,0x00000000f9280000,0x00000000f9780000)
 ParOldGen       total 125952K, used 106174K [0x00000000c0c00000, 0x00000000c8700000, 0x00000000eaf00000)
  object space 125952K, 84% used [0x00000000c0c00000,0x00000000c73af800,0x00000000c8700000)
 Metaspace       used 17924K, capacity 18246K, committed 18560K, reserved 1064960K
  class space    used 2068K, capacity 2173K, committed 2176K, reserved 1048576K
Event: 16.627 GC heap after
Heap after GC invocations=38 (full 8):
 PSYoungGen      total 236544K, used 0K [0x00000000eaf00000, 0x00000000f9c80000, 0x0000000100000000)
  eden space 232960K, 0% used [0x00000000eaf00000,0x00000000eaf00000,0x00000000f9280000)
  from space 3584K, 0% used [0x00000000f9900000,0x00000000f9900000,0x00000000f9c80000)
  to   space 5120K, 0% used [0x00000000f9280000,0x00000000f9280000,0x00000000f9780000)
 ParOldGen       total 145920K, used 16887K [0x00000000c0c00000, 0x00000000c9a80000, 0x00000000eaf00000)
  object space 145920K, 11% used [0x00000000c0c00000,0x00000000c1c7dd68,0x00000000c9a80000)
 Metaspace       used 17924K, capacity 18246K, committed 18560K, reserved 1064960K
  class space    used 2068K, capacity 2173K, committed 2176K, reserved 1048576K
}
Event: 17.232 GC heap before
{Heap before GC invocations=39 (full 8):
 PSYoungGen      total 236544K, used 229406K [0x00000000eaf00000, 0x00000000f9c80000, 0x0000000100000000)
  eden space 232960K, 98% used [0x00000000eaf00000,0x00000000f8f07ad0,0x00000000f9280000)
  from space 3584K, 0% used [0x00000000f9900000,0x00000000f9900000,0x00000000f9c80000)
  to   space 5120K, 0% used [0x00000000f9280000,0x00000000f9280000,0x00000000f9780000)
 ParOldGen       total 145920K, used 16887K [0x00000000c0c00000, 0x00000000c9a80000, 0x00000000eaf00000)
  object space 145920K, 11% used [0x00000000c0c00000,0x00000000c1c7dd68,0x00000000c9a80000)
 Metaspace       used 17924K, capacity 18246K, committed 18560K, reserved 1064960K
  class space    used 2068K, capacity 2173K, committed 2176K, reserved 1048576K
Event: 17.247 GC heap after
Heap after GC invocations=39 (full 8):
 PSYoungGen      total 238080K, used 96K [0x00000000eaf00000, 0x00000000fad80000, 0x0000000100000000)
  eden space 232960K, 0% used [0x00000000eaf00000,0x00000000eaf00000,0x00000000f9280000)
  from space 5120K, 1% used [0x00000000f9280000,0x00000000f9298000,0x00000000f9780000)
  to   space 5120K, 0% used [0x00000000fa880000,0x00000000fa880000,0x00000000fad80000)
 ParOldGen       total 145920K, used 29037K [0x00000000c0c00000, 0x00000000c9a80000, 0x00000000eaf00000)
  object space 145920K, 19% used [0x00000000c0c00000,0x00000000c285b588,0x00000000c9a80000)
 Metaspace       used 17924K, capacity 18246K, committed 18560K, reserved 1064960K
  class space    used 2068K, capacity 2173K, committed 2176K, reserved 1048576K
}
Event: 17.863 GC heap before
{Heap before GC invocations=40 (full 8):
 PSYoungGen      total 238080K, used 230753K [0x00000000eaf00000, 0x00000000fad80000, 0x0000000100000000)
  eden space 232960K, 99% used [0x00000000eaf00000,0x00000000f9040470,0x00000000f9280000)
  from space 5120K, 1% used [0x00000000f9280000,0x00000000f9298000,0x00000000f9780000)
  to   space 5120K, 0% used [0x00000000fa880000,0x00000000fa880000,0x00000000fad80000)
 ParOldGen       total 145920K, used 29037K [0x00000000c0c00000, 0x00000000c9a80000, 0x00000000eaf00000)
  object space 145920K, 19% used [0x00000000c0c00000,0x00000000c285b588,0x00000000c9a80000)
 Metaspace       used 17981K, capacity 18250K, committed 18560K, reserved 1064960K
  class space    used 2074K, capacity 2173K, committed 2176K, reserved 1048576K
Event: 17.866 GC heap after
Heap after GC invocations=40 (full 8):
 PSYoungGen      total 250368K, used 96K [0x00000000eaf00000, 0x00000000fab00000, 0x0000000100000000)
  eden space 247808K, 0% used [0x00000000eaf00000,0x00000000eaf00000,0x00000000fa100000)
  from space 2560K, 3% used [0x00000000fa880000,0x00000000fa898000,0x00000000fab00000)
  to   space 5120K, 0% used [0x00000000fa100000,0x00000000fa100000,0x00000000fa600000)
 ParOldGen       total 145920K, used 41195K [0x00000000c0c00000, 0x00000000c9a80000, 0x00000000eaf00000)
  object space 145920K, 28% used [0x00000000c0c00000,0x00000000c343ada8,0x00000000c9a80000)
 Metaspace       used 17981K, capacity 18250K, committed 18560K, reserved 1064960K
  class space    used 2074K, capacity 2173K, committed 2176K, reserved 1048576K
}
Event: 18.497 GC heap before
{Heap before GC invocations=41 (full 8):
 PSYoungGen      total 250368K, used 242607K [0x00000000eaf00000, 0x00000000fab00000, 0x0000000100000000)
  eden space 247808K, 97% used [0x00000000eaf00000,0x00000000f9bd3cb0,0x00000000fa100000)
  from space 2560K, 3% used [0x00000000fa880000,0x00000000fa898000,0x00000000fab00000)
  to   space 5120K, 0% used [0x00000000fa100000,0x00000000fa100000,0x00000000fa600000)
 ParOldGen       total 145920K, used 41195K [0x00000000c0c00000, 0x00000000c9a80000, 0x00000000eaf00000)
  object space 145920K, 28% used [0x00000000c0c00000,0x00000000c343ada8,0x00000000c9a80000)
 Metaspace       used 18002K, capacity 18314K, committed 18560K, reserved 1064960K
  class space    used 2075K, capacity 2173K, committed 2176K, reserved 1048576K
Event: 18.503 GC heap after
Heap after GC invocations=41 (full 8):
 PSYoungGen      total 252928K, used 64K [0x00000000eaf00000, 0x00000000fb600000, 0x0000000100000000)
  eden space 247808K, 0% used [0x00000000eaf00000,0x00000000eaf00000,0x00000000fa100000)
  from space 5120K, 1% used [0x00000000fa100000,0x00000000fa110000,0x00000000fa600000)
  to   space 4608K, 0% used [0x00000000fb180000,0x00000000fb180000,0x00000000fb600000)
 ParOldGen       total 145920K, used 53353K [0x00000000c0c00000, 0x00000000c9a80000, 0x00000000eaf00000)
  object space 145920K, 36% used [0x00000000c0c00000,0x00000000c401a5c8,0x00000000c9a80000)
 Metaspace       used 18002K, capacity 18314K, committed 18560K, reserved 1064960K
  class space    used 2075K, capacity 2173K, committed 2176K, reserved 1048576K
}

