# JRE version: Java(TM) SE Runtime Environment (8.0_144-b01) (build 1.8.0_144-b01)
# Java VM: Java HotSpot(TM) 64-Bit Server VM (25.144-b01 mixed mode windows-amd64 compressed oops)
Heap:
 PSYoungGen      total 311296K, used 300081K [0x00000000eaf00000, 0x0000000100000000, 0x0000000100000000)
  eden space 280576K, 98% used [0x00000000eaf00000,0x00000000fbc39520,0x00000000fc100000)
  from space 30720K, 79% used [0x00000000fe200000,0x00000000ff9d3040,0x0000000100000000)
  to   space 32256K, 0% used [0x00000000fc100000,0x00000000fc100000,0x00000000fe080000)
 ParOldGen       total 223744K, used 39844K [0x00000000c0c00000, 0x00000000ce680000, 0x00000000eaf00000)
  object space 223744K, 17% used [0x00000000c0c00000,0x00000000c32e9190,0x00000000ce680000)
 Metaspace       used 18507K, capacity 18838K, committed 19072K, reserved 1067008K
  class space    used 2078K, capacity 2175K, committed 2176K, reserved 1048576K
GC Heap History (10 events):
Event: 48.372 GC heap before
{Heap before GC invocations=58 (full 10):
 PSYoungGen      total 318464K, used 309892K [0x00000000eaf00000, 0x0000000100000000, 0x0000000100000000)
  eden space 295424K, 98% used [0x00000000eaf00000,0x00000000fcbbcf90,0x00000000fcf80000)
  from space 23040K, 79% used [0x00000000fcf80000,0x00000000fe164430,0x00000000fe600000)
  to   space 24064K, 0% used [0x00000000fe880000,0x00000000fe880000,0x0000000100000000)
 ParOldGen       total 223744K, used 33761K [0x00000000c0c00000, 0x00000000ce680000, 0x00000000eaf00000)
  object space 223744K, 15% used [0x00000000c0c00000,0x00000000c2cf8580,0x00000000ce680000)
 Metaspace       used 18461K, capacity 18774K, committed 19072K, reserved 1067008K
  class space    used 2078K, capacity 2175K, committed 2176K, reserved 1048576K
Event: 48.397 GC heap after
Heap after GC invocations=58 (full 10):
 PSYoungGen      total 318976K, used 18321K [0x00000000eaf00000, 0x0000000100000000, 0x0000000100000000)
  eden space 294912K, 0% used [0x00000000eaf00000,0x00000000eaf00000,0x00000000fcf00000)
  from space 24064K, 76% used [0x00000000fe880000,0x00000000ffa64430,0x0000000100000000)
  to   space 25088K, 0% used [0x00000000fcf00000,0x00000000fcf00000,0x00000000fe780000)
 ParOldGen       total 223744K, used 39844K [0x00000000c0c00000, 0x00000000ce680000, 0x00000000eaf00000)
  object space 223744K, 17% used [0x00000000c0c00000,0x00000000c32e9190,0x00000000ce680000)
 Metaspace       used 18461K, capacity 18774K, committed 19072K, reserved 1067008K
  class space    used 2078K, capacity 2175K, committed 2176K, reserved 1048576K
}
Event: 49.167 GC heap before
{Heap before GC invocations=59 (full 10):
 PSYoungGen      total 318976K, used 309849K [0x00000000eaf00000, 0x0000000100000000, 0x0000000100000000)
  eden space 294912K, 98% used [0x00000000eaf00000,0x00000000fcbb2010,0x00000000fcf00000)
  from space 24064K, 76% used [0x00000000fe880000,0x00000000ffa64430,0x0000000100000000)
  to   space 25088K, 0% used [0x00000000fcf00000,0x00000000fcf00000,0x00000000fe780000)
 ParOldGen       total 223744K, used 39844K [0x00000000c0c00000, 0x00000000ce680000, 0x00000000eaf00000)
  object space 223744K, 17% used [0x00000000c0c00000,0x00000000c32e9190,0x00000000ce680000)
 Metaspace       used 18479K, capacity 18774K, committed 19072K, reserved 1067008K
  class space    used 2078K, capacity 2175K, committed 2176K, reserved 1048576K
Event: 49.172 GC heap after
Heap after GC invocations=59 (full 10):
 PSYoungGen      total 313344K, used 18321K [0x00000000eaf00000, 0x0000000100000000, 0x0000000100000000)
  eden space 294912K, 0% used [0x00000000eaf00000,0x00000000eaf00000,0x00000000fcf00000)
  from space 18432K, 99% used [0x00000000fcf00000,0x00000000fe0e4430,0x00000000fe100000)
  to   space 25600K, 0% used [0x00000000fe700000,0x00000000fe700000,0x0000000100000000)
 ParOldGen       total 223744K, used 39844K [0x00000000c0c00000, 0x00000000ce680000, 0x00000000eaf00000)
  object space 223744K, 17% used [0x00000000c0c00000,0x00000000c32e9190,0x00000000ce680000)
 Metaspace       used 18479K, capacity 18774K, committed 19072K, reserved 1067008K
  class space    used 2078K, capacity 2175K, committed 2176K, reserved 1048576K
}
Event: 49.938 GC heap before
{Heap before GC invocations=60 (full 10):
 PSYoungGen      total 313344K, used 309789K [0x00000000eaf00000, 0x0000000100000000, 0x0000000100000000)
  eden space 294912K, 98% used [0x00000000eaf00000,0x00000000fcba30a0,0x00000000fcf00000)
  from space 18432K, 99% used [0x00000000fcf00000,0x00000000fe0e4430,0x00000000fe100000)
  to   space 25600K, 0% used [0x00000000fe700000,0x00000000fe700000,0x0000000100000000)
 ParOldGen       total 223744K, used 39844K [0x00000000c0c00000, 0x00000000ce680000, 0x00000000eaf00000)
  object space 223744K, 17% used [0x00000000c0c00000,0x00000000c32e9190,0x00000000ce680000)
 Metaspace       used 18481K, capacity 18774K, committed 19072K, reserved 1067008K
  class space    used 2078K, capacity 2175K, committed 2176K, reserved 1048576K
Event: 49.963 GC heap after
Heap after GC invocations=60 (full 10):
 PSYoungGen      total 313344K, used 24396K [0x00000000eaf00000, 0x0000000100000000, 0x0000000100000000)
  eden space 287744K, 0% used [0x00000000eaf00000,0x00000000eaf00000,0x00000000fc800000)
  from space 25600K, 95% used [0x00000000fe700000,0x00000000ffed3040,0x0000000100000000)
  to   space 28672K, 0% used [0x00000000fc800000,0x00000000fc800000,0x00000000fe400000)
 ParOldGen       total 223744K, used 39844K [0x00000000c0c00000, 0x00000000ce680000, 0x00000000eaf00000)
  object space 223744K, 17% used [0x00000000c0c00000,0x00000000c32e9190,0x00000000ce680000)
 Metaspace       used 18481K, capacity 18774K, committed 19072K, reserved 1067008K
  class space    used 2078K, capacity 2175K, committed 2176K, reserved 1048576K
}
Event: 50.705 GC heap before
{Heap before GC invocations=61 (full 10):
 PSYoungGen      total 313344K, used 309699K [0x00000000eaf00000, 0x0000000100000000, 0x0000000100000000)
  eden space 287744K, 99% used [0x00000000eaf00000,0x00000000fc59def0,0x00000000fc800000)
  from space 25600K, 95% used [0x00000000fe700000,0x00000000ffed3040,0x0000000100000000)
  to   space 28672K, 0% used [0x00000000fc800000,0x00000000fc800000,0x00000000fe400000)
 ParOldGen       total 223744K, used 39844K [0x00000000c0c00000, 0x00000000ce680000, 0x00000000eaf00000)
  object space 223744K, 17% used [0x00000000c0c00000,0x00000000c32e9190,0x00000000ce680000)
 Metaspace       used 18495K, capacity 18838K, committed 19072K, reserved 1067008K
  class space    used 2078K, capacity 2175K, committed 2176K, reserved 1048576K
Event: 50.724 GC heap after
Heap after GC invocations=61 (full 10):
 PSYoungGen      total 312320K, used 24396K [0x00000000eaf00000, 0x0000000100000000, 0x0000000100000000)
  eden space 287744K, 0% used [0x00000000eaf00000,0x00000000eaf00000,0x00000000fc800000)
  from space 24576K, 99% used [0x00000000fc800000,0x00000000fdfd3040,0x00000000fe000000)
  to   space 30720K, 0% used [0x00000000fe200000,0x00000000fe200000,0x0000000100000000)
 ParOldGen       total 223744K, used 39844K [0x00000000c0c00000, 0x00000000ce680000, 0x00000000eaf00000)
  object space 223744K, 17% used [0x00000000c0c00000,0x00000000c32e9190,0x00000000ce680000)
 Metaspace       used 18495K, capacity 18838K, committed 19072K, reserved 1067008K
  class space    used 2078K, capacity 2175K, committed 2176K, reserved 1048576K
}
Event: 51.492 GC heap before
{Heap before GC invocations=62 (full 10):
 PSYoungGen      total 312320K, used 309622K [0x00000000eaf00000, 0x0000000100000000, 0x0000000100000000)
  eden space 287744K, 99% used [0x00000000eaf00000,0x00000000fc58a818,0x00000000fc800000)
  from space 24576K, 99% used [0x00000000fc800000,0x00000000fdfd3040,0x00000000fe000000)
  to   space 30720K, 0% used [0x00000000fe200000,0x00000000fe200000,0x0000000100000000)
 ParOldGen       total 223744K, used 39844K [0x00000000c0c00000, 0x00000000ce680000, 0x00000000eaf00000)
  object space 223744K, 17% used [0x00000000c0c00000,0x00000000c32e9190,0x00000000ce680000)
 Metaspace       used 18495K, capacity 18838K, committed 19072K, reserved 1067008K
  class space    used 2078K, capacity 2175K, committed 2176K, reserved 1048576K
Event: 51.500 GC heap after
Heap after GC invocations=62 (full 10):
 PSYoungGen      total 311296K, used 24396K [0x00000000eaf00000, 0x0000000100000000, 0x0000000100000000)
  eden space 280576K, 0% used [0x00000000eaf00000,0x00000000eaf00000,0x00000000fc100000)
  from space 30720K, 79% used [0x00000000fe200000,0x00000000ff9d3040,0x0000000100000000)
  to   space 32256K, 0% used [0x00000000fc100000,0x00000000fc100000,0x00000000fe080000)
 ParOldGen       total 223744K, used 39844K [0x00000000c0c00000, 0x00000000ce680000, 0x00000000eaf00000)
  object space 223744K, 17% used [0x00000000c0c00000,0x00000000c32e9190,0x00000000ce680000)
 Metaspace       used 18495K, capacity 18838K, committed 19072K, reserved 1067008K
  class space    used 2078K, capacity 2175K, committed 2176K, reserved 1048576K
}

