# JRE version: Java(TM) SE Runtime Environment (8.0_144-b01) (build 1.8.0_144-b01)
# Java VM: Java HotSpot(TM) 64-Bit Server VM (25.144-b01 mixed mode windows-amd64 compressed oops)
Heap:
 PSYoungGen      total 23040K, used 6038K [0x00000000eaf00000, 0x00000000ecc00000, 0x0000000100000000)
  eden space 16384K, 19% used [0x00000000eaf00000,0x00000000eb20e628,0x00000000ebf00000)
  from space 6656K, 43% used [0x00000000ebf00000,0x00000000ec1d7220,0x00000000ec580000)
  to   space 6656K, 0% used [0x00000000ec580000,0x00000000ec580000,0x00000000ecc00000)
 ParOldGen       total 44032K, used 12505K [0x00000000c0c00000, 0x00000000c3700000, 0x00000000eaf00000)
  object space 44032K, 28% used [0x00000000c0c00000,0x00000000c18366d0,0x00000000c3700000)
 Metaspace       used 20087K, capacity 20370K, committed 20480K, reserved 1067008K
  class space    used 2425K, capacity 2523K, committed 2560K, reserved 1048576K
GC Heap History (10 events):
Event: 32.440 GC heap before
{Heap before GC invocations=13 (full 0):
 PSYoungGen      total 22528K, used 18749K [0x00000000eaf00000, 0x00000000ecc00000, 0x0000000100000000)
  eden space 16384K, 96% used [0x00000000eaf00000,0x00000000ebe78250,0x00000000ebf00000)
  from space 6144K, 47% used [0x00000000ec600000,0x00000000ec8d7220,0x00000000ecc00000)
  to   space 6656K, 0% used [0x00000000ebf00000,0x00000000ebf00000,0x00000000ec580000)
 ParOldGen       total 44032K, used 12441K [0x00000000c0c00000, 0x00000000c3700000, 0x00000000eaf00000)
  object space 44032K, 28% used [0x00000000c0c00000,0x00000000c18266d0,0x00000000c3700000)
 Metaspace       used 20052K, capacity 20306K, committed 20480K, reserved 1067008K
  class space    used 2424K, capacity 2523K, committed 2560K, reserved 1048576K
Event: 32.441 GC heap after
Heap after GC invocations=13 (full 0):
 PSYoungGen      total 23040K, used 1502K [0x00000000eaf00000, 0x00000000ecd00000, 0x0000000100000000)
  eden space 16384K, 0% used [0x00000000eaf00000,0x00000000eaf00000,0x00000000ebf00000)
  from space 6656K, 22% used [0x00000000ebf00000,0x00000000ec077910,0x00000000ec580000)
  to   space 7168K, 0% used [0x00000000ec600000,0x00000000ec600000,0x00000000ecd00000)
 ParOldGen       total 44032K, used 12457K [0x00000000c0c00000, 0x00000000c3700000, 0x00000000eaf00000)
  object space 44032K, 28% used [0x00000000c0c00000,0x00000000c182a6d0,0x00000000c3700000)
 Metaspace       used 20052K, capacity 20306K, committed 20480K, reserved 1067008K
  class space    used 2424K, capacity 2523K, committed 2560K, reserved 1048576K
}
Event: 34.427 GC heap before
{Heap before GC invocations=14 (full 0):
 PSYoungGen      total 23040K, used 17312K [0x00000000eaf00000, 0x00000000ecd00000, 0x0000000100000000)
  eden space 16384K, 96% used [0x00000000eaf00000,0x00000000ebe706f0,0x00000000ebf00000)
  from space 6656K, 22% used [0x00000000ebf00000,0x00000000ec077910,0x00000000ec580000)
  to   space 7168K, 0% used [0x00000000ec600000,0x00000000ec600000,0x00000000ecd00000)
 ParOldGen       total 44032K, used 12457K [0x00000000c0c00000, 0x00000000c3700000, 0x00000000eaf00000)
  object space 44032K, 28% used [0x00000000c0c00000,0x00000000c182a6d0,0x00000000c3700000)
 Metaspace       used 20055K, capacity 20306K, committed 20480K, reserved 1067008K
  class space    used 2424K, capacity 2523K, committed 2560K, reserved 1048576K
Event: 34.428 GC heap after
Heap after GC invocations=14 (full 0):
 PSYoungGen      total 22528K, used 2908K [0x00000000eaf00000, 0x00000000ecc00000, 0x0000000100000000)
  eden space 16384K, 0% used [0x00000000eaf00000,0x00000000eaf00000,0x00000000ebf00000)
  from space 6144K, 47% used [0x00000000ec600000,0x00000000ec8d7220,0x00000000ecc00000)
  to   space 6656K, 0% used [0x00000000ebf00000,0x00000000ebf00000,0x00000000ec580000)
 ParOldGen       total 44032K, used 12473K [0x00000000c0c00000, 0x00000000c3700000, 0x00000000eaf00000)
  object space 44032K, 28% used [0x00000000c0c00000,0x00000000c182e6d0,0x00000000c3700000)
 Metaspace       used 20055K, capacity 20306K, committed 20480K, reserved 1067008K
  class space    used 2424K, capacity 2523K, committed 2560K, reserved 1048576K
}
Event: 36.872 GC heap before
{Heap before GC invocations=15 (full 0):
 PSYoungGen      total 22528K, used 18825K [0x00000000eaf00000, 0x00000000ecc00000, 0x0000000100000000)
  eden space 16384K, 97% used [0x00000000eaf00000,0x00000000ebe8b568,0x00000000ebf00000)
  from space 6144K, 47% used [0x00000000ec600000,0x00000000ec8d7220,0x00000000ecc00000)
  to   space 6656K, 0% used [0x00000000ebf00000,0x00000000ebf00000,0x00000000ec580000)
 ParOldGen       total 44032K, used 12473K [0x00000000c0c00000, 0x00000000c3700000, 0x00000000eaf00000)
  object space 44032K, 28% used [0x00000000c0c00000,0x00000000c182e6d0,0x00000000c3700000)
 Metaspace       used 20065K, capacity 20370K, committed 20480K, reserved 1067008K
  class space    used 2424K, capacity 2523K, committed 2560K, reserved 1048576K
Event: 36.873 GC heap after
Heap after GC invocations=15 (full 0):
 PSYoungGen      total 23040K, used 1470K [0x00000000eaf00000, 0x00000000ecc00000, 0x0000000100000000)
  eden space 16384K, 0% used [0x00000000eaf00000,0x00000000eaf00000,0x00000000ebf00000)
  from space 6656K, 22% used [0x00000000ebf00000,0x00000000ec06f910,0x00000000ec580000)
  to   space 6656K, 0% used [0x00000000ec580000,0x00000000ec580000,0x00000000ecc00000)
 ParOldGen       total 44032K, used 12481K [0x00000000c0c00000, 0x00000000c3700000, 0x00000000eaf00000)
  object space 44032K, 28% used [0x00000000c0c00000,0x00000000c18306d0,0x00000000c3700000)
 Metaspace       used 20065K, capacity 20370K, committed 20480K, reserved 1067008K
  class space    used 2424K, capacity 2523K, committed 2560K, reserved 1048576K
}
Event: 38.901 GC heap before
{Heap before GC invocations=16 (full 0):
 PSYoungGen      total 23040K, used 17322K [0x00000000eaf00000, 0x00000000ecc00000, 0x0000000100000000)
  eden space 16384K, 96% used [0x00000000eaf00000,0x00000000ebe7af08,0x00000000ebf00000)
  from space 6656K, 22% used [0x00000000ebf00000,0x00000000ec06f910,0x00000000ec580000)
  to   space 6656K, 0% used [0x00000000ec580000,0x00000000ec580000,0x00000000ecc00000)
 ParOldGen       total 44032K, used 12481K [0x00000000c0c00000, 0x00000000c3700000, 0x00000000eaf00000)
  object space 44032K, 28% used [0x00000000c0c00000,0x00000000c18306d0,0x00000000c3700000)
 Metaspace       used 20075K, capacity 20370K, committed 20480K, reserved 1067008K
  class space    used 2424K, capacity 2523K, committed 2560K, reserved 1048576K
Event: 38.903 GC heap after
Heap after GC invocations=16 (full 0):
 PSYoungGen      total 23040K, used 4314K [0x00000000eaf00000, 0x00000000ecc00000, 0x0000000100000000)
  eden space 16384K, 0% used [0x00000000eaf00000,0x00000000eaf00000,0x00000000ebf00000)
  from space 6656K, 64% used [0x00000000ec580000,0x00000000ec9b6b30,0x00000000ecc00000)
  to   space 6656K, 0% used [0x00000000ebf00000,0x00000000ebf00000,0x00000000ec580000)
 ParOldGen       total 44032K, used 12489K [0x00000000c0c00000, 0x00000000c3700000, 0x00000000eaf00000)
  object space 44032K, 28% used [0x00000000c0c00000,0x00000000c18326d0,0x00000000c3700000)
 Metaspace       used 20075K, capacity 20370K, committed 20480K, reserved 1067008K
  class space    used 2424K, capacity 2523K, committed 2560K, reserved 1048576K
}
Event: 41.391 GC heap before
{Heap before GC invocations=17 (full 0):
 PSYoungGen      total 23040K, used 20520K [0x00000000eaf00000, 0x00000000ecc00000, 0x0000000100000000)
  eden space 16384K, 98% used [0x00000000eaf00000,0x00000000ebed3530,0x00000000ebf00000)
  from space 6656K, 64% used [0x00000000ec580000,0x00000000ec9b6b30,0x00000000ecc00000)
  to   space 6656K, 0% used [0x00000000ebf00000,0x00000000ebf00000,0x00000000ec580000)
 ParOldGen       total 44032K, used 12489K [0x00000000c0c00000, 0x00000000c3700000, 0x00000000eaf00000)
  object space 44032K, 28% used [0x00000000c0c00000,0x00000000c18326d0,0x00000000c3700000)
 Metaspace       used 20087K, capacity 20370K, committed 20480K, reserved 1067008K
  class space    used 2425K, capacity 2523K, committed 2560K, reserved 1048576K
Event: 41.392 GC heap after
Heap after GC invocations=17 (full 0):
 PSYoungGen      total 23040K, used 2908K [0x00000000eaf00000, 0x00000000ecc00000, 0x0000000100000000)
  eden space 16384K, 0% used [0x00000000eaf00000,0x00000000eaf00000,0x00000000ebf00000)
  from space 6656K, 43% used [0x00000000ebf00000,0x00000000ec1d7220,0x00000000ec580000)
  to   space 6656K, 0% used [0x00000000ec580000,0x00000000ec580000,0x00000000ecc00000)
 ParOldGen       total 44032K, used 12505K [0x00000000c0c00000, 0x00000000c3700000, 0x00000000eaf00000)
  object space 44032K, 28% used [0x00000000c0c00000,0x00000000c18366d0,0x00000000c3700000)
 Metaspace       used 20087K, capacity 20370K, committed 20480K, reserved 1067008K
  class space    used 2425K, capacity 2523K, committed 2560K, reserved 1048576K
}

