# JRE version: Java(TM) SE Runtime Environment (8.0_144-b01) (build 1.8.0_144-b01)
# Java VM: Java HotSpot(TM) 64-Bit Server VM (25.144-b01 mixed mode windows-amd64 compressed oops)
Heap:
 PSYoungGen      total 42496K, used 16904K [0x00000000eaf00000, 0x00000000ede80000, 0x0000000100000000)
  eden space 38400K, 36% used [0x00000000eaf00000,0x00000000ebcaade0,0x00000000ed480000)
  from space 4096K, 71% used [0x00000000eda80000,0x00000000edd57220,0x00000000ede80000)
  to   space 5120K, 0% used [0x00000000ed480000,0x00000000ed480000,0x00000000ed980000)
 ParOldGen       total 44032K, used 10055K [0x00000000c0c00000, 0x00000000c3700000, 0x00000000eaf00000)
  object space 44032K, 22% used [0x00000000c0c00000,0x00000000c15d1f60,0x00000000c3700000)
 Metaspace       used 19980K, capacity 20298K, committed 20480K, reserved 1067008K
  class space    used 2399K, capacity 2493K, committed 2560K, reserved 1048576K
GC Heap History (10 events):
Event: 24.893 GC heap before
{Heap before GC invocations=18 (full 0):
 PSYoungGen      total 47616K, used 46065K [0x00000000eaf00000, 0x00000000ee580000, 0x0000000100000000)
  eden space 44544K, 96% used [0x00000000eaf00000,0x00000000ed925508,0x00000000eda80000)
  from space 3072K, 94% used [0x00000000edc00000,0x00000000eded7220,0x00000000edf00000)
  to   space 5632K, 0% used [0x00000000ee000000,0x00000000ee000000,0x00000000ee580000)
 ParOldGen       total 44032K, used 10007K [0x00000000c0c00000, 0x00000000c3700000, 0x00000000eaf00000)
  object space 44032K, 22% used [0x00000000c0c00000,0x00000000c15c5f60,0x00000000c3700000)
 Metaspace       used 19923K, capacity 20234K, committed 20480K, reserved 1067008K
  class space    used 2399K, capacity 2493K, committed 2560K, reserved 1048576K
Event: 24.894 GC heap after
Heap after GC invocations=18 (full 0):
 PSYoungGen      total 47104K, used 2908K [0x00000000eaf00000, 0x00000000ee400000, 0x0000000100000000)
  eden space 43008K, 0% used [0x00000000eaf00000,0x00000000eaf00000,0x00000000ed900000)
  from space 4096K, 71% used [0x00000000ee000000,0x00000000ee2d7220,0x00000000ee400000)
  to   space 5632K, 0% used [0x00000000ed900000,0x00000000ed900000,0x00000000ede80000)
 ParOldGen       total 44032K, used 10023K [0x00000000c0c00000, 0x00000000c3700000, 0x00000000eaf00000)
  object space 44032K, 22% used [0x00000000c0c00000,0x00000000c15c9f60,0x00000000c3700000)
 Metaspace       used 19923K, capacity 20234K, committed 20480K, reserved 1067008K
  class space    used 2399K, capacity 2493K, committed 2560K, reserved 1048576K
}
Event: 25.388 GC heap before
{Heap before GC invocations=19 (full 0):
 PSYoungGen      total 47104K, used 44595K [0x00000000eaf00000, 0x00000000ee400000, 0x0000000100000000)
  eden space 43008K, 96% used [0x00000000eaf00000,0x00000000ed7b5d20,0x00000000ed900000)
  from space 4096K, 71% used [0x00000000ee000000,0x00000000ee2d7220,0x00000000ee400000)
  to   space 5632K, 0% used [0x00000000ed900000,0x00000000ed900000,0x00000000ede80000)
 ParOldGen       total 44032K, used 10023K [0x00000000c0c00000, 0x00000000c3700000, 0x00000000eaf00000)
  object space 44032K, 22% used [0x00000000c0c00000,0x00000000c15c9f60,0x00000000c3700000)
 Metaspace       used 19963K, capacity 20234K, committed 20480K, reserved 1067008K
  class space    used 2399K, capacity 2493K, committed 2560K, reserved 1048576K
Event: 25.389 GC heap after
Heap after GC invocations=19 (full 0):
 PSYoungGen      total 43008K, used 1502K [0x00000000eaf00000, 0x00000000ee280000, 0x0000000100000000)
  eden space 41472K, 0% used [0x00000000eaf00000,0x00000000eaf00000,0x00000000ed780000)
  from space 1536K, 97% used [0x00000000ed900000,0x00000000eda77910,0x00000000eda80000)
  to   space 5632K, 0% used [0x00000000edd00000,0x00000000edd00000,0x00000000ee280000)
 ParOldGen       total 44032K, used 10031K [0x00000000c0c00000, 0x00000000c3700000, 0x00000000eaf00000)
  object space 44032K, 22% used [0x00000000c0c00000,0x00000000c15cbf60,0x00000000c3700000)
 Metaspace       used 19963K, capacity 20234K, committed 20480K, reserved 1067008K
  class space    used 2399K, capacity 2493K, committed 2560K, reserved 1048576K
}
Event: 25.852 GC heap before
{Heap before GC invocations=20 (full 0):
 PSYoungGen      total 43008K, used 41738K [0x00000000eaf00000, 0x00000000ee280000, 0x0000000100000000)
  eden space 41472K, 97% used [0x00000000eaf00000,0x00000000ed64b100,0x00000000ed780000)
  from space 1536K, 97% used [0x00000000ed900000,0x00000000eda77910,0x00000000eda80000)
  to   space 5632K, 0% used [0x00000000edd00000,0x00000000edd00000,0x00000000ee280000)
 ParOldGen       total 44032K, used 10031K [0x00000000c0c00000, 0x00000000c3700000, 0x00000000eaf00000)
  object space 44032K, 22% used [0x00000000c0c00000,0x00000000c15cbf60,0x00000000c3700000)
 Metaspace       used 19970K, capacity 20234K, committed 20480K, reserved 1067008K
  class space    used 2399K, capacity 2493K, committed 2560K, reserved 1048576K
Event: 25.854 GC heap after
Heap after GC invocations=20 (full 0):
 PSYoungGen      total 45056K, used 1502K [0x00000000eaf00000, 0x00000000ee180000, 0x0000000100000000)
  eden space 40448K, 0% used [0x00000000eaf00000,0x00000000eaf00000,0x00000000ed680000)
  from space 4608K, 32% used [0x00000000edd00000,0x00000000ede77910,0x00000000ee180000)
  to   space 5632K, 0% used [0x00000000ed680000,0x00000000ed680000,0x00000000edc00000)
 ParOldGen       total 44032K, used 10039K [0x00000000c0c00000, 0x00000000c3700000, 0x00000000eaf00000)
  object space 44032K, 22% used [0x00000000c0c00000,0x00000000c15cdf60,0x00000000c3700000)
 Metaspace       used 19970K, capacity 20234K, committed 20480K, reserved 1067008K
  class space    used 2399K, capacity 2493K, committed 2560K, reserved 1048576K
}
Event: 26.316 GC heap before
{Heap before GC invocations=21 (full 0):
 PSYoungGen      total 45056K, used 41712K [0x00000000eaf00000, 0x00000000ee180000, 0x0000000100000000)
  eden space 40448K, 99% used [0x00000000eaf00000,0x00000000ed644870,0x00000000ed680000)
  from space 4608K, 32% used [0x00000000edd00000,0x00000000ede77910,0x00000000ee180000)
  to   space 5632K, 0% used [0x00000000ed680000,0x00000000ed680000,0x00000000edc00000)
 ParOldGen       total 44032K, used 10039K [0x00000000c0c00000, 0x00000000c3700000, 0x00000000eaf00000)
  object space 44032K, 22% used [0x00000000c0c00000,0x00000000c15cdf60,0x00000000c3700000)
 Metaspace       used 19972K, capacity 20234K, committed 20480K, reserved 1067008K
  class space    used 2399K, capacity 2493K, committed 2560K, reserved 1048576K
Event: 26.317 GC heap after
Heap after GC invocations=21 (full 0):
 PSYoungGen      total 40960K, used 1502K [0x00000000eaf00000, 0x00000000edf80000, 0x0000000100000000)
  eden space 39424K, 0% used [0x00000000eaf00000,0x00000000eaf00000,0x00000000ed580000)
  from space 1536K, 97% used [0x00000000ed680000,0x00000000ed7f7910,0x00000000ed800000)
  to   space 5120K, 0% used [0x00000000eda80000,0x00000000eda80000,0x00000000edf80000)
 ParOldGen       total 44032K, used 10047K [0x00000000c0c00000, 0x00000000c3700000, 0x00000000eaf00000)
  object space 44032K, 22% used [0x00000000c0c00000,0x00000000c15cff60,0x00000000c3700000)
 Metaspace       used 19972K, capacity 20234K, committed 20480K, reserved 1067008K
  class space    used 2399K, capacity 2493K, committed 2560K, reserved 1048576K
}
Event: 26.749 GC heap before
{Heap before GC invocations=22 (full 0):
 PSYoungGen      total 40960K, used 40286K [0x00000000eaf00000, 0x00000000edf80000, 0x0000000100000000)
  eden space 39424K, 98% used [0x00000000eaf00000,0x00000000ed4e0118,0x00000000ed580000)
  from space 1536K, 97% used [0x00000000ed680000,0x00000000ed7f7910,0x00000000ed800000)
  to   space 5120K, 0% used [0x00000000eda80000,0x00000000eda80000,0x00000000edf80000)
 ParOldGen       total 44032K, used 10047K [0x00000000c0c00000, 0x00000000c3700000, 0x00000000eaf00000)
  object space 44032K, 22% used [0x00000000c0c00000,0x00000000c15cff60,0x00000000c3700000)
 Metaspace       used 19975K, capacity 20298K, committed 20480K, reserved 1067008K
  class space    used 2399K, capacity 2493K, committed 2560K, reserved 1048576K
Event: 26.750 GC heap after
Heap after GC invocations=22 (full 0):
 PSYoungGen      total 42496K, used 2908K [0x00000000eaf00000, 0x00000000ede80000, 0x0000000100000000)
  eden space 38400K, 0% used [0x00000000eaf00000,0x00000000eaf00000,0x00000000ed480000)
  from space 4096K, 71% used [0x00000000eda80000,0x00000000edd57220,0x00000000ede80000)
  to   space 5120K, 0% used [0x00000000ed480000,0x00000000ed480000,0x00000000ed980000)
 ParOldGen       total 44032K, used 10055K [0x00000000c0c00000, 0x00000000c3700000, 0x00000000eaf00000)
  object space 44032K, 22% used [0x00000000c0c00000,0x00000000c15d1f60,0x00000000c3700000)
 Metaspace       used 19975K, capacity 20298K, committed 20480K, reserved 1067008K
  class space    used 2399K, capacity 2493K, committed 2560K, reserved 1048576K
}

