# JRE version: Java(TM) SE Runtime Environment (8.0_144-b01) (build 1.8.0_144-b01)
# Java VM: Java HotSpot(TM) 64-Bit Server VM (25.144-b01 mixed mode windows-amd64 compressed oops)
Heap:
 PSYoungGen      total 19456K, used 1574K [0x00000000eaf00000, 0x00000000ec400000, 0x0000000100000000)
  eden space 17408K, 0% used [0x00000000eaf00000,0x00000000eaf11f78,0x00000000ec000000)
  from space 2048K, 73% used [0x00000000ec200000,0x00000000ec377910,0x00000000ec400000)
  to   space 2048K, 0% used [0x00000000ec000000,0x00000000ec000000,0x00000000ec200000)
 ParOldGen       total 44032K, used 29586K [0x00000000c0c00000, 0x00000000c3700000, 0x00000000eaf00000)
  object space 44032K, 67% used [0x00000000c0c00000,0x00000000c28e4ae8,0x00000000c3700000)
 Metaspace       used 20194K, capacity 20526K, committed 20736K, reserved 1067008K
  class space    used 2410K, capacity 2497K, committed 2560K, reserved 1048576K
GC Heap History (10 events):
Event: 132.201 GC heap before
{Heap before GC invocations=222 (full 0):
 PSYoungGen      total 19456K, used 18730K [0x00000000eaf00000, 0x00000000ec400000, 0x0000000100000000)
  eden space 17408K, 99% used [0x00000000eaf00000,0x00000000ebfdb0f0,0x00000000ec000000)
  from space 2048K, 71% used [0x00000000ec000000,0x00000000ec16f910,0x00000000ec200000)
  to   space 2048K, 0% used [0x00000000ec200000,0x00000000ec200000,0x00000000ec400000)
 ParOldGen       total 44032K, used 25251K [0x00000000c0c00000, 0x00000000c3700000, 0x00000000eaf00000)
  object space 44032K, 57% used [0x00000000c0c00000,0x00000000c24a8cb8,0x00000000c3700000)
 Metaspace       used 20187K, capacity 20526K, committed 20736K, reserved 1067008K
  class space    used 2410K, capacity 2497K, committed 2560K, reserved 1048576K
Event: 132.203 GC heap after
Heap after GC invocations=222 (full 0):
 PSYoungGen      total 19456K, used 1502K [0x00000000eaf00000, 0x00000000ec400000, 0x0000000100000000)
  eden space 17408K, 0% used [0x00000000eaf00000,0x00000000eaf00000,0x00000000ec000000)
  from space 2048K, 73% used [0x00000000ec200000,0x00000000ec377910,0x00000000ec400000)
  to   space 2048K, 0% used [0x00000000ec000000,0x00000000ec000000,0x00000000ec200000)
 ParOldGen       total 44032K, used 28071K [0x00000000c0c00000, 0x00000000c3700000, 0x00000000eaf00000)
  object space 44032K, 63% used [0x00000000c0c00000,0x00000000c2769ed8,0x00000000c3700000)
 Metaspace       used 20187K, capacity 20526K, committed 20736K, reserved 1067008K
  class space    used 2410K, capacity 2497K, committed 2560K, reserved 1048576K
}
Event: 133.809 GC heap before
{Heap before GC invocations=223 (full 0):
 PSYoungGen      total 19456K, used 18202K [0x00000000eaf00000, 0x00000000ec400000, 0x0000000100000000)
  eden space 17408K, 95% used [0x00000000eaf00000,0x00000000ebf4f118,0x00000000ec000000)
  from space 2048K, 73% used [0x00000000ec200000,0x00000000ec377910,0x00000000ec400000)
  to   space 2048K, 0% used [0x00000000ec000000,0x00000000ec000000,0x00000000ec200000)
 ParOldGen       total 44032K, used 28071K [0x00000000c0c00000, 0x00000000c3700000, 0x00000000eaf00000)
  object space 44032K, 63% used [0x00000000c0c00000,0x00000000c2769ed8,0x00000000c3700000)
 Metaspace       used 20188K, capacity 20526K, committed 20736K, reserved 1067008K
  class space    used 2410K, capacity 2497K, committed 2560K, reserved 1048576K
Event: 133.811 GC heap after
Heap after GC invocations=223 (full 0):
 PSYoungGen      total 19456K, used 1547K [0x00000000eaf00000, 0x00000000ec400000, 0x0000000100000000)
  eden space 17408K, 0% used [0x00000000eaf00000,0x00000000eaf00000,0x00000000ec000000)
  from space 2048K, 75% used [0x00000000ec000000,0x00000000ec182c10,0x00000000ec200000)
  to   space 2048K, 0% used [0x00000000ec200000,0x00000000ec200000,0x00000000ec400000)
 ParOldGen       total 44032K, used 28079K [0x00000000c0c00000, 0x00000000c3700000, 0x00000000eaf00000)
  object space 44032K, 63% used [0x00000000c0c00000,0x00000000c276bed8,0x00000000c3700000)
 Metaspace       used 20188K, capacity 20526K, committed 20736K, reserved 1067008K
  class space    used 2410K, capacity 2497K, committed 2560K, reserved 1048576K
}
Event: 135.467 GC heap before
{Heap before GC invocations=224 (full 0):
 PSYoungGen      total 19456K, used 18860K [0x00000000eaf00000, 0x00000000ec400000, 0x0000000100000000)
  eden space 17408K, 99% used [0x00000000eaf00000,0x00000000ebfe8758,0x00000000ec000000)
  from space 2048K, 75% used [0x00000000ec000000,0x00000000ec182c10,0x00000000ec200000)
  to   space 2048K, 0% used [0x00000000ec200000,0x00000000ec200000,0x00000000ec400000)
 ParOldGen       total 44032K, used 28079K [0x00000000c0c00000, 0x00000000c3700000, 0x00000000eaf00000)
  object space 44032K, 63% used [0x00000000c0c00000,0x00000000c276bed8,0x00000000c3700000)
 Metaspace       used 20189K, capacity 20526K, committed 20736K, reserved 1067008K
  class space    used 2410K, capacity 2497K, committed 2560K, reserved 1048576K
Event: 135.469 GC heap after
Heap after GC invocations=224 (full 0):
 PSYoungGen      total 19456K, used 1470K [0x00000000eaf00000, 0x00000000ec400000, 0x0000000100000000)
  eden space 17408K, 0% used [0x00000000eaf00000,0x00000000eaf00000,0x00000000ec000000)
  from space 2048K, 71% used [0x00000000ec200000,0x00000000ec36f910,0x00000000ec400000)
  to   space 2048K, 0% used [0x00000000ec000000,0x00000000ec000000,0x00000000ec200000)
 ParOldGen       total 44032K, used 28164K [0x00000000c0c00000, 0x00000000c3700000, 0x00000000eaf00000)
  object space 44032K, 63% used [0x00000000c0c00000,0x00000000c27811d8,0x00000000c3700000)
 Metaspace       used 20189K, capacity 20526K, committed 20736K, reserved 1067008K
  class space    used 2410K, capacity 2497K, committed 2560K, reserved 1048576K
}
Event: 137.062 GC heap before
{Heap before GC invocations=225 (full 0):
 PSYoungGen      total 19456K, used 18728K [0x00000000eaf00000, 0x00000000ec400000, 0x0000000100000000)
  eden space 17408K, 99% used [0x00000000eaf00000,0x00000000ebfda7d8,0x00000000ec000000)
  from space 2048K, 71% used [0x00000000ec200000,0x00000000ec36f910,0x00000000ec400000)
  to   space 2048K, 0% used [0x00000000ec000000,0x00000000ec000000,0x00000000ec200000)
 ParOldGen       total 44032K, used 28164K [0x00000000c0c00000, 0x00000000c3700000, 0x00000000eaf00000)
  object space 44032K, 63% used [0x00000000c0c00000,0x00000000c27811d8,0x00000000c3700000)
 Metaspace       used 20189K, capacity 20526K, committed 20736K, reserved 1067008K
  class space    used 2410K, capacity 2497K, committed 2560K, reserved 1048576K
Event: 137.064 GC heap after
Heap after GC invocations=225 (full 0):
 PSYoungGen      total 19456K, used 1470K [0x00000000eaf00000, 0x00000000ec400000, 0x0000000100000000)
  eden space 17408K, 0% used [0x00000000eaf00000,0x00000000eaf00000,0x00000000ec000000)
  from space 2048K, 71% used [0x00000000ec000000,0x00000000ec16f910,0x00000000ec200000)
  to   space 2048K, 0% used [0x00000000ec200000,0x00000000ec200000,0x00000000ec400000)
 ParOldGen       total 44032K, used 28172K [0x00000000c0c00000, 0x00000000c3700000, 0x00000000eaf00000)
  object space 44032K, 63% used [0x00000000c0c00000,0x00000000c27831d8,0x00000000c3700000)
 Metaspace       used 20189K, capacity 20526K, committed 20736K, reserved 1067008K
  class space    used 2410K, capacity 2497K, committed 2560K, reserved 1048576K
}
Event: 138.528 GC heap before
{Heap before GC invocations=226 (full 0):
 PSYoungGen      total 19456K, used 18878K [0x00000000eaf00000, 0x00000000ec400000, 0x0000000100000000)
  eden space 17408K, 100% used [0x00000000eaf00000,0x00000000ec000000,0x00000000ec000000)
  from space 2048K, 71% used [0x00000000ec000000,0x00000000ec16f910,0x00000000ec200000)
  to   space 2048K, 0% used [0x00000000ec200000,0x00000000ec200000,0x00000000ec400000)
 ParOldGen       total 44032K, used 28172K [0x00000000c0c00000, 0x00000000c3700000, 0x00000000eaf00000)
  object space 44032K, 63% used [0x00000000c0c00000,0x00000000c27831d8,0x00000000c3700000)
 Metaspace       used 20190K, capacity 20526K, committed 20736K, reserved 1067008K
  class space    used 2410K, capacity 2497K, committed 2560K, reserved 1048576K
Event: 138.533 GC heap after
Heap after GC invocations=226 (full 0):
 PSYoungGen      total 19456K, used 1502K [0x00000000eaf00000, 0x00000000ec400000, 0x0000000100000000)
  eden space 17408K, 0% used [0x00000000eaf00000,0x00000000eaf00000,0x00000000ec000000)
  from space 2048K, 73% used [0x00000000ec200000,0x00000000ec377910,0x00000000ec400000)
  to   space 2048K, 0% used [0x00000000ec000000,0x00000000ec000000,0x00000000ec200000)
 ParOldGen       total 44032K, used 29586K [0x00000000c0c00000, 0x00000000c3700000, 0x00000000eaf00000)
  object space 44032K, 67% used [0x00000000c0c00000,0x00000000c28e4ae8,0x00000000c3700000)
 Metaspace       used 20190K, capacity 20526K, committed 20736K, reserved 1067008K
  class space    used 2410K, capacity 2497K, committed 2560K, reserved 1048576K
}

