# JRE version: Java(TM) SE Runtime Environment (8.0_144-b01) (build 1.8.0_144-b01)
# Java VM: Java HotSpot(TM) 64-Bit Server VM (25.144-b01 mixed mode windows-amd64 compressed oops)
Heap:
 PSYoungGen      total 97280K, used 85950K [0x00000000eaf00000, 0x00000000f1a00000, 0x0000000100000000)
  eden space 92672K, 88% used [0x00000000eaf00000,0x00000000efeb9028,0x00000000f0980000)
  from space 4608K, 93% used [0x00000000f0e00000,0x00000000f1236b30,0x00000000f1280000)
  to   space 7680K, 0% used [0x00000000f1280000,0x00000000f1280000,0x00000000f1a00000)
 ParOldGen       total 44032K, used 19533K [0x00000000c0c00000, 0x00000000c3700000, 0x00000000eaf00000)
  object space 44032K, 44% used [0x00000000c0c00000,0x00000000c1f13538,0x00000000c3700000)
 Metaspace       used 20209K, capacity 20506K, committed 20736K, reserved 1067008K
  class space    used 2422K, capacity 2523K, committed 2560K, reserved 1048576K
GC Heap History (10 events):
Event: 10.694 GC heap before
{Heap before GC invocations=9 (full 0):
 PSYoungGen      total 73728K, used 69364K [0x00000000eaf00000, 0x00000000eff00000, 0x0000000100000000)
  eden space 65536K, 99% used [0x00000000eaf00000,0x00000000eee86830,0x00000000eef00000)
  from space 8192K, 52% used [0x00000000ef700000,0x00000000efb36b30,0x00000000eff00000)
  to   space 8192K, 0% used [0x00000000eef00000,0x00000000eef00000,0x00000000ef700000)
 ParOldGen       total 44032K, used 18039K [0x00000000c0c00000, 0x00000000c3700000, 0x00000000eaf00000)
  object space 44032K, 40% used [0x00000000c0c00000,0x00000000c1d9dc28,0x00000000c3700000)
 Metaspace       used 20060K, capacity 20370K, committed 20480K, reserved 1067008K
  class space    used 2421K, capacity 2523K, committed 2560K, reserved 1048576K
Event: 10.698 GC heap after
Heap after GC invocations=9 (full 0):
 PSYoungGen      total 73728K, used 2908K [0x00000000eaf00000, 0x00000000f2580000, 0x0000000100000000)
  eden space 65536K, 0% used [0x00000000eaf00000,0x00000000eaf00000,0x00000000eef00000)
  from space 8192K, 35% used [0x00000000eef00000,0x00000000ef1d7220,0x00000000ef700000)
  to   space 8192K, 0% used [0x00000000f1d80000,0x00000000f1d80000,0x00000000f2580000)
 ParOldGen       total 44032K, used 19461K [0x00000000c0c00000, 0x00000000c3700000, 0x00000000eaf00000)
  object space 44032K, 44% used [0x00000000c0c00000,0x00000000c1f01538,0x00000000c3700000)
 Metaspace       used 20060K, capacity 20370K, committed 20480K, reserved 1067008K
  class space    used 2421K, capacity 2523K, committed 2560K, reserved 1048576K
}
Event: 11.430 GC heap before
{Heap before GC invocations=10 (full 0):
 PSYoungGen      total 73728K, used 67938K [0x00000000eaf00000, 0x00000000f2580000, 0x0000000100000000)
  eden space 65536K, 99% used [0x00000000eaf00000,0x00000000eee816e8,0x00000000eef00000)
  from space 8192K, 35% used [0x00000000eef00000,0x00000000ef1d7220,0x00000000ef700000)
  to   space 8192K, 0% used [0x00000000f1d80000,0x00000000f1d80000,0x00000000f2580000)
 ParOldGen       total 44032K, used 19461K [0x00000000c0c00000, 0x00000000c3700000, 0x00000000eaf00000)
  object space 44032K, 44% used [0x00000000c0c00000,0x00000000c1f01538,0x00000000c3700000)
 Metaspace       used 20120K, capacity 20442K, committed 20736K, reserved 1067008K
  class space    used 2421K, capacity 2523K, committed 2560K, reserved 1048576K
Event: 11.432 GC heap after
Heap after GC invocations=10 (full 0):
 PSYoungGen      total 113152K, used 2908K [0x00000000eaf00000, 0x00000000f2580000, 0x0000000100000000)
  eden space 104960K, 0% used [0x00000000eaf00000,0x00000000eaf00000,0x00000000f1580000)
  from space 8192K, 35% used [0x00000000f1d80000,0x00000000f2057220,0x00000000f2580000)
  to   space 8192K, 0% used [0x00000000f1580000,0x00000000f1580000,0x00000000f1d80000)
 ParOldGen       total 44032K, used 19477K [0x00000000c0c00000, 0x00000000c3700000, 0x00000000eaf00000)
  object space 44032K, 44% used [0x00000000c0c00000,0x00000000c1f05538,0x00000000c3700000)
 Metaspace       used 20120K, capacity 20442K, committed 20736K, reserved 1067008K
  class space    used 2421K, capacity 2523K, committed 2560K, reserved 1048576K
}
Event: 12.661 GC heap before
{Heap before GC invocations=11 (full 0):
 PSYoungGen      total 113152K, used 106590K [0x00000000eaf00000, 0x00000000f2580000, 0x0000000100000000)
  eden space 104960K, 98% used [0x00000000eaf00000,0x00000000f1440740,0x00000000f1580000)
  from space 8192K, 35% used [0x00000000f1d80000,0x00000000f2057220,0x00000000f2580000)
  to   space 8192K, 0% used [0x00000000f1580000,0x00000000f1580000,0x00000000f1d80000)
 ParOldGen       total 44032K, used 19477K [0x00000000c0c00000, 0x00000000c3700000, 0x00000000eaf00000)
  object space 44032K, 44% used [0x00000000c0c00000,0x00000000c1f05538,0x00000000c3700000)
 Metaspace       used 20136K, capacity 20442K, committed 20736K, reserved 1067008K
  class space    used 2421K, capacity 2523K, committed 2560K, reserved 1048576K
Event: 12.663 GC heap after
Heap after GC invocations=11 (full 0):
 PSYoungGen      total 103936K, used 2908K [0x00000000eaf00000, 0x00000000f2180000, 0x0000000100000000)
  eden space 100864K, 0% used [0x00000000eaf00000,0x00000000eaf00000,0x00000000f1180000)
  from space 3072K, 94% used [0x00000000f1580000,0x00000000f1857220,0x00000000f1880000)
  to   space 8192K, 0% used [0x00000000f1980000,0x00000000f1980000,0x00000000f2180000)
 ParOldGen       total 44032K, used 19493K [0x00000000c0c00000, 0x00000000c3700000, 0x00000000eaf00000)
  object space 44032K, 44% used [0x00000000c0c00000,0x00000000c1f09538,0x00000000c3700000)
 Metaspace       used 20136K, capacity 20442K, committed 20736K, reserved 1067008K
  class space    used 2421K, capacity 2523K, committed 2560K, reserved 1048576K
}
Event: 13.830 GC heap before
{Heap before GC invocations=12 (full 0):
 PSYoungGen      total 103936K, used 103520K [0x00000000eaf00000, 0x00000000f2180000, 0x0000000100000000)
  eden space 100864K, 99% used [0x00000000eaf00000,0x00000000f11410e8,0x00000000f1180000)
  from space 3072K, 94% used [0x00000000f1580000,0x00000000f1857220,0x00000000f1880000)
  to   space 8192K, 0% used [0x00000000f1980000,0x00000000f1980000,0x00000000f2180000)
 ParOldGen       total 44032K, used 19493K [0x00000000c0c00000, 0x00000000c3700000, 0x00000000eaf00000)
  object space 44032K, 44% used [0x00000000c0c00000,0x00000000c1f09538,0x00000000c3700000)
 Metaspace       used 20162K, capacity 20442K, committed 20736K, reserved 1067008K
  class space    used 2421K, capacity 2523K, committed 2560K, reserved 1048576K
Event: 13.833 GC heap after
Heap after GC invocations=12 (full 0):
 PSYoungGen      total 101376K, used 4314K [0x00000000eaf00000, 0x00000000f1e00000, 0x0000000100000000)
  eden space 96768K, 0% used [0x00000000eaf00000,0x00000000eaf00000,0x00000000f0d80000)
  from space 4608K, 93% used [0x00000000f1980000,0x00000000f1db6b30,0x00000000f1e00000)
  to   space 8192K, 0% used [0x00000000f0e00000,0x00000000f0e00000,0x00000000f1600000)
 ParOldGen       total 44032K, used 19517K [0x00000000c0c00000, 0x00000000c3700000, 0x00000000eaf00000)
  object space 44032K, 44% used [0x00000000c0c00000,0x00000000c1f0f538,0x00000000c3700000)
 Metaspace       used 20162K, capacity 20442K, committed 20736K, reserved 1067008K
  class space    used 2421K, capacity 2523K, committed 2560K, reserved 1048576K
}
Event: 14.966 GC heap before
{Heap before GC invocations=13 (full 0):
 PSYoungGen      total 101376K, used 100762K [0x00000000eaf00000, 0x00000000f1e00000, 0x0000000100000000)
  eden space 96768K, 99% used [0x00000000eaf00000,0x00000000f0d2fe18,0x00000000f0d80000)
  from space 4608K, 93% used [0x00000000f1980000,0x00000000f1db6b30,0x00000000f1e00000)
  to   space 8192K, 0% used [0x00000000f0e00000,0x00000000f0e00000,0x00000000f1600000)
 ParOldGen       total 44032K, used 19517K [0x00000000c0c00000, 0x00000000c3700000, 0x00000000eaf00000)
  object space 44032K, 44% used [0x00000000c0c00000,0x00000000c1f0f538,0x00000000c3700000)
 Metaspace       used 20181K, capacity 20506K, committed 20736K, reserved 1067008K
  class space    used 2421K, capacity 2523K, committed 2560K, reserved 1048576K
Event: 14.968 GC heap after
Heap after GC invocations=13 (full 0):
 PSYoungGen      total 97280K, used 4314K [0x00000000eaf00000, 0x00000000f1a00000, 0x0000000100000000)
  eden space 92672K, 0% used [0x00000000eaf00000,0x00000000eaf00000,0x00000000f0980000)
  from space 4608K, 93% used [0x00000000f0e00000,0x00000000f1236b30,0x00000000f1280000)
  to   space 7680K, 0% used [0x00000000f1280000,0x00000000f1280000,0x00000000f1a00000)
 ParOldGen       total 44032K, used 19533K [0x00000000c0c00000, 0x00000000c3700000, 0x00000000eaf00000)
  object space 44032K, 44% used [0x00000000c0c00000,0x00000000c1f13538,0x00000000c3700000)
 Metaspace       used 20181K, capacity 20506K, committed 20736K, reserved 1067008K
  class space    used 2421K, capacity 2523K, committed 2560K, reserved 1048576K
}

