# JRE version: Java(TM) SE Runtime Environment (8.0_144-b01) (build 1.8.0_144-b01)
# Java VM: Java HotSpot(TM) 64-Bit Server VM (25.144-b01 mixed mode windows-amd64 compressed oops)
Heap:
 PSYoungGen      total 36864K, used 4860K [0x00000000eaf00000, 0x00000000ee000000, 0x0000000100000000)
  eden space 29696K, 11% used [0x00000000eaf00000,0x00000000eb24fa60,0x00000000ecc00000)
  from space 7168K, 20% used [0x00000000ed300000,0x00000000ed46f910,0x00000000eda00000)
  to   space 7168K, 0% used [0x00000000ecc00000,0x00000000ecc00000,0x00000000ed300000)
 ParOldGen       total 29696K, used 11248K [0x00000000c0c00000, 0x00000000c2900000, 0x00000000eaf00000)
  object space 29696K, 37% used [0x00000000c0c00000,0x00000000c16fc1d0,0x00000000c2900000)
 Metaspace       used 20322K, capacity 20634K, committed 20736K, reserved 1067008K
  class space    used 2424K, capacity 2523K, committed 2560K, reserved 1048576K
GC Heap History (10 events):
Event: 33.103 GC heap before
{Heap before GC invocations=65 (full 1):
 PSYoungGen      total 28672K, used 24471K [0x00000000eaf00000, 0x00000000ed600000, 0x0000000100000000)
  eden space 21504K, 93% used [0x00000000eaf00000,0x00000000ec2af420,0x00000000ec400000)
  from space 7168K, 60% used [0x00000000ec400000,0x00000000ec836b30,0x00000000ecb00000)
  to   space 7168K, 0% used [0x00000000ecf00000,0x00000000ecf00000,0x00000000ed600000)
 ParOldGen       total 29696K, used 11200K [0x00000000c0c00000, 0x00000000c2900000, 0x00000000eaf00000)
  object space 29696K, 37% used [0x00000000c0c00000,0x00000000c16f01d0,0x00000000c2900000)
 Metaspace       used 20318K, capacity 20634K, committed 20736K, reserved 1067008K
  class space    used 2423K, capacity 2523K, committed 2560K, reserved 1048576K
Event: 33.105 GC heap after
Heap after GC invocations=65 (full 1):
 PSYoungGen      total 32768K, used 4314K [0x00000000eaf00000, 0x00000000ed600000, 0x0000000100000000)
  eden space 25600K, 0% used [0x00000000eaf00000,0x00000000eaf00000,0x00000000ec800000)
  from space 7168K, 60% used [0x00000000ecf00000,0x00000000ed336b30,0x00000000ed600000)
  to   space 7168K, 0% used [0x00000000ec800000,0x00000000ec800000,0x00000000ecf00000)
 ParOldGen       total 29696K, used 11216K [0x00000000c0c00000, 0x00000000c2900000, 0x00000000eaf00000)
  object space 29696K, 37% used [0x00000000c0c00000,0x00000000c16f41d0,0x00000000c2900000)
 Metaspace       used 20318K, capacity 20634K, committed 20736K, reserved 1067008K
  class space    used 2423K, capacity 2523K, committed 2560K, reserved 1048576K
}
Event: 33.405 GC heap before
{Heap before GC invocations=66 (full 1):
 PSYoungGen      total 32768K, used 28766K [0x00000000eaf00000, 0x00000000ed600000, 0x0000000100000000)
  eden space 25600K, 95% used [0x00000000eaf00000,0x00000000ec6e0f50,0x00000000ec800000)
  from space 7168K, 60% used [0x00000000ecf00000,0x00000000ed336b30,0x00000000ed600000)
  to   space 7168K, 0% used [0x00000000ec800000,0x00000000ec800000,0x00000000ecf00000)
 ParOldGen       total 29696K, used 11216K [0x00000000c0c00000, 0x00000000c2900000, 0x00000000eaf00000)
  object space 29696K, 37% used [0x00000000c0c00000,0x00000000c16f41d0,0x00000000c2900000)
 Metaspace       used 20318K, capacity 20634K, committed 20736K, reserved 1067008K
  class space    used 2423K, capacity 2523K, committed 2560K, reserved 1048576K
Event: 33.407 GC heap after
Heap after GC invocations=66 (full 1):
 PSYoungGen      total 32768K, used 1470K [0x00000000eaf00000, 0x00000000eda80000, 0x0000000100000000)
  eden space 25600K, 0% used [0x00000000eaf00000,0x00000000eaf00000,0x00000000ec800000)
  from space 7168K, 20% used [0x00000000ec800000,0x00000000ec96f910,0x00000000ecf00000)
  to   space 7168K, 0% used [0x00000000ed380000,0x00000000ed380000,0x00000000eda80000)
 ParOldGen       total 29696K, used 11224K [0x00000000c0c00000, 0x00000000c2900000, 0x00000000eaf00000)
  object space 29696K, 37% used [0x00000000c0c00000,0x00000000c16f61d0,0x00000000c2900000)
 Metaspace       used 20318K, capacity 20634K, committed 20736K, reserved 1067008K
  class space    used 2423K, capacity 2523K, committed 2560K, reserved 1048576K
}
Event: 33.678 GC heap before
{Heap before GC invocations=67 (full 1):
 PSYoungGen      total 32768K, used 25920K [0x00000000eaf00000, 0x00000000eda80000, 0x0000000100000000)
  eden space 25600K, 95% used [0x00000000eaf00000,0x00000000ec6e0890,0x00000000ec800000)
  from space 7168K, 20% used [0x00000000ec800000,0x00000000ec96f910,0x00000000ecf00000)
  to   space 7168K, 0% used [0x00000000ed380000,0x00000000ed380000,0x00000000eda80000)
 ParOldGen       total 29696K, used 11224K [0x00000000c0c00000, 0x00000000c2900000, 0x00000000eaf00000)
  object space 29696K, 37% used [0x00000000c0c00000,0x00000000c16f61d0,0x00000000c2900000)
 Metaspace       used 20318K, capacity 20634K, committed 20736K, reserved 1067008K
  class space    used 2423K, capacity 2523K, committed 2560K, reserved 1048576K
Event: 33.680 GC heap after
Heap after GC invocations=67 (full 1):
 PSYoungGen      total 37376K, used 4314K [0x00000000eaf00000, 0x00000000eda80000, 0x0000000100000000)
  eden space 30208K, 0% used [0x00000000eaf00000,0x00000000eaf00000,0x00000000ecc80000)
  from space 7168K, 60% used [0x00000000ed380000,0x00000000ed7b6b30,0x00000000eda80000)
  to   space 7168K, 0% used [0x00000000ecc80000,0x00000000ecc80000,0x00000000ed380000)
 ParOldGen       total 29696K, used 11232K [0x00000000c0c00000, 0x00000000c2900000, 0x00000000eaf00000)
  object space 29696K, 37% used [0x00000000c0c00000,0x00000000c16f81d0,0x00000000c2900000)
 Metaspace       used 20318K, capacity 20634K, committed 20736K, reserved 1067008K
  class space    used 2423K, capacity 2523K, committed 2560K, reserved 1048576K
}
Event: 34.046 GC heap before
{Heap before GC invocations=68 (full 1):
 PSYoungGen      total 37376K, used 34471K [0x00000000eaf00000, 0x00000000eda80000, 0x0000000100000000)
  eden space 30208K, 99% used [0x00000000eaf00000,0x00000000ecc733f0,0x00000000ecc80000)
  from space 7168K, 60% used [0x00000000ed380000,0x00000000ed7b6b30,0x00000000eda80000)
  to   space 7168K, 0% used [0x00000000ecc80000,0x00000000ecc80000,0x00000000ed380000)
 ParOldGen       total 29696K, used 11232K [0x00000000c0c00000, 0x00000000c2900000, 0x00000000eaf00000)
  object space 29696K, 37% used [0x00000000c0c00000,0x00000000c16f81d0,0x00000000c2900000)
 Metaspace       used 20318K, capacity 20634K, committed 20736K, reserved 1067008K
  class space    used 2423K, capacity 2523K, committed 2560K, reserved 1048576K
Event: 34.048 GC heap after
Heap after GC invocations=68 (full 1):
 PSYoungGen      total 31232K, used 1470K [0x00000000eaf00000, 0x00000000eda00000, 0x0000000100000000)
  eden space 29696K, 0% used [0x00000000eaf00000,0x00000000eaf00000,0x00000000ecc00000)
  from space 1536K, 95% used [0x00000000ecc80000,0x00000000ecdef910,0x00000000ece00000)
  to   space 7168K, 0% used [0x00000000ed300000,0x00000000ed300000,0x00000000eda00000)
 ParOldGen       total 29696K, used 11240K [0x00000000c0c00000, 0x00000000c2900000, 0x00000000eaf00000)
  object space 29696K, 37% used [0x00000000c0c00000,0x00000000c16fa1d0,0x00000000c2900000)
 Metaspace       used 20318K, capacity 20634K, committed 20736K, reserved 1067008K
  class space    used 2423K, capacity 2523K, committed 2560K, reserved 1048576K
}
Event: 34.417 GC heap before
{Heap before GC invocations=69 (full 1):
 PSYoungGen      total 31232K, used 30661K [0x00000000eaf00000, 0x00000000eda00000, 0x0000000100000000)
  eden space 29696K, 98% used [0x00000000eaf00000,0x00000000ecb81d68,0x00000000ecc00000)
  from space 1536K, 95% used [0x00000000ecc80000,0x00000000ecdef910,0x00000000ece00000)
  to   space 7168K, 0% used [0x00000000ed300000,0x00000000ed300000,0x00000000eda00000)
 ParOldGen       total 29696K, used 11240K [0x00000000c0c00000, 0x00000000c2900000, 0x00000000eaf00000)
  object space 29696K, 37% used [0x00000000c0c00000,0x00000000c16fa1d0,0x00000000c2900000)
 Metaspace       used 20322K, capacity 20634K, committed 20736K, reserved 1067008K
  class space    used 2424K, capacity 2523K, committed 2560K, reserved 1048576K
Event: 34.454 GC heap after
Heap after GC invocations=69 (full 1):
 PSYoungGen      total 36864K, used 1470K [0x00000000eaf00000, 0x00000000ee000000, 0x0000000100000000)
  eden space 29696K, 0% used [0x00000000eaf00000,0x00000000eaf00000,0x00000000ecc00000)
  from space 7168K, 20% used [0x00000000ed300000,0x00000000ed46f910,0x00000000eda00000)
  to   space 7168K, 0% used [0x00000000ecc00000,0x00000000ecc00000,0x00000000ed300000)
 ParOldGen       total 29696K, used 11248K [0x00000000c0c00000, 0x00000000c2900000, 0x00000000eaf00000)
  object space 29696K, 37% used [0x00000000c0c00000,0x00000000c16fc1d0,0x00000000c2900000)
 Metaspace       used 20322K, capacity 20634K, committed 20736K, reserved 1067008K
  class space    used 2424K, capacity 2523K, committed 2560K, reserved 1048576K
}

