# JRE version: Java(TM) SE Runtime Environment (8.0_144-b01) (build 1.8.0_144-b01)
# Java VM: Java HotSpot(TM) 64-Bit Server VM (25.144-b01 mixed mode windows-amd64 compressed oops)
Heap:
 PSYoungGen      total 37376K, used 21801K [0x00000000eaf00000, 0x00000000eda00000, 0x0000000100000000)
  eden space 32768K, 57% used [0x00000000eaf00000,0x00000000ec17b2f8,0x00000000ecf00000)
  from space 4608K, 62% used [0x00000000ed580000,0x00000000ed84f220,0x00000000eda00000)
  to   space 5632K, 0% used [0x00000000ecf00000,0x00000000ecf00000,0x00000000ed480000)
 ParOldGen       total 44032K, used 15464K [0x00000000c0c00000, 0x00000000c3700000, 0x00000000eaf00000)
  object space 44032K, 35% used [0x00000000c0c00000,0x00000000c1b1a160,0x00000000c3700000)
 Metaspace       used 20163K, capacity 20488K, committed 20736K, reserved 1067008K
  class space    used 2405K, capacity 2492K, committed 2560K, reserved 1048576K
GC Heap History (10 events):
Event: 31.178 GC heap before
{Heap before GC invocations=26 (full 0):
 PSYoungGen      total 42496K, used 41720K [0x00000000eaf00000, 0x00000000ee000000, 0x0000000100000000)
  eden space 37888K, 98% used [0x00000000eaf00000,0x00000000ed3875b0,0x00000000ed400000)
  from space 4608K, 93% used [0x00000000ed500000,0x00000000ed936b30,0x00000000ed980000)
  to   space 6144K, 0% used [0x00000000eda00000,0x00000000eda00000,0x00000000ee000000)
 ParOldGen       total 44032K, used 15424K [0x00000000c0c00000, 0x00000000c3700000, 0x00000000eaf00000)
  object space 44032K, 35% used [0x00000000c0c00000,0x00000000c1b10160,0x00000000c3700000)
 Metaspace       used 20145K, capacity 20424K, committed 20736K, reserved 1067008K
  class space    used 2404K, capacity 2492K, committed 2560K, reserved 1048576K
Event: 31.179 GC heap after
Heap after GC invocations=26 (full 0):
 PSYoungGen      total 41984K, used 2876K [0x00000000eaf00000, 0x00000000edf00000, 0x0000000100000000)
  eden space 36864K, 0% used [0x00000000eaf00000,0x00000000eaf00000,0x00000000ed300000)
  from space 5120K, 56% used [0x00000000eda00000,0x00000000edccf220,0x00000000edf00000)
  to   space 6144K, 0% used [0x00000000ed300000,0x00000000ed300000,0x00000000ed900000)
 ParOldGen       total 44032K, used 15432K [0x00000000c0c00000, 0x00000000c3700000, 0x00000000eaf00000)
  object space 44032K, 35% used [0x00000000c0c00000,0x00000000c1b12160,0x00000000c3700000)
 Metaspace       used 20145K, capacity 20424K, committed 20736K, reserved 1067008K
  class space    used 2404K, capacity 2492K, committed 2560K, reserved 1048576K
}
Event: 31.607 GC heap before
{Heap before GC invocations=27 (full 0):
 PSYoungGen      total 41984K, used 38836K [0x00000000eaf00000, 0x00000000edf00000, 0x0000000100000000)
  eden space 36864K, 97% used [0x00000000eaf00000,0x00000000ed21dde0,0x00000000ed300000)
  from space 5120K, 56% used [0x00000000eda00000,0x00000000edccf220,0x00000000edf00000)
  to   space 6144K, 0% used [0x00000000ed300000,0x00000000ed300000,0x00000000ed900000)
 ParOldGen       total 44032K, used 15432K [0x00000000c0c00000, 0x00000000c3700000, 0x00000000eaf00000)
  object space 44032K, 35% used [0x00000000c0c00000,0x00000000c1b12160,0x00000000c3700000)
 Metaspace       used 20145K, capacity 20424K, committed 20736K, reserved 1067008K
  class space    used 2404K, capacity 2492K, committed 2560K, reserved 1048576K
Event: 31.608 GC heap after
Heap after GC invocations=27 (full 0):
 PSYoungGen      total 37376K, used 1502K [0x00000000eaf00000, 0x00000000ede00000, 0x0000000100000000)
  eden space 35840K, 0% used [0x00000000eaf00000,0x00000000eaf00000,0x00000000ed200000)
  from space 1536K, 97% used [0x00000000ed300000,0x00000000ed477910,0x00000000ed480000)
  to   space 6144K, 0% used [0x00000000ed800000,0x00000000ed800000,0x00000000ede00000)
 ParOldGen       total 44032K, used 15440K [0x00000000c0c00000, 0x00000000c3700000, 0x00000000eaf00000)
  object space 44032K, 35% used [0x00000000c0c00000,0x00000000c1b14160,0x00000000c3700000)
 Metaspace       used 20145K, capacity 20424K, committed 20736K, reserved 1067008K
  class space    used 2404K, capacity 2492K, committed 2560K, reserved 1048576K
}
Event: 32.008 GC heap before
{Heap before GC invocations=28 (full 0):
 PSYoungGen      total 37376K, used 36037K [0x00000000eaf00000, 0x00000000ede00000, 0x0000000100000000)
  eden space 35840K, 96% used [0x00000000eaf00000,0x00000000ed0b9ed0,0x00000000ed200000)
  from space 1536K, 97% used [0x00000000ed300000,0x00000000ed477910,0x00000000ed480000)
  to   space 6144K, 0% used [0x00000000ed800000,0x00000000ed800000,0x00000000ede00000)
 ParOldGen       total 44032K, used 15440K [0x00000000c0c00000, 0x00000000c3700000, 0x00000000eaf00000)
  object space 44032K, 35% used [0x00000000c0c00000,0x00000000c1b14160,0x00000000c3700000)
 Metaspace       used 20145K, capacity 20424K, committed 20736K, reserved 1067008K
  class space    used 2404K, capacity 2492K, committed 2560K, reserved 1048576K
Event: 32.009 GC heap after
Heap after GC invocations=28 (full 0):
 PSYoungGen      total 39936K, used 1502K [0x00000000eaf00000, 0x00000000edd00000, 0x0000000100000000)
  eden space 34816K, 0% used [0x00000000eaf00000,0x00000000eaf00000,0x00000000ed100000)
  from space 5120K, 29% used [0x00000000ed800000,0x00000000ed977910,0x00000000edd00000)
  to   space 6144K, 0% used [0x00000000ed100000,0x00000000ed100000,0x00000000ed700000)
 ParOldGen       total 44032K, used 15448K [0x00000000c0c00000, 0x00000000c3700000, 0x00000000eaf00000)
  object space 44032K, 35% used [0x00000000c0c00000,0x00000000c1b16160,0x00000000c3700000)
 Metaspace       used 20145K, capacity 20424K, committed 20736K, reserved 1067008K
  class space    used 2404K, capacity 2492K, committed 2560K, reserved 1048576K
}
Event: 32.407 GC heap before
{Heap before GC invocations=29 (full 0):
 PSYoungGen      total 39936K, used 35972K [0x00000000eaf00000, 0x00000000edd00000, 0x0000000100000000)
  eden space 34816K, 99% used [0x00000000eaf00000,0x00000000ed0a99b0,0x00000000ed100000)
  from space 5120K, 29% used [0x00000000ed800000,0x00000000ed977910,0x00000000edd00000)
  to   space 6144K, 0% used [0x00000000ed100000,0x00000000ed100000,0x00000000ed700000)
 ParOldGen       total 44032K, used 15448K [0x00000000c0c00000, 0x00000000c3700000, 0x00000000eaf00000)
  object space 44032K, 35% used [0x00000000c0c00000,0x00000000c1b16160,0x00000000c3700000)
 Metaspace       used 20154K, capacity 20488K, committed 20736K, reserved 1067008K
  class space    used 2404K, capacity 2492K, committed 2560K, reserved 1048576K
Event: 32.408 GC heap after
Heap after GC invocations=29 (full 0):
 PSYoungGen      total 35328K, used 1470K [0x00000000eaf00000, 0x00000000edb00000, 0x0000000100000000)
  eden space 33792K, 0% used [0x00000000eaf00000,0x00000000eaf00000,0x00000000ed000000)
  from space 1536K, 95% used [0x00000000ed100000,0x00000000ed26f910,0x00000000ed280000)
  to   space 5632K, 0% used [0x00000000ed580000,0x00000000ed580000,0x00000000edb00000)
 ParOldGen       total 44032K, used 15456K [0x00000000c0c00000, 0x00000000c3700000, 0x00000000eaf00000)
  object space 44032K, 35% used [0x00000000c0c00000,0x00000000c1b18160,0x00000000c3700000)
 Metaspace       used 20154K, capacity 20488K, committed 20736K, reserved 1067008K
  class space    used 2404K, capacity 2492K, committed 2560K, reserved 1048576K
}
Event: 32.777 GC heap before
{Heap before GC invocations=30 (full 0):
 PSYoungGen      total 35328K, used 35013K [0x00000000eaf00000, 0x00000000edb00000, 0x0000000100000000)
  eden space 33792K, 99% used [0x00000000eaf00000,0x00000000ecfc1d08,0x00000000ed000000)
  from space 1536K, 95% used [0x00000000ed100000,0x00000000ed26f910,0x00000000ed280000)
  to   space 5632K, 0% used [0x00000000ed580000,0x00000000ed580000,0x00000000edb00000)
 ParOldGen       total 44032K, used 15456K [0x00000000c0c00000, 0x00000000c3700000, 0x00000000eaf00000)
  object space 44032K, 35% used [0x00000000c0c00000,0x00000000c1b18160,0x00000000c3700000)
 Metaspace       used 20163K, capacity 20488K, committed 20736K, reserved 1067008K
  class space    used 2405K, capacity 2492K, committed 2560K, reserved 1048576K
Event: 32.779 GC heap after
Heap after GC invocations=30 (full 0):
 PSYoungGen      total 37376K, used 2876K [0x00000000eaf00000, 0x00000000eda00000, 0x0000000100000000)
  eden space 32768K, 0% used [0x00000000eaf00000,0x00000000eaf00000,0x00000000ecf00000)
  from space 4608K, 62% used [0x00000000ed580000,0x00000000ed84f220,0x00000000eda00000)
  to   space 5632K, 0% used [0x00000000ecf00000,0x00000000ecf00000,0x00000000ed480000)
 ParOldGen       total 44032K, used 15464K [0x00000000c0c00000, 0x00000000c3700000, 0x00000000eaf00000)
  object space 44032K, 35% used [0x00000000c0c00000,0x00000000c1b1a160,0x00000000c3700000)
 Metaspace       used 20163K, capacity 20488K, committed 20736K, reserved 1067008K
  class space    used 2405K, capacity 2492K, committed 2560K, reserved 1048576K
}

