# JRE version: Java(TM) SE Runtime Environment (8.0_144-b01) (build 1.8.0_144-b01)
# Java VM: Java HotSpot(TM) 64-Bit Server VM (25.144-b01 mixed mode windows-amd64 compressed oops)
Heap:
 PSYoungGen      total 23040K, used 4671K [0x00000000eaf00000, 0x00000000ecc80000, 0x0000000100000000)
  eden space 15872K, 11% used [0x00000000eaf00000,0x00000000eb0b89e8,0x00000000ebe80000)
  from space 7168K, 40% used [0x00000000ec580000,0x00000000ec857220,0x00000000ecc80000)
  to   space 7168K, 0% used [0x00000000ebe80000,0x00000000ebe80000,0x00000000ec580000)
 ParOldGen       total 44032K, used 12412K [0x00000000c0c00000, 0x00000000c3700000, 0x00000000eaf00000)
  object space 44032K, 28% used [0x00000000c0c00000,0x00000000c181f108,0x00000000c3700000)
 Metaspace       used 20158K, capacity 20446K, committed 20736K, reserved 1067008K
  class space    used 2428K, capacity 2523K, committed 2560K, reserved 1048576K
GC Heap History (10 events):
Event: 21.954 GC heap before
{Heap before GC invocations=8 (full 0):
 PSYoungGen      total 23552K, used 18839K [0x00000000eaf00000, 0x00000000ecd00000, 0x0000000100000000)
  eden space 16384K, 96% used [0x00000000eaf00000,0x00000000ebe76ac0,0x00000000ebf00000)
  from space 7168K, 41% used [0x00000000ebf00000,0x00000000ec1ef220,0x00000000ec600000)
  to   space 7168K, 0% used [0x00000000ec600000,0x00000000ec600000,0x00000000ecd00000)
 ParOldGen       total 44032K, used 12236K [0x00000000c0c00000, 0x00000000c3700000, 0x00000000eaf00000)
  object space 44032K, 27% used [0x00000000c0c00000,0x00000000c17f3108,0x00000000c3700000)
 Metaspace       used 20111K, capacity 20374K, committed 20480K, reserved 1067008K
  class space    used 2427K, capacity 2523K, committed 2560K, reserved 1048576K
Event: 21.956 GC heap after
Heap after GC invocations=8 (full 0):
 PSYoungGen      total 23040K, used 1470K [0x00000000eaf00000, 0x00000000ece00000, 0x0000000100000000)
  eden space 15872K, 0% used [0x00000000eaf00000,0x00000000eaf00000,0x00000000ebe80000)
  from space 7168K, 20% used [0x00000000ec600000,0x00000000ec76f910,0x00000000ecd00000)
  to   space 7680K, 0% used [0x00000000ebe80000,0x00000000ebe80000,0x00000000ec600000)
 ParOldGen       total 44032K, used 12380K [0x00000000c0c00000, 0x00000000c3700000, 0x00000000eaf00000)
  object space 44032K, 28% used [0x00000000c0c00000,0x00000000c1817108,0x00000000c3700000)
 Metaspace       used 20111K, capacity 20374K, committed 20480K, reserved 1067008K
  class space    used 2427K, capacity 2523K, committed 2560K, reserved 1048576K
}
Event: 23.899 GC heap before
{Heap before GC invocations=9 (full 0):
 PSYoungGen      total 23040K, used 17259K [0x00000000eaf00000, 0x00000000ece00000, 0x0000000100000000)
  eden space 15872K, 99% used [0x00000000eaf00000,0x00000000ebe6b618,0x00000000ebe80000)
  from space 7168K, 20% used [0x00000000ec600000,0x00000000ec76f910,0x00000000ecd00000)
  to   space 7680K, 0% used [0x00000000ebe80000,0x00000000ebe80000,0x00000000ec600000)
 ParOldGen       total 44032K, used 12380K [0x00000000c0c00000, 0x00000000c3700000, 0x00000000eaf00000)
  object space 44032K, 28% used [0x00000000c0c00000,0x00000000c1817108,0x00000000c3700000)
 Metaspace       used 20112K, capacity 20374K, committed 20480K, reserved 1067008K
  class space    used 2427K, capacity 2523K, committed 2560K, reserved 1048576K
Event: 23.901 GC heap after
Heap after GC invocations=9 (full 0):
 PSYoungGen      total 20480K, used 4314K [0x00000000eaf00000, 0x00000000ecc80000, 0x0000000100000000)
  eden space 15872K, 0% used [0x00000000eaf00000,0x00000000eaf00000,0x00000000ebe80000)
  from space 4608K, 93% used [0x00000000ebe80000,0x00000000ec2b6b30,0x00000000ec300000)
  to   space 7168K, 0% used [0x00000000ec580000,0x00000000ec580000,0x00000000ecc80000)
 ParOldGen       total 44032K, used 12388K [0x00000000c0c00000, 0x00000000c3700000, 0x00000000eaf00000)
  object space 44032K, 28% used [0x00000000c0c00000,0x00000000c1819108,0x00000000c3700000)
 Metaspace       used 20112K, capacity 20374K, committed 20480K, reserved 1067008K
  class space    used 2427K, capacity 2523K, committed 2560K, reserved 1048576K
}
Event: 26.184 GC heap before
{Heap before GC invocations=10 (full 0):
 PSYoungGen      total 20480K, used 20118K [0x00000000eaf00000, 0x00000000ecc80000, 0x0000000100000000)
  eden space 15872K, 99% used [0x00000000eaf00000,0x00000000ebe6eea8,0x00000000ebe80000)
  from space 4608K, 93% used [0x00000000ebe80000,0x00000000ec2b6b30,0x00000000ec300000)
  to   space 7168K, 0% used [0x00000000ec580000,0x00000000ec580000,0x00000000ecc80000)
 ParOldGen       total 44032K, used 12388K [0x00000000c0c00000, 0x00000000c3700000, 0x00000000eaf00000)
  object space 44032K, 28% used [0x00000000c0c00000,0x00000000c1819108,0x00000000c3700000)
 Metaspace       used 20133K, capacity 20438K, committed 20736K, reserved 1067008K
  class space    used 2427K, capacity 2523K, committed 2560K, reserved 1048576K
Event: 26.185 GC heap after
Heap after GC invocations=10 (full 0):
 PSYoungGen      total 23040K, used 1470K [0x00000000eaf00000, 0x00000000ecc80000, 0x0000000100000000)
  eden space 15872K, 0% used [0x00000000eaf00000,0x00000000eaf00000,0x00000000ebe80000)
  from space 7168K, 20% used [0x00000000ec580000,0x00000000ec6ef910,0x00000000ecc80000)
  to   space 7168K, 0% used [0x00000000ebe80000,0x00000000ebe80000,0x00000000ec580000)
 ParOldGen       total 44032K, used 12396K [0x00000000c0c00000, 0x00000000c3700000, 0x00000000eaf00000)
  object space 44032K, 28% used [0x00000000c0c00000,0x00000000c181b108,0x00000000c3700000)
 Metaspace       used 20133K, capacity 20438K, committed 20736K, reserved 1067008K
  class space    used 2427K, capacity 2523K, committed 2560K, reserved 1048576K
}
Event: 28.088 GC heap before
{Heap before GC invocations=11 (full 0):
 PSYoungGen      total 23040K, used 17266K [0x00000000eaf00000, 0x00000000ecc80000, 0x0000000100000000)
  eden space 15872K, 99% used [0x00000000eaf00000,0x00000000ebe6d270,0x00000000ebe80000)
  from space 7168K, 20% used [0x00000000ec580000,0x00000000ec6ef910,0x00000000ecc80000)
  to   space 7168K, 0% used [0x00000000ebe80000,0x00000000ebe80000,0x00000000ec580000)
 ParOldGen       total 44032K, used 12396K [0x00000000c0c00000, 0x00000000c3700000, 0x00000000eaf00000)
  object space 44032K, 28% used [0x00000000c0c00000,0x00000000c181b108,0x00000000c3700000)
 Metaspace       used 20140K, capacity 20438K, committed 20736K, reserved 1067008K
  class space    used 2427K, capacity 2523K, committed 2560K, reserved 1048576K
Event: 28.089 GC heap after
Heap after GC invocations=11 (full 0):
 PSYoungGen      total 23040K, used 4314K [0x00000000eaf00000, 0x00000000ecc80000, 0x0000000100000000)
  eden space 15872K, 0% used [0x00000000eaf00000,0x00000000eaf00000,0x00000000ebe80000)
  from space 7168K, 60% used [0x00000000ebe80000,0x00000000ec2b6b30,0x00000000ec580000)
  to   space 7168K, 0% used [0x00000000ec580000,0x00000000ec580000,0x00000000ecc80000)
 ParOldGen       total 44032K, used 12404K [0x00000000c0c00000, 0x00000000c3700000, 0x00000000eaf00000)
  object space 44032K, 28% used [0x00000000c0c00000,0x00000000c181d108,0x00000000c3700000)
 Metaspace       used 20140K, capacity 20438K, committed 20736K, reserved 1067008K
  class space    used 2427K, capacity 2523K, committed 2560K, reserved 1048576K
}
Event: 30.035 GC heap before
{Heap before GC invocations=12 (full 0):
 PSYoungGen      total 23040K, used 19010K [0x00000000eaf00000, 0x00000000ecc80000, 0x0000000100000000)
  eden space 15872K, 92% used [0x00000000eaf00000,0x00000000ebd59d10,0x00000000ebe80000)
  from space 7168K, 60% used [0x00000000ebe80000,0x00000000ec2b6b30,0x00000000ec580000)
  to   space 7168K, 0% used [0x00000000ec580000,0x00000000ec580000,0x00000000ecc80000)
 ParOldGen       total 44032K, used 12404K [0x00000000c0c00000, 0x00000000c3700000, 0x00000000eaf00000)
  object space 44032K, 28% used [0x00000000c0c00000,0x00000000c181d108,0x00000000c3700000)
 Metaspace       used 20155K, capacity 20446K, committed 20736K, reserved 1067008K
  class space    used 2428K, capacity 2523K, committed 2560K, reserved 1048576K
Event: 30.036 GC heap after
Heap after GC invocations=12 (full 0):
 PSYoungGen      total 23040K, used 2908K [0x00000000eaf00000, 0x00000000ecc80000, 0x0000000100000000)
  eden space 15872K, 0% used [0x00000000eaf00000,0x00000000eaf00000,0x00000000ebe80000)
  from space 7168K, 40% used [0x00000000ec580000,0x00000000ec857220,0x00000000ecc80000)
  to   space 7168K, 0% used [0x00000000ebe80000,0x00000000ebe80000,0x00000000ec580000)
 ParOldGen       total 44032K, used 12412K [0x00000000c0c00000, 0x00000000c3700000, 0x00000000eaf00000)
  object space 44032K, 28% used [0x00000000c0c00000,0x00000000c181f108,0x00000000c3700000)
 Metaspace       used 20155K, capacity 20446K, committed 20736K, reserved 1067008K
  class space    used 2428K, capacity 2523K, committed 2560K, reserved 1048576K
}

