# JRE version: Java(TM) SE Runtime Environment (8.0_144-b01) (build 1.8.0_144-b01)
# Java VM: Java HotSpot(TM) 64-Bit Server VM (25.144-b01 mixed mode windows-amd64 compressed oops)
Heap:
 PSYoungGen      total 344576K, used 31221K [0x00000000eaf00000, 0x0000000100000000, 0x0000000100000000)
  eden space 344064K, 9% used [0x00000000eaf00000,0x00000000ecd65420,0x00000000fff00000)
  from space 512K, 18% used [0x00000000fff00000,0x00000000fff18000,0x00000000fff80000)
  to   space 512K, 0% used [0x00000000fff80000,0x00000000fff80000,0x0000000100000000)
 ParOldGen       total 174592K, used 51684K [0x00000000c0c00000, 0x00000000cb680000, 0x00000000eaf00000)
  object space 174592K, 29% used [0x00000000c0c00000,0x00000000c3e79080,0x00000000cb680000)
 Metaspace       used 13691K, capacity 13940K, committed 14208K, reserved 1062912K
  class space    used 1573K, capacity 1653K, committed 1664K, reserved 1048576K
GC Heap History (10 events):
Event: 47.697 GC heap before
{Heap before GC invocations=65 (full 13):
 PSYoungGen      total 344576K, used 341965K [0x00000000eaf00000, 0x0000000100000000, 0x0000000100000000)
  eden space 344064K, 99% used [0x00000000eaf00000,0x00000000ffce3418,0x00000000fff00000)
  from space 512K, 12% used [0x00000000fff00000,0x00000000fff10000,0x00000000fff80000)
  to   space 512K, 0% used [0x00000000fff80000,0x00000000fff80000,0x0000000100000000)
 ParOldGen       total 168448K, used 51239K [0x00000000c0c00000, 0x00000000cb080000, 0x00000000eaf00000)
  object space 168448K, 30% used [0x00000000c0c00000,0x00000000c3e09e88,0x00000000cb080000)
 Metaspace       used 13672K, capacity 13940K, committed 14208K, reserved 1062912K
  class space    used 1571K, capacity 1653K, committed 1664K, reserved 1048576K
Event: 47.701 GC heap after
Heap after GC invocations=65 (full 13):
 PSYoungGen      total 344576K, used 96K [0x00000000eaf00000, 0x0000000100000000, 0x0000000100000000)
  eden space 344064K, 0% used [0x00000000eaf00000,0x00000000eaf00000,0x00000000fff00000)
  from space 512K, 18% used [0x00000000fff80000,0x00000000fff98000,0x0000000100000000)
  to   space 512K, 0% used [0x00000000fff00000,0x00000000fff00000,0x00000000fff80000)
 ParOldGen       total 168448K, used 63389K [0x00000000c0c00000, 0x00000000cb080000, 0x00000000eaf00000)
  object space 168448K, 37% used [0x00000000c0c00000,0x00000000c49e76a8,0x00000000cb080000)
 Metaspace       used 13672K, capacity 13940K, committed 14208K, reserved 1062912K
  class space    used 1571K, capacity 1653K, committed 1664K, reserved 1048576K
}
Event: 49.773 GC heap before
{Heap before GC invocations=66 (full 14):
 PSYoungGen      total 344576K, used 341265K [0x00000000eaf00000, 0x0000000100000000, 0x0000000100000000)
  eden space 344064K, 99% used [0x00000000eaf00000,0x00000000ffc2c788,0x00000000fff00000)
  from space 512K, 18% used [0x00000000fff80000,0x00000000fff98000,0x0000000100000000)
  to   space 512K, 0% used [0x00000000fff00000,0x00000000fff00000,0x00000000fff80000)
 ParOldGen       total 451072K, used 446115K [0x00000000c0c00000, 0x00000000dc480000, 0x00000000eaf00000)
  object space 451072K, 98% used [0x00000000c0c00000,0x00000000dbfa8e98,0x00000000dc480000)
 Metaspace       used 13673K, capacity 13940K, committed 14208K, reserved 1062912K
  class space    used 1571K, capacity 1653K, committed 1664K, reserved 1048576K
Event: 49.820 GC heap after
Heap after GC invocations=66 (full 14):
 PSYoungGen      total 344576K, used 0K [0x00000000eaf00000, 0x0000000100000000, 0x0000000100000000)
  eden space 344064K, 0% used [0x00000000eaf00000,0x00000000eaf00000,0x00000000fff00000)
  from space 512K, 0% used [0x00000000fff80000,0x00000000fff80000,0x0000000100000000)
  to   space 512K, 0% used [0x00000000fff00000,0x00000000fff00000,0x00000000fff80000)
 ParOldGen       total 174592K, used 9159K [0x00000000c0c00000, 0x00000000cb680000, 0x00000000eaf00000)
  object space 174592K, 5% used [0x00000000c0c00000,0x00000000c14f1c10,0x00000000cb680000)
 Metaspace       used 13673K, capacity 13940K, committed 14208K, reserved 1062912K
  class space    used 1571K, capacity 1653K, committed 1664K, reserved 1048576K
}
Event: 50.734 GC heap before
{Heap before GC invocations=67 (full 14):
 PSYoungGen      total 344576K, used 341061K [0x00000000eaf00000, 0x0000000100000000, 0x0000000100000000)
  eden space 344064K, 99% used [0x00000000eaf00000,0x00000000ffc117b8,0x00000000fff00000)
  from space 512K, 0% used [0x00000000fff80000,0x00000000fff80000,0x0000000100000000)
  to   space 512K, 0% used [0x00000000fff00000,0x00000000fff00000,0x00000000fff80000)
 ParOldGen       total 174592K, used 9159K [0x00000000c0c00000, 0x00000000cb680000, 0x00000000eaf00000)
  object space 174592K, 5% used [0x00000000c0c00000,0x00000000c14f1c10,0x00000000cb680000)
 Metaspace       used 13673K, capacity 13940K, committed 14208K, reserved 1062912K
  class space    used 1571K, capacity 1653K, committed 1664K, reserved 1048576K
Event: 50.738 GC heap after
Heap after GC invocations=67 (full 14):
 PSYoungGen      total 344576K, used 96K [0x00000000eaf00000, 0x0000000100000000, 0x0000000100000000)
  eden space 344064K, 0% used [0x00000000eaf00000,0x00000000eaf00000,0x00000000fff00000)
  from space 512K, 18% used [0x00000000fff00000,0x00000000fff18000,0x00000000fff80000)
  to   space 512K, 0% used [0x00000000fff80000,0x00000000fff80000,0x0000000100000000)
 ParOldGen       total 174592K, used 21309K [0x00000000c0c00000, 0x00000000cb680000, 0x00000000eaf00000)
  object space 174592K, 12% used [0x00000000c0c00000,0x00000000c20cf430,0x00000000cb680000)
 Metaspace       used 13673K, capacity 13940K, committed 14208K, reserved 1062912K
  class space    used 1571K, capacity 1653K, committed 1664K, reserved 1048576K
}
Event: 51.662 GC heap before
{Heap before GC invocations=68 (full 14):
 PSYoungGen      total 344576K, used 341168K [0x00000000eaf00000, 0x0000000100000000, 0x0000000100000000)
  eden space 344064K, 99% used [0x00000000eaf00000,0x00000000ffc143a0,0x00000000fff00000)
  from space 512K, 18% used [0x00000000fff00000,0x00000000fff18000,0x00000000fff80000)
  to   space 512K, 0% used [0x00000000fff80000,0x00000000fff80000,0x0000000100000000)
 ParOldGen       total 174592K, used 21309K [0x00000000c0c00000, 0x00000000cb680000, 0x00000000eaf00000)
  object space 174592K, 12% used [0x00000000c0c00000,0x00000000c20cf430,0x00000000cb680000)
 Metaspace       used 13673K, capacity 13940K, committed 14208K, reserved 1062912K
  class space    used 1571K, capacity 1653K, committed 1664K, reserved 1048576K
Event: 51.666 GC heap after
Heap after GC invocations=68 (full 14):
 PSYoungGen      total 344576K, used 96K [0x00000000eaf00000, 0x0000000100000000, 0x0000000100000000)
  eden space 344064K, 0% used [0x00000000eaf00000,0x00000000eaf00000,0x00000000fff00000)
  from space 512K, 18% used [0x00000000fff80000,0x00000000fff98000,0x0000000100000000)
  to   space 512K, 0% used [0x00000000fff00000,0x00000000fff00000,0x00000000fff80000)
 ParOldGen       total 174592K, used 33459K [0x00000000c0c00000, 0x00000000cb680000, 0x00000000eaf00000)
  object space 174592K, 19% used [0x00000000c0c00000,0x00000000c2cacc50,0x00000000cb680000)
 Metaspace       used 13673K, capacity 13940K, committed 14208K, reserved 1062912K
  class space    used 1571K, capacity 1653K, committed 1664K, reserved 1048576K
}
Event: 52.577 GC heap before
{Heap before GC invocations=69 (full 14):
 PSYoungGen      total 344576K, used 340246K [0x00000000eaf00000, 0x0000000100000000, 0x0000000100000000)
  eden space 344064K, 98% used [0x00000000eaf00000,0x00000000ffb2d940,0x00000000fff00000)
  from space 512K, 18% used [0x00000000fff80000,0x00000000fff98000,0x0000000100000000)
  to   space 512K, 0% used [0x00000000fff00000,0x00000000fff00000,0x00000000fff80000)
 ParOldGen       total 174592K, used 33459K [0x00000000c0c00000, 0x00000000cb680000, 0x00000000eaf00000)
  object space 174592K, 19% used [0x00000000c0c00000,0x00000000c2cacc50,0x00000000cb680000)
 Metaspace       used 13691K, capacity 13940K, committed 14208K, reserved 1062912K
  class space    used 1573K, capacity 1653K, committed 1664K, reserved 1048576K
Event: 52.593 GC heap after
Heap after GC invocations=69 (full 14):
 PSYoungGen      total 344576K, used 96K [0x00000000eaf00000, 0x0000000100000000, 0x0000000100000000)
  eden space 344064K, 0% used [0x00000000eaf00000,0x00000000eaf00000,0x00000000fff00000)
  from space 512K, 18% used [0x00000000fff00000,0x00000000fff18000,0x00000000fff80000)
  to   space 512K, 0% used [0x00000000fff80000,0x00000000fff80000,0x0000000100000000)
 ParOldGen       total 174592K, used 51684K [0x00000000c0c00000, 0x00000000cb680000, 0x00000000eaf00000)
  object space 174592K, 29% used [0x00000000c0c00000,0x00000000c3e79080,0x00000000cb680000)
 Metaspace       used 13691K, capacity 13940K, committed 14208K, reserved 1062912K
  class space    used 1573K, capacity 1653K, committed 1664K, reserved 1048576K
}

