# JRE version: Java(TM) SE Runtime Environment (8.0_144-b01) (build 1.8.0_144-b01)
# Java VM: Java HotSpot(TM) 64-Bit Server VM (25.144-b01 mixed mode windows-amd64 compressed oops)
Heap:
 PSYoungGen      total 335360K, used 216988K [0x00000000eaf00000, 0x0000000100000000, 0x0000000100000000)
  eden space 325632K, 66% used [0x00000000eaf00000,0x00000000f82e7070,0x00000000fed00000)
  from space 9728K, 0% used [0x00000000ff680000,0x00000000ff680000,0x0000000100000000)
  to   space 9728K, 0% used [0x00000000fed00000,0x00000000fed00000,0x00000000ff680000)
 ParOldGen       total 645632K, used 23450K [0x00000000c0c00000, 0x00000000e8280000, 0x00000000eaf00000)
  object space 645632K, 3% used [0x00000000c0c00000,0x00000000c22e6930,0x00000000e8280000)
 Metaspace       used 18881K, capacity 19190K, committed 19456K, reserved 1067008K
  class space    used 2108K, capacity 2207K, committed 2304K, reserved 1048576K
GC Heap History (10 events):
Event: 126.314 GC heap before
{Heap before GC invocations=116 (full 23):
 PSYoungGen      total 335872K, used 328708K [0x00000000eaf00000, 0x0000000100000000, 0x0000000100000000)
  eden space 326656K, 98% used [0x00000000eaf00000,0x00000000fe9fa660,0x00000000fee00000)
  from space 9216K, 66% used [0x00000000ff700000,0x00000000ffd06c10,0x0000000100000000)
  to   space 9216K, 0% used [0x00000000fee00000,0x00000000fee00000,0x00000000ff700000)
 ParOldGen       total 590336K, used 37203K [0x00000000c0c00000, 0x00000000e4c80000, 0x00000000eaf00000)
  object space 590336K, 6% used [0x00000000c0c00000,0x00000000c3054fc0,0x00000000e4c80000)
 Metaspace       used 18824K, capacity 19126K, committed 19456K, reserved 1067008K
  class space    used 2105K, capacity 2207K, committed 2304K, reserved 1048576K
Event: 126.337 GC heap after
Heap after GC invocations=116 (full 23):
 PSYoungGen      total 335872K, used 6171K [0x00000000eaf00000, 0x0000000100000000, 0x0000000100000000)
  eden space 326656K, 0% used [0x00000000eaf00000,0x00000000eaf00000,0x00000000fee00000)
  from space 9216K, 66% used [0x00000000fee00000,0x00000000ff406c10,0x00000000ff700000)
  to   space 9216K, 0% used [0x00000000ff700000,0x00000000ff700000,0x0000000100000000)
 ParOldGen       total 590336K, used 49361K [0x00000000c0c00000, 0x00000000e4c80000, 0x00000000eaf00000)
  object space 590336K, 8% used [0x00000000c0c00000,0x00000000c3c347e0,0x00000000e4c80000)
 Metaspace       used 18824K, capacity 19126K, committed 19456K, reserved 1067008K
  class space    used 2105K, capacity 2207K, committed 2304K, reserved 1048576K
}
Event: 127.216 GC heap before
{Heap before GC invocations=117 (full 23):
 PSYoungGen      total 335872K, used 329032K [0x00000000eaf00000, 0x0000000100000000, 0x0000000100000000)
  eden space 326656K, 98% used [0x00000000eaf00000,0x00000000fea4b440,0x00000000fee00000)
  from space 9216K, 66% used [0x00000000fee00000,0x00000000ff406c10,0x00000000ff700000)
  to   space 9216K, 0% used [0x00000000ff700000,0x00000000ff700000,0x0000000100000000)
 ParOldGen       total 590336K, used 55436K [0x00000000c0c00000, 0x00000000e4c80000, 0x00000000eaf00000)
  object space 590336K, 9% used [0x00000000c0c00000,0x00000000c42233f0,0x00000000e4c80000)
 Metaspace       used 18829K, capacity 19126K, committed 19456K, reserved 1067008K
  class space    used 2105K, capacity 2207K, committed 2304K, reserved 1048576K
Event: 127.220 GC heap after
Heap after GC invocations=117 (full 23):
 PSYoungGen      total 335872K, used 6139K [0x00000000eaf00000, 0x0000000100000000, 0x0000000100000000)
  eden space 326656K, 0% used [0x00000000eaf00000,0x00000000eaf00000,0x00000000fee00000)
  from space 9216K, 66% used [0x00000000ff700000,0x00000000ffcfec10,0x0000000100000000)
  to   space 9216K, 0% used [0x00000000fee00000,0x00000000fee00000,0x00000000ff700000)
 ParOldGen       total 590336K, used 55436K [0x00000000c0c00000, 0x00000000e4c80000, 0x00000000eaf00000)
  object space 590336K, 9% used [0x00000000c0c00000,0x00000000c42233f0,0x00000000e4c80000)
 Metaspace       used 18829K, capacity 19126K, committed 19456K, reserved 1067008K
  class space    used 2105K, capacity 2207K, committed 2304K, reserved 1048576K
}
Event: 129.189 GC heap before
{Heap before GC invocations=118 (full 23):
 PSYoungGen      total 335872K, used 329054K [0x00000000eaf00000, 0x0000000100000000, 0x0000000100000000)
  eden space 326656K, 98% used [0x00000000eaf00000,0x00000000fea58cf8,0x00000000fee00000)
  from space 9216K, 66% used [0x00000000ff700000,0x00000000ffcfec10,0x0000000100000000)
  to   space 9216K, 0% used [0x00000000fee00000,0x00000000fee00000,0x00000000ff700000)
 ParOldGen       total 590336K, used 438162K [0x00000000c0c00000, 0x00000000e4c80000, 0x00000000eaf00000)
  object space 590336K, 74% used [0x00000000c0c00000,0x00000000db7e4be0,0x00000000e4c80000)
 Metaspace       used 18842K, capacity 19190K, committed 19456K, reserved 1067008K
  class space    used 2105K, capacity 2207K, committed 2304K, reserved 1048576K
Event: 129.199 GC heap after
Heap after GC invocations=118 (full 23):
 PSYoungGen      total 327168K, used 64K [0x00000000eaf00000, 0x0000000100000000, 0x0000000100000000)
  eden space 326656K, 0% used [0x00000000eaf00000,0x00000000eaf00000,0x00000000fee00000)
  from space 512K, 12% used [0x00000000fee00000,0x00000000fee10000,0x00000000fee80000)
  to   space 9728K, 0% used [0x00000000ff680000,0x00000000ff680000,0x0000000100000000)
 ParOldGen       total 590336K, used 438162K [0x00000000c0c00000, 0x00000000e4c80000, 0x00000000eaf00000)
  object space 590336K, 74% used [0x00000000c0c00000,0x00000000db7e4be0,0x00000000e4c80000)
 Metaspace       used 18842K, capacity 19190K, committed 19456K, reserved 1067008K
  class space    used 2105K, capacity 2207K, committed 2304K, reserved 1048576K
}
Event: 130.112 GC heap before
{Heap before GC invocations=119 (full 23):
 PSYoungGen      total 327168K, used 322581K [0x00000000eaf00000, 0x0000000100000000, 0x0000000100000000)
  eden space 326656K, 98% used [0x00000000eaf00000,0x00000000fe9f5550,0x00000000fee00000)
  from space 512K, 12% used [0x00000000fee00000,0x00000000fee10000,0x00000000fee80000)
  to   space 9728K, 0% used [0x00000000ff680000,0x00000000ff680000,0x0000000100000000)
 ParOldGen       total 590336K, used 444237K [0x00000000c0c00000, 0x00000000e4c80000, 0x00000000eaf00000)
  object space 590336K, 75% used [0x00000000c0c00000,0x00000000dbdd37f0,0x00000000e4c80000)
 Metaspace       used 18842K, capacity 19190K, committed 19456K, reserved 1067008K
  class space    used 2105K, capacity 2207K, committed 2304K, reserved 1048576K
Event: 130.117 GC heap after
Heap after GC invocations=119 (full 23):
 PSYoungGen      total 335360K, used 6171K [0x00000000eaf00000, 0x0000000100000000, 0x0000000100000000)
  eden space 325632K, 0% used [0x00000000eaf00000,0x00000000eaf00000,0x00000000fed00000)
  from space 9728K, 63% used [0x00000000ff680000,0x00000000ffc86c10,0x0000000100000000)
  to   space 9728K, 0% used [0x00000000fed00000,0x00000000fed00000,0x00000000ff680000)
 ParOldGen       total 590336K, used 450313K [0x00000000c0c00000, 0x00000000e4c80000, 0x00000000eaf00000)
  object space 590336K, 76% used [0x00000000c0c00000,0x00000000dc3c2400,0x00000000e4c80000)
 Metaspace       used 18842K, capacity 19190K, committed 19456K, reserved 1067008K
  class space    used 2105K, capacity 2207K, committed 2304K, reserved 1048576K
}
Event: 131.648 GC heap before
{Heap before GC invocations=120 (full 24):
 PSYoungGen      total 335360K, used 328880K [0x00000000eaf00000, 0x0000000100000000, 0x0000000100000000)
  eden space 325632K, 99% used [0x00000000eaf00000,0x00000000fea25650,0x00000000fed00000)
  from space 9728K, 63% used [0x00000000ff680000,0x00000000ffc86c10,0x0000000100000000)
  to   space 9728K, 0% used [0x00000000fed00000,0x00000000fed00000,0x00000000ff680000)
 ParOldGen       total 691200K, used 687238K [0x00000000c0c00000, 0x00000000eaf00000, 0x00000000eaf00000)
  object space 691200K, 99% used [0x00000000c0c00000,0x00000000eab21a70,0x00000000eaf00000)
 Metaspace       used 18844K, capacity 19190K, committed 19456K, reserved 1067008K
  class space    used 2105K, capacity 2207K, committed 2304K, reserved 1048576K
Event: 131.708 GC heap after
Heap after GC invocations=120 (full 24):
 PSYoungGen      total 335360K, used 0K [0x00000000eaf00000, 0x0000000100000000, 0x0000000100000000)
  eden space 325632K, 0% used [0x00000000eaf00000,0x00000000eaf00000,0x00000000fed00000)
  from space 9728K, 0% used [0x00000000ff680000,0x00000000ff680000,0x0000000100000000)
  to   space 9728K, 0% used [0x00000000fed00000,0x00000000fed00000,0x00000000ff680000)
 ParOldGen       total 645632K, used 23450K [0x00000000c0c00000, 0x00000000e8280000, 0x00000000eaf00000)
  object space 645632K, 3% used [0x00000000c0c00000,0x00000000c22e6930,0x00000000e8280000)
 Metaspace       used 18844K, capacity 19190K, committed 19456K, reserved 1067008K
  class space    used 2105K, capacity 2207K, committed 2304K, reserved 1048576K
}

