# JRE version: Java(TM) SE Runtime Environment (8.0_144-b01) (build 1.8.0_144-b01)
# Java VM: Java HotSpot(TM) 64-Bit Server VM (25.144-b01 mixed mode windows-amd64 compressed oops)
Heap:
 PSYoungGen      total 342016K, used 95347K [0x00000000eaf00000, 0x0000000100000000, 0x0000000100000000)
  eden space 338944K, 28% used [0x00000000eaf00000,0x00000000f0c04c88,0x00000000ffa00000)
  from space 3072K, 3% used [0x00000000ffd00000,0x00000000ffd18000,0x0000000100000000)
  to   space 3072K, 0% used [0x00000000ffa00000,0x00000000ffa00000,0x00000000ffd00000)
 ParOldGen       total 183296K, used 36176K [0x00000000c0c00000, 0x00000000cbf00000, 0x00000000eaf00000)
  object space 183296K, 19% used [0x00000000c0c00000,0x00000000c2f540c8,0x00000000cbf00000)
 Metaspace       used 18222K, capacity 18538K, committed 18816K, reserved 1067008K
  class space    used 2056K, capacity 2141K, committed 2176K, reserved 1048576K
GC Heap History (10 events):
Event: 47.645 GC heap before
{Heap before GC invocations=37 (full 10):
 PSYoungGen      total 341504K, used 335333K [0x00000000eaf00000, 0x0000000100000000, 0x0000000100000000)
  eden space 337920K, 99% used [0x00000000eaf00000,0x00000000ff679798,0x00000000ff900000)
  from space 3584K, 0% used [0x00000000ffc80000,0x00000000ffc80000,0x0000000100000000)
  to   space 3584K, 0% used [0x00000000ff900000,0x00000000ff900000,0x00000000ffc80000)
 ParOldGen       total 167936K, used 30093K [0x00000000c0c00000, 0x00000000cb000000, 0x00000000eaf00000)
  object space 167936K, 17% used [0x00000000c0c00000,0x00000000c29637c8,0x00000000cb000000)
 Metaspace       used 18118K, capacity 18410K, committed 18816K, reserved 1067008K
  class space    used 2054K, capacity 2141K, committed 2176K, reserved 1048576K
Event: 47.650 GC heap after
Heap after GC invocations=37 (full 10):
 PSYoungGen      total 341504K, used 96K [0x00000000eaf00000, 0x0000000100000000, 0x0000000100000000)
  eden space 337920K, 0% used [0x00000000eaf00000,0x00000000eaf00000,0x00000000ff900000)
  from space 3584K, 2% used [0x00000000ff900000,0x00000000ff918000,0x00000000ffc80000)
  to   space 3584K, 0% used [0x00000000ffc80000,0x00000000ffc80000,0x0000000100000000)
 ParOldGen       total 167936K, used 48318K [0x00000000c0c00000, 0x00000000cb000000, 0x00000000eaf00000)
  object space 167936K, 28% used [0x00000000c0c00000,0x00000000c3b2fbf8,0x00000000cb000000)
 Metaspace       used 18118K, capacity 18410K, committed 18816K, reserved 1067008K
  class space    used 2054K, capacity 2141K, committed 2176K, reserved 1048576K
}
Event: 49.467 GC heap before
{Heap before GC invocations=38 (full 10):
 PSYoungGen      total 341504K, used 335618K [0x00000000eaf00000, 0x0000000100000000, 0x0000000100000000)
  eden space 337920K, 99% used [0x00000000eaf00000,0x00000000ff6a8b08,0x00000000ff900000)
  from space 3584K, 2% used [0x00000000ff900000,0x00000000ff918000,0x00000000ffc80000)
  to   space 3584K, 0% used [0x00000000ffc80000,0x00000000ffc80000,0x0000000100000000)
 ParOldGen       total 167936K, used 48318K [0x00000000c0c00000, 0x00000000cb000000, 0x00000000eaf00000)
  object space 167936K, 28% used [0x00000000c0c00000,0x00000000c3b2fbf8,0x00000000cb000000)
 Metaspace       used 18135K, capacity 18410K, committed 18816K, reserved 1067008K
  class space    used 2054K, capacity 2141K, committed 2176K, reserved 1048576K
Event: 49.474 GC heap after
Heap after GC invocations=38 (full 10):
 PSYoungGen      total 340480K, used 96K [0x00000000eaf00000, 0x00000000fff00000, 0x0000000100000000)
  eden space 337920K, 0% used [0x00000000eaf00000,0x00000000eaf00000,0x00000000ff900000)
  from space 2560K, 3% used [0x00000000ffc80000,0x00000000ffc98000,0x00000000fff00000)
  to   space 3072K, 0% used [0x00000000ff900000,0x00000000ff900000,0x00000000ffc00000)
 ParOldGen       total 167936K, used 66544K [0x00000000c0c00000, 0x00000000cb000000, 0x00000000eaf00000)
  object space 167936K, 39% used [0x00000000c0c00000,0x00000000c4cfc028,0x00000000cb000000)
 Metaspace       used 18135K, capacity 18410K, committed 18816K, reserved 1067008K
  class space    used 2054K, capacity 2141K, committed 2176K, reserved 1048576K
}
Event: 51.336 GC heap before
{Heap before GC invocations=39 (full 10):
 PSYoungGen      total 340480K, used 332898K [0x00000000eaf00000, 0x00000000fff00000, 0x0000000100000000)
  eden space 337920K, 98% used [0x00000000eaf00000,0x00000000ff400aa0,0x00000000ff900000)
  from space 2560K, 3% used [0x00000000ffc80000,0x00000000ffc98000,0x00000000fff00000)
  to   space 3072K, 0% used [0x00000000ff900000,0x00000000ff900000,0x00000000ffc00000)
 ParOldGen       total 167936K, used 72619K [0x00000000c0c00000, 0x00000000cb000000, 0x00000000eaf00000)
  object space 167936K, 43% used [0x00000000c0c00000,0x00000000c52eac38,0x00000000cb000000)
 Metaspace       used 18146K, capacity 18474K, committed 18816K, reserved 1067008K
  class space    used 2054K, capacity 2141K, committed 2176K, reserved 1048576K
Event: 51.340 GC heap after
Heap after GC invocations=39 (full 10):
 PSYoungGen      total 340992K, used 96K [0x00000000eaf00000, 0x0000000100000000, 0x0000000100000000)
  eden space 337920K, 0% used [0x00000000eaf00000,0x00000000eaf00000,0x00000000ff900000)
  from space 3072K, 3% used [0x00000000ff900000,0x00000000ff918000,0x00000000ffc00000)
  to   space 3072K, 0% used [0x00000000ffd00000,0x00000000ffd00000,0x0000000100000000)
 ParOldGen       total 167936K, used 84777K [0x00000000c0c00000, 0x00000000cb000000, 0x00000000eaf00000)
  object space 167936K, 50% used [0x00000000c0c00000,0x00000000c5eca458,0x00000000cb000000)
 Metaspace       used 18146K, capacity 18474K, committed 18816K, reserved 1067008K
  class space    used 2054K, capacity 2141K, committed 2176K, reserved 1048576K
}
Event: 55.309 GC heap before
{Heap before GC invocations=40 (full 11):
 PSYoungGen      total 340992K, used 337428K [0x00000000eaf00000, 0x0000000100000000, 0x0000000100000000)
  eden space 337920K, 99% used [0x00000000eaf00000,0x00000000ff86d1b0,0x00000000ff900000)
  from space 3072K, 3% used [0x00000000ff900000,0x00000000ff918000,0x00000000ffc00000)
  to   space 3072K, 0% used [0x00000000ffd00000,0x00000000ffd00000,0x0000000100000000)
 ParOldGen       total 468992K, used 467503K [0x00000000c0c00000, 0x00000000dd600000, 0x00000000eaf00000)
  object space 468992K, 99% used [0x00000000c0c00000,0x00000000dd48bc48,0x00000000dd600000)
 Metaspace       used 18184K, capacity 18474K, committed 18816K, reserved 1067008K
  class space    used 2054K, capacity 2141K, committed 2176K, reserved 1048576K
Event: 55.357 GC heap after
Heap after GC invocations=40 (full 11):
 PSYoungGen      total 340992K, used 0K [0x00000000eaf00000, 0x0000000100000000, 0x0000000100000000)
  eden space 337920K, 0% used [0x00000000eaf00000,0x00000000eaf00000,0x00000000ff900000)
  from space 3072K, 0% used [0x00000000ff900000,0x00000000ff900000,0x00000000ffc00000)
  to   space 3072K, 0% used [0x00000000ffd00000,0x00000000ffd00000,0x0000000100000000)
 ParOldGen       total 183296K, used 24026K [0x00000000c0c00000, 0x00000000cbf00000, 0x00000000eaf00000)
  object space 183296K, 13% used [0x00000000c0c00000,0x00000000c23768a8,0x00000000cbf00000)
 Metaspace       used 18184K, capacity 18474K, committed 18816K, reserved 1067008K
  class space    used 2054K, capacity 2141K, committed 2176K, reserved 1048576K
}
Event: 57.126 GC heap before
{Heap before GC invocations=41 (full 11):
 PSYoungGen      total 340992K, used 336310K [0x00000000eaf00000, 0x0000000100000000, 0x0000000100000000)
  eden space 337920K, 99% used [0x00000000eaf00000,0x00000000ff76d9e0,0x00000000ff900000)
  from space 3072K, 0% used [0x00000000ff900000,0x00000000ff900000,0x00000000ffc00000)
  to   space 3072K, 0% used [0x00000000ffd00000,0x00000000ffd00000,0x0000000100000000)
 ParOldGen       total 183296K, used 24026K [0x00000000c0c00000, 0x00000000cbf00000, 0x00000000eaf00000)
  object space 183296K, 13% used [0x00000000c0c00000,0x00000000c23768a8,0x00000000cbf00000)
 Metaspace       used 18185K, capacity 18474K, committed 18816K, reserved 1067008K
  class space    used 2054K, capacity 2141K, committed 2176K, reserved 1048576K
Event: 57.130 GC heap after
Heap after GC invocations=41 (full 11):
 PSYoungGen      total 342016K, used 96K [0x00000000eaf00000, 0x0000000100000000, 0x0000000100000000)
  eden space 338944K, 0% used [0x00000000eaf00000,0x00000000eaf00000,0x00000000ffa00000)
  from space 3072K, 3% used [0x00000000ffd00000,0x00000000ffd18000,0x0000000100000000)
  to   space 3072K, 0% used [0x00000000ffa00000,0x00000000ffa00000,0x00000000ffd00000)
 ParOldGen       total 183296K, used 36176K [0x00000000c0c00000, 0x00000000cbf00000, 0x00000000eaf00000)
  object space 183296K, 19% used [0x00000000c0c00000,0x00000000c2f540c8,0x00000000cbf00000)
 Metaspace       used 18185K, capacity 18474K, committed 18816K, reserved 1067008K
  class space    used 2054K, capacity 2141K, committed 2176K, reserved 1048576K
}

