# JRE version: Java(TM) SE Runtime Environment (8.0_144-b01) (build 1.8.0_144-b01)
# Java VM: Java HotSpot(TM) 64-Bit Server VM (25.144-b01 mixed mode windows-amd64 compressed oops)
Heap:
 PSYoungGen      total 341504K, used 296412K [0x00000000eaf00000, 0x0000000100000000, 0x0000000100000000)
  eden space 338944K, 87% used [0x00000000eaf00000,0x00000000fd077200,0x00000000ffa00000)
  from space 2560K, 0% used [0x00000000ffa00000,0x00000000ffa00000,0x00000000ffc80000)
  to   space 2560K, 0% used [0x00000000ffd80000,0x00000000ffd80000,0x0000000100000000)
 ParOldGen       total 162816K, used 16846K [0x00000000c0c00000, 0x00000000cab00000, 0x00000000eaf00000)
  object space 162816K, 10% used [0x00000000c0c00000,0x00000000c1c739b0,0x00000000cab00000)
 Metaspace       used 18328K, capacity 18634K, committed 18816K, reserved 1067008K
  class space    used 2065K, capacity 2173K, committed 2176K, reserved 1048576K
GC Heap History (10 events):
Event: 19.769 GC heap before
{Heap before GC invocations=34 (full 8):
 PSYoungGen      total 342016K, used 334939K [0x00000000eaf00000, 0x0000000100000000, 0x0000000100000000)
  eden space 338944K, 98% used [0x00000000eaf00000,0x00000000ff5fece8,0x00000000ffa00000)
  from space 3072K, 3% used [0x00000000ffa00000,0x00000000ffa18000,0x00000000ffd00000)
  to   space 3072K, 0% used [0x00000000ffd00000,0x00000000ffd00000,0x0000000100000000)
 ParOldGen       total 121856K, used 95443K [0x00000000c0c00000, 0x00000000c8300000, 0x00000000eaf00000)
  object space 121856K, 78% used [0x00000000c0c00000,0x00000000c6934f88,0x00000000c8300000)
 Metaspace       used 18282K, capacity 18634K, committed 18816K, reserved 1067008K
  class space    used 2065K, capacity 2173K, committed 2176K, reserved 1048576K
Event: 19.775 GC heap after
Heap after GC invocations=34 (full 8):
 PSYoungGen      total 340992K, used 96K [0x00000000eaf00000, 0x00000000fff00000, 0x0000000100000000)
  eden space 338944K, 0% used [0x00000000eaf00000,0x00000000eaf00000,0x00000000ffa00000)
  from space 2048K, 4% used [0x00000000ffd00000,0x00000000ffd18000,0x00000000fff00000)
  to   space 2560K, 0% used [0x00000000ffa00000,0x00000000ffa00000,0x00000000ffc80000)
 ParOldGen       total 121856K, used 113668K [0x00000000c0c00000, 0x00000000c8300000, 0x00000000eaf00000)
  object space 121856K, 93% used [0x00000000c0c00000,0x00000000c7b013b8,0x00000000c8300000)
 Metaspace       used 18282K, capacity 18634K, committed 18816K, reserved 1067008K
  class space    used 2065K, capacity 2173K, committed 2176K, reserved 1048576K
}
Event: 19.776 GC heap before
{Heap before GC invocations=35 (full 9):
 PSYoungGen      total 340992K, used 96K [0x00000000eaf00000, 0x00000000fff00000, 0x0000000100000000)
  eden space 338944K, 0% used [0x00000000eaf00000,0x00000000eaf00000,0x00000000ffa00000)
  from space 2048K, 4% used [0x00000000ffd00000,0x00000000ffd18000,0x00000000fff00000)
  to   space 2560K, 0% used [0x00000000ffa00000,0x00000000ffa00000,0x00000000ffc80000)
 ParOldGen       total 121856K, used 113668K [0x00000000c0c00000, 0x00000000c8300000, 0x00000000eaf00000)
  object space 121856K, 93% used [0x00000000c0c00000,0x00000000c7b013b8,0x00000000c8300000)
 Metaspace       used 18282K, capacity 18634K, committed 18816K, reserved 1067008K
  class space    used 2065K, capacity 2173K, committed 2176K, reserved 1048576K
Event: 19.795 GC heap after
Heap after GC invocations=35 (full 9):
 PSYoungGen      total 340992K, used 0K [0x00000000eaf00000, 0x00000000fff00000, 0x0000000100000000)
  eden space 338944K, 0% used [0x00000000eaf00000,0x00000000eaf00000,0x00000000ffa00000)
  from space 2048K, 0% used [0x00000000ffd00000,0x00000000ffd00000,0x00000000fff00000)
  to   space 2560K, 0% used [0x00000000ffa00000,0x00000000ffa00000,0x00000000ffc80000)
 ParOldGen       total 137216K, used 22528K [0x00000000c0c00000, 0x00000000c9200000, 0x00000000eaf00000)
  object space 137216K, 16% used [0x00000000c0c00000,0x00000000c22003c0,0x00000000c9200000)
 Metaspace       used 18282K, capacity 18634K, committed 18816K, reserved 1067008K
  class space    used 2065K, capacity 2173K, committed 2176K, reserved 1048576K
}
Event: 20.708 GC heap before
{Heap before GC invocations=36 (full 9):
 PSYoungGen      total 340992K, used 334868K [0x00000000eaf00000, 0x00000000fff00000, 0x0000000100000000)
  eden space 338944K, 98% used [0x00000000eaf00000,0x00000000ff6052a0,0x00000000ffa00000)
  from space 2048K, 0% used [0x00000000ffd00000,0x00000000ffd00000,0x00000000fff00000)
  to   space 2560K, 0% used [0x00000000ffa00000,0x00000000ffa00000,0x00000000ffc80000)
 ParOldGen       total 137216K, used 28603K [0x00000000c0c00000, 0x00000000c9200000, 0x00000000eaf00000)
  object space 137216K, 20% used [0x00000000c0c00000,0x00000000c27eefd0,0x00000000c9200000)
 Metaspace       used 18282K, capacity 18634K, committed 18816K, reserved 1067008K
  class space    used 2065K, capacity 2173K, committed 2176K, reserved 1048576K
Event: 20.724 GC heap after
Heap after GC invocations=36 (full 9):
 PSYoungGen      total 341504K, used 96K [0x00000000eaf00000, 0x0000000100000000, 0x0000000100000000)
  eden space 338944K, 0% used [0x00000000eaf00000,0x00000000eaf00000,0x00000000ffa00000)
  from space 2560K, 3% used [0x00000000ffa00000,0x00000000ffa18000,0x00000000ffc80000)
  to   space 2560K, 0% used [0x00000000ffd80000,0x00000000ffd80000,0x0000000100000000)
 ParOldGen       total 137216K, used 46829K [0x00000000c0c00000, 0x00000000c9200000, 0x00000000eaf00000)
  object space 137216K, 34% used [0x00000000c0c00000,0x00000000c39bb400,0x00000000c9200000)
 Metaspace       used 18282K, capacity 18634K, committed 18816K, reserved 1067008K
  class space    used 2065K, capacity 2173K, committed 2176K, reserved 1048576K
}
Event: 22.704 GC heap before
{Heap before GC invocations=37 (full 10):
 PSYoungGen      total 341504K, used 335072K [0x00000000eaf00000, 0x0000000100000000, 0x0000000100000000)
  eden space 338944K, 98% used [0x00000000eaf00000,0x00000000ff620120,0x00000000ffa00000)
  from space 2560K, 3% used [0x00000000ffa00000,0x00000000ffa18000,0x00000000ffc80000)
  to   space 2560K, 0% used [0x00000000ffd80000,0x00000000ffd80000,0x0000000100000000)
 ParOldGen       total 438272K, used 435630K [0x00000000c0c00000, 0x00000000db800000, 0x00000000eaf00000)
  object space 438272K, 99% used [0x00000000c0c00000,0x00000000db56b800,0x00000000db800000)
 Metaspace       used 18297K, capacity 18634K, committed 18816K, reserved 1067008K
  class space    used 2065K, capacity 2173K, committed 2176K, reserved 1048576K
Event: 22.758 GC heap after
Heap after GC invocations=37 (full 10):
 PSYoungGen      total 341504K, used 0K [0x00000000eaf00000, 0x0000000100000000, 0x0000000100000000)
  eden space 338944K, 0% used [0x00000000eaf00000,0x00000000eaf00000,0x00000000ffa00000)
  from space 2560K, 0% used [0x00000000ffa00000,0x00000000ffa00000,0x00000000ffc80000)
  to   space 2560K, 0% used [0x00000000ffd80000,0x00000000ffd80000,0x0000000100000000)
 ParOldGen       total 153600K, used 22921K [0x00000000c0c00000, 0x00000000ca200000, 0x00000000eaf00000)
  object space 153600K, 14% used [0x00000000c0c00000,0x00000000c2262700,0x00000000ca200000)
 Metaspace       used 18297K, capacity 18634K, committed 18816K, reserved 1067008K
  class space    used 2065K, capacity 2173K, committed 2176K, reserved 1048576K
}
Event: 24.737 GC heap before
{Heap before GC invocations=38 (full 11):
 PSYoungGen      total 341504K, used 334980K [0x00000000eaf00000, 0x0000000100000000, 0x0000000100000000)
  eden space 338944K, 98% used [0x00000000eaf00000,0x00000000ff621070,0x00000000ffa00000)
  from space 2560K, 0% used [0x00000000ffa00000,0x00000000ffa00000,0x00000000ffc80000)
  to   space 2560K, 0% used [0x00000000ffd80000,0x00000000ffd80000,0x0000000100000000)
 ParOldGen       total 411648K, used 405647K [0x00000000c0c00000, 0x00000000d9e00000, 0x00000000eaf00000)
  object space 411648K, 98% used [0x00000000c0c00000,0x00000000d9823ef0,0x00000000d9e00000)
 Metaspace       used 18322K, capacity 18634K, committed 18816K, reserved 1067008K
  class space    used 2065K, capacity 2173K, committed 2176K, reserved 1048576K
Event: 24.786 GC heap after
Heap after GC invocations=38 (full 11):
 PSYoungGen      total 341504K, used 0K [0x00000000eaf00000, 0x0000000100000000, 0x0000000100000000)
  eden space 338944K, 0% used [0x00000000eaf00000,0x00000000eaf00000,0x00000000ffa00000)
  from space 2560K, 0% used [0x00000000ffa00000,0x00000000ffa00000,0x00000000ffc80000)
  to   space 2560K, 0% used [0x00000000ffd80000,0x00000000ffd80000,0x0000000100000000)
 ParOldGen       total 162816K, used 16846K [0x00000000c0c00000, 0x00000000cab00000, 0x00000000eaf00000)
  object space 162816K, 10% used [0x00000000c0c00000,0x00000000c1c739b0,0x00000000cab00000)
 Metaspace       used 18322K, capacity 18634K, committed 18816K, reserved 1067008K
  class space    used 2065K, capacity 2173K, committed 2176K, reserved 1048576K
}

