# JRE version: Java(TM) SE Runtime Environment (8.0_144-b01) (build 1.8.0_144-b01)
# Java VM: Java HotSpot(TM) 64-Bit Server VM (25.144-b01 mixed mode windows-amd64 compressed oops)
Heap:
 PSYoungGen      total 319488K, used 131005K [0x00000000eaf00000, 0x00000000feb00000, 0x0000000100000000)
  eden space 317440K, 41% used [0x00000000eaf00000,0x00000000f2ed7618,0x00000000fe500000)
  from space 2048K, 4% used [0x00000000fe700000,0x00000000fe718000,0x00000000fe900000)
  to   space 2048K, 0% used [0x00000000fe500000,0x00000000fe500000,0x00000000fe700000)
 ParOldGen       total 219648K, used 30441K [0x00000000c0c00000, 0x00000000ce280000, 0x00000000eaf00000)
  object space 219648K, 13% used [0x00000000c0c00000,0x00000000c29ba5e8,0x00000000ce280000)
 Metaspace       used 18542K, capacity 18806K, committed 19072K, reserved 1067008K
  class space    used 2057K, capacity 2141K, committed 2176K, reserved 1048576K
GC Heap History (10 events):
Event: 50.448 GC heap before
{Heap before GC invocations=47 (full 10):
 PSYoungGen      total 303616K, used 298402K [0x00000000eaf00000, 0x00000000fda80000, 0x0000000100000000)
  eden space 301568K, 98% used [0x00000000eaf00000,0x00000000fd250ab0,0x00000000fd580000)
  from space 2048K, 4% used [0x00000000fd880000,0x00000000fd898000,0x00000000fda80000)
  to   space 2560K, 0% used [0x00000000fd580000,0x00000000fd580000,0x00000000fd800000)
 ParOldGen       total 194048K, used 127775K [0x00000000c0c00000, 0x00000000cc980000, 0x00000000eaf00000)
  object space 194048K, 65% used [0x00000000c0c00000,0x00000000c88c7d70,0x00000000cc980000)
 Metaspace       used 18458K, capacity 18742K, committed 19072K, reserved 1067008K
  class space    used 2054K, capacity 2141K, committed 2176K, reserved 1048576K
Event: 50.457 GC heap after
Heap after GC invocations=47 (full 10):
 PSYoungGen      total 304128K, used 96K [0x00000000eaf00000, 0x00000000fe300000, 0x0000000100000000)
  eden space 301568K, 0% used [0x00000000eaf00000,0x00000000eaf00000,0x00000000fd580000)
  from space 2560K, 3% used [0x00000000fd580000,0x00000000fd598000,0x00000000fd800000)
  to   space 2560K, 0% used [0x00000000fe080000,0x00000000fe080000,0x00000000fe300000)
 ParOldGen       total 194048K, used 146008K [0x00000000c0c00000, 0x00000000cc980000, 0x00000000eaf00000)
  object space 194048K, 75% used [0x00000000c0c00000,0x00000000c9a961a0,0x00000000cc980000)
 Metaspace       used 18458K, capacity 18742K, committed 19072K, reserved 1067008K
  class space    used 2054K, capacity 2141K, committed 2176K, reserved 1048576K
}
Event: 52.158 GC heap before
{Heap before GC invocations=48 (full 10):
 PSYoungGen      total 304128K, used 298672K [0x00000000eaf00000, 0x00000000fe300000, 0x0000000100000000)
  eden space 301568K, 99% used [0x00000000eaf00000,0x00000000fd2942d8,0x00000000fd580000)
  from space 2560K, 3% used [0x00000000fd580000,0x00000000fd598000,0x00000000fd800000)
  to   space 2560K, 0% used [0x00000000fe080000,0x00000000fe080000,0x00000000fe300000)
 ParOldGen       total 194048K, used 146008K [0x00000000c0c00000, 0x00000000cc980000, 0x00000000eaf00000)
  object space 194048K, 75% used [0x00000000c0c00000,0x00000000c9a961a0,0x00000000cc980000)
 Metaspace       used 18497K, capacity 18742K, committed 19072K, reserved 1067008K
  class space    used 2054K, capacity 2141K, committed 2176K, reserved 1048576K
Event: 52.163 GC heap after
Heap after GC invocations=48 (full 10):
 PSYoungGen      total 311808K, used 96K [0x00000000eaf00000, 0x00000000fe280000, 0x0000000100000000)
  eden space 309760K, 0% used [0x00000000eaf00000,0x00000000eaf00000,0x00000000fdd80000)
  from space 2048K, 4% used [0x00000000fe080000,0x00000000fe098000,0x00000000fe280000)
  to   space 2560K, 0% used [0x00000000fdd80000,0x00000000fdd80000,0x00000000fe000000)
 ParOldGen       total 194048K, used 164233K [0x00000000c0c00000, 0x00000000cc980000, 0x00000000eaf00000)
  object space 194048K, 84% used [0x00000000c0c00000,0x00000000cac625d0,0x00000000cc980000)
 Metaspace       used 18497K, capacity 18742K, committed 19072K, reserved 1067008K
  class space    used 2054K, capacity 2141K, committed 2176K, reserved 1048576K
}
Event: 53.820 GC heap before
{Heap before GC invocations=49 (full 10):
 PSYoungGen      total 311808K, used 305727K [0x00000000eaf00000, 0x00000000fe280000, 0x0000000100000000)
  eden space 309760K, 98% used [0x00000000eaf00000,0x00000000fd977ee0,0x00000000fdd80000)
  from space 2048K, 4% used [0x00000000fe080000,0x00000000fe098000,0x00000000fe280000)
  to   space 2560K, 0% used [0x00000000fdd80000,0x00000000fdd80000,0x00000000fe000000)
 ParOldGen       total 194048K, used 164233K [0x00000000c0c00000, 0x00000000cc980000, 0x00000000eaf00000)
  object space 194048K, 84% used [0x00000000c0c00000,0x00000000cac625d0,0x00000000cc980000)
 Metaspace       used 18500K, capacity 18742K, committed 19072K, reserved 1067008K
  class space    used 2055K, capacity 2141K, committed 2176K, reserved 1048576K
Event: 53.824 GC heap after
Heap after GC invocations=49 (full 10):
 PSYoungGen      total 312320K, used 96K [0x00000000eaf00000, 0x00000000fe900000, 0x0000000100000000)
  eden space 309760K, 0% used [0x00000000eaf00000,0x00000000eaf00000,0x00000000fdd80000)
  from space 2560K, 3% used [0x00000000fdd80000,0x00000000fdd98000,0x00000000fe000000)
  to   space 2048K, 0% used [0x00000000fe700000,0x00000000fe700000,0x00000000fe900000)
 ParOldGen       total 194048K, used 176383K [0x00000000c0c00000, 0x00000000cc980000, 0x00000000eaf00000)
  object space 194048K, 90% used [0x00000000c0c00000,0x00000000cb83fdf0,0x00000000cc980000)
 Metaspace       used 18500K, capacity 18742K, committed 19072K, reserved 1067008K
  class space    used 2055K, capacity 2141K, committed 2176K, reserved 1048576K
}
Event: 53.824 GC heap before
{Heap before GC invocations=50 (full 11):
 PSYoungGen      total 312320K, used 96K [0x00000000eaf00000, 0x00000000fe900000, 0x0000000100000000)
  eden space 309760K, 0% used [0x00000000eaf00000,0x00000000eaf00000,0x00000000fdd80000)
  from space 2560K, 3% used [0x00000000fdd80000,0x00000000fdd98000,0x00000000fe000000)
  to   space 2048K, 0% used [0x00000000fe700000,0x00000000fe700000,0x00000000fe900000)
 ParOldGen       total 194048K, used 176383K [0x00000000c0c00000, 0x00000000cc980000, 0x00000000eaf00000)
  object space 194048K, 90% used [0x00000000c0c00000,0x00000000cb83fdf0,0x00000000cc980000)
 Metaspace       used 18500K, capacity 18742K, committed 19072K, reserved 1067008K
  class space    used 2055K, capacity 2141K, committed 2176K, reserved 1048576K
Event: 53.845 GC heap after
Heap after GC invocations=50 (full 11):
 PSYoungGen      total 312320K, used 0K [0x00000000eaf00000, 0x00000000fe900000, 0x0000000100000000)
  eden space 309760K, 0% used [0x00000000eaf00000,0x00000000eaf00000,0x00000000fdd80000)
  from space 2560K, 0% used [0x00000000fdd80000,0x00000000fdd80000,0x00000000fe000000)
  to   space 2048K, 0% used [0x00000000fe700000,0x00000000fe700000,0x00000000fe900000)
 ParOldGen       total 219648K, used 12216K [0x00000000c0c00000, 0x00000000ce280000, 0x00000000eaf00000)
  object space 219648K, 5% used [0x00000000c0c00000,0x00000000c17ee1b8,0x00000000ce280000)
 Metaspace       used 18500K, capacity 18742K, committed 19072K, reserved 1067008K
  class space    used 2055K, capacity 2141K, committed 2176K, reserved 1048576K
}
Event: 55.423 GC heap before
{Heap before GC invocations=51 (full 11):
 PSYoungGen      total 312320K, used 304287K [0x00000000eaf00000, 0x00000000fe900000, 0x0000000100000000)
  eden space 309760K, 98% used [0x00000000eaf00000,0x00000000fd827c58,0x00000000fdd80000)
  from space 2560K, 0% used [0x00000000fdd80000,0x00000000fdd80000,0x00000000fe000000)
  to   space 2048K, 0% used [0x00000000fe700000,0x00000000fe700000,0x00000000fe900000)
 ParOldGen       total 219648K, used 12216K [0x00000000c0c00000, 0x00000000ce280000, 0x00000000eaf00000)
  object space 219648K, 5% used [0x00000000c0c00000,0x00000000c17ee1b8,0x00000000ce280000)
 Metaspace       used 18505K, capacity 18742K, committed 19072K, reserved 1067008K
  class space    used 2055K, capacity 2141K, committed 2176K, reserved 1048576K
Event: 55.428 GC heap after
Heap after GC invocations=51 (full 11):
 PSYoungGen      total 319488K, used 96K [0x00000000eaf00000, 0x00000000feb00000, 0x0000000100000000)
  eden space 317440K, 0% used [0x00000000eaf00000,0x00000000eaf00000,0x00000000fe500000)
  from space 2048K, 4% used [0x00000000fe700000,0x00000000fe718000,0x00000000fe900000)
  to   space 2048K, 0% used [0x00000000fe500000,0x00000000fe500000,0x00000000fe700000)
 ParOldGen       total 219648K, used 30441K [0x00000000c0c00000, 0x00000000ce280000, 0x00000000eaf00000)
  object space 219648K, 13% used [0x00000000c0c00000,0x00000000c29ba5e8,0x00000000ce280000)
 Metaspace       used 18505K, capacity 18742K, committed 19072K, reserved 1067008K
  class space    used 2055K, capacity 2141K, committed 2176K, reserved 1048576K
}

