# JRE version: Java(TM) SE Runtime Environment (8.0_144-b01) (build 1.8.0_144-b01)
# Java VM: Java HotSpot(TM) 64-Bit Server VM (25.144-b01 mixed mode windows-amd64 compressed oops)
Heap:
 PSYoungGen      total 22528K, used 4632K [0x00000000eaf00000, 0x00000000ecc00000, 0x0000000100000000)
  eden space 16384K, 10% used [0x00000000eaf00000,0x00000000eb0aee70,0x00000000ebf00000)
  from space 6144K, 47% used [0x00000000ec600000,0x00000000ec8d7220,0x00000000ecc00000)
  to   space 6656K, 0% used [0x00000000ebf00000,0x00000000ebf00000,0x00000000ec580000)
 ParOldGen       total 44032K, used 15026K [0x00000000c0c00000, 0x00000000c3700000, 0x00000000eaf00000)
  object space 44032K, 34% used [0x00000000c0c00000,0x00000000c1aac8e0,0x00000000c3700000)
 Metaspace       used 20619K, capacity 20890K, committed 21120K, reserved 1067008K
  class space    used 2499K, capacity 2587K, committed 2688K, reserved 1048576K
GC Heap History (10 events):
Event: 51.425 GC heap before
{Heap before GC invocations=20 (full 0):
 PSYoungGen      total 24064K, used 17309K [0x00000000eaf00000, 0x00000000ece00000, 0x0000000100000000)
  eden space 16384K, 96% used [0x00000000eaf00000,0x00000000ebe77cc0,0x00000000ebf00000)
  from space 7680K, 19% used [0x00000000ebf00000,0x00000000ec06f910,0x00000000ec680000)
  to   space 7680K, 0% used [0x00000000ec680000,0x00000000ec680000,0x00000000ece00000)
 ParOldGen       total 44032K, used 14970K [0x00000000c0c00000, 0x00000000c3700000, 0x00000000eaf00000)
  object space 44032K, 33% used [0x00000000c0c00000,0x00000000c1a9e8e0,0x00000000c3700000)
 Metaspace       used 20583K, capacity 20890K, committed 21120K, reserved 1067008K
  class space    used 2492K, capacity 2587K, committed 2688K, reserved 1048576K
Event: 51.426 GC heap after
Heap after GC invocations=20 (full 0):
 PSYoungGen      total 23040K, used 2908K [0x00000000eaf00000, 0x00000000ecd00000, 0x0000000100000000)
  eden space 16384K, 0% used [0x00000000eaf00000,0x00000000eaf00000,0x00000000ebf00000)
  from space 6656K, 43% used [0x00000000ec680000,0x00000000ec957220,0x00000000ecd00000)
  to   space 7168K, 0% used [0x00000000ebf00000,0x00000000ebf00000,0x00000000ec600000)
 ParOldGen       total 44032K, used 14978K [0x00000000c0c00000, 0x00000000c3700000, 0x00000000eaf00000)
  object space 44032K, 34% used [0x00000000c0c00000,0x00000000c1aa08e0,0x00000000c3700000)
 Metaspace       used 20583K, capacity 20890K, committed 21120K, reserved 1067008K
  class space    used 2492K, capacity 2587K, committed 2688K, reserved 1048576K
}
Event: 53.877 GC heap before
{Heap before GC invocations=21 (full 0):
 PSYoungGen      total 23040K, used 18818K [0x00000000eaf00000, 0x00000000ecd00000, 0x0000000100000000)
  eden space 16384K, 97% used [0x00000000eaf00000,0x00000000ebe89980,0x00000000ebf00000)
  from space 6656K, 43% used [0x00000000ec680000,0x00000000ec957220,0x00000000ecd00000)
  to   space 7168K, 0% used [0x00000000ebf00000,0x00000000ebf00000,0x00000000ec600000)
 ParOldGen       total 44032K, used 14978K [0x00000000c0c00000, 0x00000000c3700000, 0x00000000eaf00000)
  object space 44032K, 34% used [0x00000000c0c00000,0x00000000c1aa08e0,0x00000000c3700000)
 Metaspace       used 20585K, capacity 20890K, committed 21120K, reserved 1067008K
  class space    used 2492K, capacity 2587K, committed 2688K, reserved 1048576K
Event: 53.878 GC heap after
Heap after GC invocations=21 (full 0):
 PSYoungGen      total 23552K, used 2908K [0x00000000eaf00000, 0x00000000ecd00000, 0x0000000100000000)
  eden space 16384K, 0% used [0x00000000eaf00000,0x00000000eaf00000,0x00000000ebf00000)
  from space 7168K, 40% used [0x00000000ebf00000,0x00000000ec1d7220,0x00000000ec600000)
  to   space 7168K, 0% used [0x00000000ec600000,0x00000000ec600000,0x00000000ecd00000)
 ParOldGen       total 44032K, used 14994K [0x00000000c0c00000, 0x00000000c3700000, 0x00000000eaf00000)
  object space 44032K, 34% used [0x00000000c0c00000,0x00000000c1aa48e0,0x00000000c3700000)
 Metaspace       used 20585K, capacity 20890K, committed 21120K, reserved 1067008K
  class space    used 2492K, capacity 2587K, committed 2688K, reserved 1048576K
}
Event: 55.873 GC heap before
{Heap before GC invocations=22 (full 0):
 PSYoungGen      total 23552K, used 18799K [0x00000000eaf00000, 0x00000000ecd00000, 0x0000000100000000)
  eden space 16384K, 96% used [0x00000000eaf00000,0x00000000ebe84ad0,0x00000000ebf00000)
  from space 7168K, 40% used [0x00000000ebf00000,0x00000000ec1d7220,0x00000000ec600000)
  to   space 7168K, 0% used [0x00000000ec600000,0x00000000ec600000,0x00000000ecd00000)
 ParOldGen       total 44032K, used 14994K [0x00000000c0c00000, 0x00000000c3700000, 0x00000000eaf00000)
  object space 44032K, 34% used [0x00000000c0c00000,0x00000000c1aa48e0,0x00000000c3700000)
 Metaspace       used 20587K, capacity 20890K, committed 21120K, reserved 1067008K
  class space    used 2492K, capacity 2587K, committed 2688K, reserved 1048576K
Event: 55.875 GC heap after
Heap after GC invocations=22 (full 0):
 PSYoungGen      total 23552K, used 4314K [0x00000000eaf00000, 0x00000000ecd00000, 0x0000000100000000)
  eden space 16384K, 0% used [0x00000000eaf00000,0x00000000eaf00000,0x00000000ebf00000)
  from space 7168K, 60% used [0x00000000ec600000,0x00000000eca36b30,0x00000000ecd00000)
  to   space 7168K, 0% used [0x00000000ebf00000,0x00000000ebf00000,0x00000000ec600000)
 ParOldGen       total 44032K, used 15010K [0x00000000c0c00000, 0x00000000c3700000, 0x00000000eaf00000)
  object space 44032K, 34% used [0x00000000c0c00000,0x00000000c1aa88e0,0x00000000c3700000)
 Metaspace       used 20587K, capacity 20890K, committed 21120K, reserved 1067008K
  class space    used 2492K, capacity 2587K, committed 2688K, reserved 1048576K
}
Event: 58.261 GC heap before
{Heap before GC invocations=23 (full 0):
 PSYoungGen      total 23552K, used 20237K [0x00000000eaf00000, 0x00000000ecd00000, 0x0000000100000000)
  eden space 16384K, 97% used [0x00000000eaf00000,0x00000000ebe8cab8,0x00000000ebf00000)
  from space 7168K, 60% used [0x00000000ec600000,0x00000000eca36b30,0x00000000ecd00000)
  to   space 7168K, 0% used [0x00000000ebf00000,0x00000000ebf00000,0x00000000ec600000)
 ParOldGen       total 44032K, used 15010K [0x00000000c0c00000, 0x00000000c3700000, 0x00000000eaf00000)
  object space 44032K, 34% used [0x00000000c0c00000,0x00000000c1aa88e0,0x00000000c3700000)
 Metaspace       used 20590K, capacity 20890K, committed 21120K, reserved 1067008K
  class space    used 2492K, capacity 2587K, committed 2688K, reserved 1048576K
Event: 58.262 GC heap after
Heap after GC invocations=23 (full 0):
 PSYoungGen      total 23552K, used 1502K [0x00000000eaf00000, 0x00000000ecd00000, 0x0000000100000000)
  eden space 16384K, 0% used [0x00000000eaf00000,0x00000000eaf00000,0x00000000ebf00000)
  from space 7168K, 20% used [0x00000000ebf00000,0x00000000ec077910,0x00000000ec600000)
  to   space 7168K, 0% used [0x00000000ec600000,0x00000000ec600000,0x00000000ecd00000)
 ParOldGen       total 44032K, used 15018K [0x00000000c0c00000, 0x00000000c3700000, 0x00000000eaf00000)
  object space 44032K, 34% used [0x00000000c0c00000,0x00000000c1aaa8e0,0x00000000c3700000)
 Metaspace       used 20590K, capacity 20890K, committed 21120K, reserved 1067008K
  class space    used 2492K, capacity 2587K, committed 2688K, reserved 1048576K
}
Event: 60.270 GC heap before
{Heap before GC invocations=24 (full 0):
 PSYoungGen      total 23552K, used 17658K [0x00000000eaf00000, 0x00000000ecd00000, 0x0000000100000000)
  eden space 16384K, 98% used [0x00000000eaf00000,0x00000000ebec7150,0x00000000ebf00000)
  from space 7168K, 20% used [0x00000000ebf00000,0x00000000ec077910,0x00000000ec600000)
  to   space 7168K, 0% used [0x00000000ec600000,0x00000000ec600000,0x00000000ecd00000)
 ParOldGen       total 44032K, used 15018K [0x00000000c0c00000, 0x00000000c3700000, 0x00000000eaf00000)
  object space 44032K, 34% used [0x00000000c0c00000,0x00000000c1aaa8e0,0x00000000c3700000)
 Metaspace       used 20619K, capacity 20890K, committed 21120K, reserved 1067008K
  class space    used 2499K, capacity 2587K, committed 2688K, reserved 1048576K
Event: 60.271 GC heap after
Heap after GC invocations=24 (full 0):
 PSYoungGen      total 22528K, used 2908K [0x00000000eaf00000, 0x00000000ecc00000, 0x0000000100000000)
  eden space 16384K, 0% used [0x00000000eaf00000,0x00000000eaf00000,0x00000000ebf00000)
  from space 6144K, 47% used [0x00000000ec600000,0x00000000ec8d7220,0x00000000ecc00000)
  to   space 6656K, 0% used [0x00000000ebf00000,0x00000000ebf00000,0x00000000ec580000)
 ParOldGen       total 44032K, used 15026K [0x00000000c0c00000, 0x00000000c3700000, 0x00000000eaf00000)
  object space 44032K, 34% used [0x00000000c0c00000,0x00000000c1aac8e0,0x00000000c3700000)
 Metaspace       used 20619K, capacity 20890K, committed 21120K, reserved 1067008K
  class space    used 2499K, capacity 2587K, committed 2688K, reserved 1048576K
}

