# JRE version: Java(TM) SE Runtime Environment (8.0_144-b01) (build 1.8.0_144-b01)
# Java VM: Java HotSpot(TM) 64-Bit Server VM (25.144-b01 mixed mode windows-amd64 compressed oops)
Heap:
 PSYoungGen      total 62464K, used 13938K [0x00000000eaf00000, 0x00000000f1c80000, 0x0000000100000000)
  eden space 60928K, 20% used [0x00000000eaf00000,0x00000000ebb25290,0x00000000eea80000)
  from space 1536K, 97% used [0x00000000f1200000,0x00000000f1377910,0x00000000f1380000)
  to   space 6656K, 0% used [0x00000000f1600000,0x00000000f1600000,0x00000000f1c80000)
 ParOldGen       total 44032K, used 9485K [0x00000000c0c00000, 0x00000000c3700000, 0x00000000eaf00000)
  object space 44032K, 21% used [0x00000000c0c00000,0x00000000c15437d8,0x00000000c3700000)
 Metaspace       used 20026K, capacity 20330K, committed 20480K, reserved 1067008K
  class space    used 2423K, capacity 2523K, committed 2560K, reserved 1048576K
GC Heap History (10 events):
Event: 9.433 GC heap before
{Heap before GC invocations=7 (full 0):
 PSYoungGen      total 39424K, used 35629K [0x00000000eaf00000, 0x00000000edd00000, 0x0000000100000000)
  eden space 32768K, 96% used [0x00000000eaf00000,0x00000000ece06360,0x00000000ecf00000)
  from space 6656K, 58% used [0x00000000ed680000,0x00000000eda45230,0x00000000edd00000)
  to   space 7168K, 0% used [0x00000000ecf00000,0x00000000ecf00000,0x00000000ed600000)
 ParOldGen       total 44032K, used 8457K [0x00000000c0c00000, 0x00000000c3700000, 0x00000000eaf00000)
  object space 44032K, 19% used [0x00000000c0c00000,0x00000000c14427b8,0x00000000c3700000)
 Metaspace       used 19912K, capacity 20194K, committed 20480K, reserved 1067008K
  class space    used 2421K, capacity 2523K, committed 2560K, reserved 1048576K
Event: 9.437 GC heap after
Heap after GC invocations=7 (full 0):
 PSYoungGen      total 39936K, used 3036K [0x00000000eaf00000, 0x00000000efd00000, 0x0000000100000000)
  eden space 32768K, 0% used [0x00000000eaf00000,0x00000000eaf00000,0x00000000ecf00000)
  from space 7168K, 42% used [0x00000000ecf00000,0x00000000ed1f7220,0x00000000ed600000)
  to   space 7168K, 0% used [0x00000000ef600000,0x00000000ef600000,0x00000000efd00000)
 ParOldGen       total 44032K, used 9293K [0x00000000c0c00000, 0x00000000c3700000, 0x00000000eaf00000)
  object space 44032K, 21% used [0x00000000c0c00000,0x00000000c15137d8,0x00000000c3700000)
 Metaspace       used 19912K, capacity 20194K, committed 20480K, reserved 1067008K
  class space    used 2421K, capacity 2523K, committed 2560K, reserved 1048576K
}
Event: 9.785 GC heap before
{Heap before GC invocations=8 (full 0):
 PSYoungGen      total 39936K, used 34773K [0x00000000eaf00000, 0x00000000efd00000, 0x0000000100000000)
  eden space 32768K, 96% used [0x00000000eaf00000,0x00000000ecdfe508,0x00000000ecf00000)
  from space 7168K, 42% used [0x00000000ecf00000,0x00000000ed1f7220,0x00000000ed600000)
  to   space 7168K, 0% used [0x00000000ef600000,0x00000000ef600000,0x00000000efd00000)
 ParOldGen       total 44032K, used 9293K [0x00000000c0c00000, 0x00000000c3700000, 0x00000000eaf00000)
  object space 44032K, 21% used [0x00000000c0c00000,0x00000000c15137d8,0x00000000c3700000)
 Metaspace       used 19939K, capacity 20258K, committed 20480K, reserved 1067008K
  class space    used 2421K, capacity 2523K, committed 2560K, reserved 1048576K
Event: 9.788 GC heap after
Heap after GC invocations=8 (full 0):
 PSYoungGen      total 72704K, used 2940K [0x00000000eaf00000, 0x00000000efd00000, 0x0000000100000000)
  eden space 65536K, 0% used [0x00000000eaf00000,0x00000000eaf00000,0x00000000eef00000)
  from space 7168K, 41% used [0x00000000ef600000,0x00000000ef8df220,0x00000000efd00000)
  to   space 7168K, 0% used [0x00000000eef00000,0x00000000eef00000,0x00000000ef600000)
 ParOldGen       total 44032K, used 9389K [0x00000000c0c00000, 0x00000000c3700000, 0x00000000eaf00000)
  object space 44032K, 21% used [0x00000000c0c00000,0x00000000c152b7d8,0x00000000c3700000)
 Metaspace       used 19939K, capacity 20258K, committed 20480K, reserved 1067008K
  class space    used 2421K, capacity 2523K, committed 2560K, reserved 1048576K
}
Event: 10.551 GC heap before
{Heap before GC invocations=9 (full 0):
 PSYoungGen      total 72704K, used 68050K [0x00000000eaf00000, 0x00000000efd00000, 0x0000000100000000)
  eden space 65536K, 99% used [0x00000000eaf00000,0x00000000eee957a0,0x00000000eef00000)
  from space 7168K, 41% used [0x00000000ef600000,0x00000000ef8df220,0x00000000efd00000)
  to   space 7168K, 0% used [0x00000000eef00000,0x00000000eef00000,0x00000000ef600000)
 ParOldGen       total 44032K, used 9389K [0x00000000c0c00000, 0x00000000c3700000, 0x00000000eaf00000)
  object space 44032K, 21% used [0x00000000c0c00000,0x00000000c152b7d8,0x00000000c3700000)
 Metaspace       used 19987K, capacity 20258K, committed 20480K, reserved 1067008K
  class space    used 2422K, capacity 2523K, committed 2560K, reserved 1048576K
Event: 10.558 GC heap after
Heap after GC invocations=9 (full 0):
 PSYoungGen      total 72704K, used 2908K [0x00000000eaf00000, 0x00000000f2280000, 0x0000000100000000)
  eden space 65536K, 0% used [0x00000000eaf00000,0x00000000eaf00000,0x00000000eef00000)
  from space 7168K, 40% used [0x00000000eef00000,0x00000000ef1d7220,0x00000000ef600000)
  to   space 6656K, 0% used [0x00000000f1c00000,0x00000000f1c00000,0x00000000f2280000)
 ParOldGen       total 44032K, used 9461K [0x00000000c0c00000, 0x00000000c3700000, 0x00000000eaf00000)
  object space 44032K, 21% used [0x00000000c0c00000,0x00000000c153d7d8,0x00000000c3700000)
 Metaspace       used 19987K, capacity 20258K, committed 20480K, reserved 1067008K
  class space    used 2422K, capacity 2523K, committed 2560K, reserved 1048576K
}
Event: 11.295 GC heap before
{Heap before GC invocations=10 (full 0):
 PSYoungGen      total 72704K, used 67605K [0x00000000eaf00000, 0x00000000f2280000, 0x0000000100000000)
  eden space 65536K, 98% used [0x00000000eaf00000,0x00000000eee2e4a8,0x00000000eef00000)
  from space 7168K, 40% used [0x00000000eef00000,0x00000000ef1d7220,0x00000000ef600000)
  to   space 6656K, 0% used [0x00000000f1c00000,0x00000000f1c00000,0x00000000f2280000)
 ParOldGen       total 44032K, used 9461K [0x00000000c0c00000, 0x00000000c3700000, 0x00000000eaf00000)
  object space 44032K, 21% used [0x00000000c0c00000,0x00000000c153d7d8,0x00000000c3700000)
 Metaspace       used 20009K, capacity 20322K, committed 20480K, reserved 1067008K
  class space    used 2422K, capacity 2523K, committed 2560K, reserved 1048576K
Event: 11.300 GC heap after
Heap after GC invocations=10 (full 0):
 PSYoungGen      total 66048K, used 2908K [0x00000000eaf00000, 0x00000000f1f00000, 0x0000000100000000)
  eden space 62976K, 0% used [0x00000000eaf00000,0x00000000eaf00000,0x00000000eec80000)
  from space 3072K, 94% used [0x00000000f1c00000,0x00000000f1ed7220,0x00000000f1f00000)
  to   space 6656K, 0% used [0x00000000f1200000,0x00000000f1200000,0x00000000f1880000)
 ParOldGen       total 44032K, used 9469K [0x00000000c0c00000, 0x00000000c3700000, 0x00000000eaf00000)
  object space 44032K, 21% used [0x00000000c0c00000,0x00000000c153f7d8,0x00000000c3700000)
 Metaspace       used 20009K, capacity 20322K, committed 20480K, reserved 1067008K
  class space    used 2422K, capacity 2523K, committed 2560K, reserved 1048576K
}
Event: 12.025 GC heap before
{Heap before GC invocations=11 (full 0):
 PSYoungGen      total 66048K, used 65593K [0x00000000eaf00000, 0x00000000f1f00000, 0x0000000100000000)
  eden space 62976K, 99% used [0x00000000eaf00000,0x00000000eec37398,0x00000000eec80000)
  from space 3072K, 94% used [0x00000000f1c00000,0x00000000f1ed7220,0x00000000f1f00000)
  to   space 6656K, 0% used [0x00000000f1200000,0x00000000f1200000,0x00000000f1880000)
 ParOldGen       total 44032K, used 9469K [0x00000000c0c00000, 0x00000000c3700000, 0x00000000eaf00000)
  object space 44032K, 21% used [0x00000000c0c00000,0x00000000c153f7d8,0x00000000c3700000)
 Metaspace       used 20026K, capacity 20330K, committed 20480K, reserved 1067008K
  class space    used 2423K, capacity 2523K, committed 2560K, reserved 1048576K
Event: 12.027 GC heap after
Heap after GC invocations=11 (full 0):
 PSYoungGen      total 62464K, used 1502K [0x00000000eaf00000, 0x00000000f1c80000, 0x0000000100000000)
  eden space 60928K, 0% used [0x00000000eaf00000,0x00000000eaf00000,0x00000000eea80000)
  from space 1536K, 97% used [0x00000000f1200000,0x00000000f1377910,0x00000000f1380000)
  to   space 6656K, 0% used [0x00000000f1600000,0x00000000f1600000,0x00000000f1c80000)
 ParOldGen       total 44032K, used 9485K [0x00000000c0c00000, 0x00000000c3700000, 0x00000000eaf00000)
  object space 44032K, 21% used [0x00000000c0c00000,0x00000000c15437d8,0x00000000c3700000)
 Metaspace       used 20026K, capacity 20330K, committed 20480K, reserved 1067008K
  class space    used 2423K, capacity 2523K, committed 2560K, reserved 1048576K
}

