# JRE version: Java(TM) SE Runtime Environment (8.0_144-b01) (build 1.8.0_144-b01)
# Java VM: Java HotSpot(TM) 64-Bit Server VM (25.144-b01 mixed mode windows-amd64 compressed oops)
Heap:
 PSYoungGen      total 22016K, used 3046K [0x00000000eaf00000, 0x00000000eca80000, 0x0000000100000000)
  eden space 15872K, 0% used [0x00000000eaf00000,0x00000000eaf1a7e8,0x00000000ebe80000)
  from space 6144K, 47% used [0x00000000ec480000,0x00000000ec75f220,0x00000000eca80000)
  to   space 6144K, 0% used [0x00000000ebe80000,0x00000000ebe80000,0x00000000ec480000)
 ParOldGen       total 30208K, used 10196K [0x00000000c0c00000, 0x00000000c2980000, 0x00000000eaf00000)
  object space 30208K, 33% used [0x00000000c0c00000,0x00000000c15f5078,0x00000000c2980000)
 Metaspace       used 21048K, capacity 21338K, committed 21552K, reserved 1069056K
  class space    used 2502K, capacity 2595K, committed 2688K, reserved 1048576K
GC Heap History (10 events):
Event: 70.432 GC heap before
{Heap before GC invocations=27 (full 1):
 PSYoungGen      total 22528K, used 17246K [0x00000000eaf00000, 0x00000000ecb00000, 0x0000000100000000)
  eden space 16384K, 95% used [0x00000000eaf00000,0x00000000ebe58198,0x00000000ebf00000)
  from space 6144K, 24% used [0x00000000ebf00000,0x00000000ec07f910,0x00000000ec500000)
  to   space 6144K, 0% used [0x00000000ec500000,0x00000000ec500000,0x00000000ecb00000)
 ParOldGen       total 30208K, used 10180K [0x00000000c0c00000, 0x00000000c2980000, 0x00000000eaf00000)
  object space 30208K, 33% used [0x00000000c0c00000,0x00000000c15f1078,0x00000000c2980000)
 Metaspace       used 21030K, capacity 21338K, committed 21552K, reserved 1069056K
  class space    used 2501K, capacity 2595K, committed 2688K, reserved 1048576K
Event: 70.434 GC heap after
Heap after GC invocations=27 (full 1):
 PSYoungGen      total 22016K, used 4314K [0x00000000eaf00000, 0x00000000ecc00000, 0x0000000100000000)
  eden space 15872K, 0% used [0x00000000eaf00000,0x00000000eaf00000,0x00000000ebe80000)
  from space 6144K, 70% used [0x00000000ec500000,0x00000000ec936b30,0x00000000ecb00000)
  to   space 6656K, 0% used [0x00000000ebe80000,0x00000000ebe80000,0x00000000ec500000)
 ParOldGen       total 30208K, used 10180K [0x00000000c0c00000, 0x00000000c2980000, 0x00000000eaf00000)
  object space 30208K, 33% used [0x00000000c0c00000,0x00000000c15f1078,0x00000000c2980000)
 Metaspace       used 21030K, capacity 21338K, committed 21552K, reserved 1069056K
  class space    used 2501K, capacity 2595K, committed 2688K, reserved 1048576K
}
Event: 72.833 GC heap before
{Heap before GC invocations=28 (full 1):
 PSYoungGen      total 22016K, used 20057K [0x00000000eaf00000, 0x00000000ecc00000, 0x0000000100000000)
  eden space 15872K, 99% used [0x00000000eaf00000,0x00000000ebe5fc88,0x00000000ebe80000)
  from space 6144K, 70% used [0x00000000ec500000,0x00000000ec936b30,0x00000000ecb00000)
  to   space 6656K, 0% used [0x00000000ebe80000,0x00000000ebe80000,0x00000000ec500000)
 ParOldGen       total 30208K, used 10180K [0x00000000c0c00000, 0x00000000c2980000, 0x00000000eaf00000)
  object space 30208K, 33% used [0x00000000c0c00000,0x00000000c15f1078,0x00000000c2980000)
 Metaspace       used 21036K, capacity 21338K, committed 21552K, reserved 1069056K
  class space    used 2501K, capacity 2595K, committed 2688K, reserved 1048576K
Event: 72.834 GC heap after
Heap after GC invocations=28 (full 1):
 PSYoungGen      total 22528K, used 1534K [0x00000000eaf00000, 0x00000000ecb80000, 0x0000000100000000)
  eden space 15872K, 0% used [0x00000000eaf00000,0x00000000eaf00000,0x00000000ebe80000)
  from space 6656K, 23% used [0x00000000ebe80000,0x00000000ebfff910,0x00000000ec500000)
  to   space 6656K, 0% used [0x00000000ec500000,0x00000000ec500000,0x00000000ecb80000)
 ParOldGen       total 30208K, used 10188K [0x00000000c0c00000, 0x00000000c2980000, 0x00000000eaf00000)
  object space 30208K, 33% used [0x00000000c0c00000,0x00000000c15f3078,0x00000000c2980000)
 Metaspace       used 21036K, capacity 21338K, committed 21552K, reserved 1069056K
  class space    used 2501K, capacity 2595K, committed 2688K, reserved 1048576K
}
Event: 74.856 GC heap before
{Heap before GC invocations=29 (full 1):
 PSYoungGen      total 22528K, used 17295K [0x00000000eaf00000, 0x00000000ecb80000, 0x0000000100000000)
  eden space 15872K, 99% used [0x00000000eaf00000,0x00000000ebe64400,0x00000000ebe80000)
  from space 6656K, 23% used [0x00000000ebe80000,0x00000000ebfff910,0x00000000ec500000)
  to   space 6656K, 0% used [0x00000000ec500000,0x00000000ec500000,0x00000000ecb80000)
 ParOldGen       total 30208K, used 10188K [0x00000000c0c00000, 0x00000000c2980000, 0x00000000eaf00000)
  object space 30208K, 33% used [0x00000000c0c00000,0x00000000c15f3078,0x00000000c2980000)
 Metaspace       used 21036K, capacity 21338K, committed 21552K, reserved 1069056K
  class space    used 2501K, capacity 2595K, committed 2688K, reserved 1048576K
Event: 74.857 GC heap after
Heap after GC invocations=29 (full 1):
 PSYoungGen      total 21504K, used 2908K [0x00000000eaf00000, 0x00000000eca80000, 0x0000000100000000)
  eden space 15872K, 0% used [0x00000000eaf00000,0x00000000eaf00000,0x00000000ebe80000)
  from space 5632K, 51% used [0x00000000ec500000,0x00000000ec7d7220,0x00000000eca80000)
  to   space 6144K, 0% used [0x00000000ebe80000,0x00000000ebe80000,0x00000000ec480000)
 ParOldGen       total 30208K, used 10188K [0x00000000c0c00000, 0x00000000c2980000, 0x00000000eaf00000)
  object space 30208K, 33% used [0x00000000c0c00000,0x00000000c15f3078,0x00000000c2980000)
 Metaspace       used 21036K, capacity 21338K, committed 21552K, reserved 1069056K
  class space    used 2501K, capacity 2595K, committed 2688K, reserved 1048576K
}
Event: 76.928 GC heap before
{Heap before GC invocations=30 (full 1):
 PSYoungGen      total 21504K, used 17425K [0x00000000eaf00000, 0x00000000eca80000, 0x0000000100000000)
  eden space 15872K, 91% used [0x00000000eaf00000,0x00000000ebd2d488,0x00000000ebe80000)
  from space 5632K, 51% used [0x00000000ec500000,0x00000000ec7d7220,0x00000000eca80000)
  to   space 6144K, 0% used [0x00000000ebe80000,0x00000000ebe80000,0x00000000ec480000)
 ParOldGen       total 30208K, used 10188K [0x00000000c0c00000, 0x00000000c2980000, 0x00000000eaf00000)
  object space 30208K, 33% used [0x00000000c0c00000,0x00000000c15f3078,0x00000000c2980000)
 Metaspace       used 21039K, capacity 21338K, committed 21552K, reserved 1069056K
  class space    used 2501K, capacity 2595K, committed 2688K, reserved 1048576K
Event: 76.930 GC heap after
Heap after GC invocations=30 (full 1):
 PSYoungGen      total 22016K, used 4314K [0x00000000eaf00000, 0x00000000eca80000, 0x0000000100000000)
  eden space 15872K, 0% used [0x00000000eaf00000,0x00000000eaf00000,0x00000000ebe80000)
  from space 6144K, 70% used [0x00000000ebe80000,0x00000000ec2b6b30,0x00000000ec480000)
  to   space 6144K, 0% used [0x00000000ec480000,0x00000000ec480000,0x00000000eca80000)
 ParOldGen       total 30208K, used 10188K [0x00000000c0c00000, 0x00000000c2980000, 0x00000000eaf00000)
  object space 30208K, 33% used [0x00000000c0c00000,0x00000000c15f3078,0x00000000c2980000)
 Metaspace       used 21039K, capacity 21338K, committed 21552K, reserved 1069056K
  class space    used 2501K, capacity 2595K, committed 2688K, reserved 1048576K
}
Event: 79.187 GC heap before
{Heap before GC invocations=31 (full 1):
 PSYoungGen      total 22016K, used 20186K [0x00000000eaf00000, 0x00000000eca80000, 0x0000000100000000)
  eden space 15872K, 100% used [0x00000000eaf00000,0x00000000ebe80000,0x00000000ebe80000)
  from space 6144K, 70% used [0x00000000ebe80000,0x00000000ec2b6b30,0x00000000ec480000)
  to   space 6144K, 0% used [0x00000000ec480000,0x00000000ec480000,0x00000000eca80000)
 ParOldGen       total 30208K, used 10188K [0x00000000c0c00000, 0x00000000c2980000, 0x00000000eaf00000)
  object space 30208K, 33% used [0x00000000c0c00000,0x00000000c15f3078,0x00000000c2980000)
 Metaspace       used 21043K, capacity 21338K, committed 21552K, reserved 1069056K
  class space    used 2501K, capacity 2595K, committed 2688K, reserved 1048576K
Event: 79.189 GC heap after
Heap after GC invocations=31 (full 1):
 PSYoungGen      total 22016K, used 2940K [0x00000000eaf00000, 0x00000000eca80000, 0x0000000100000000)
  eden space 15872K, 0% used [0x00000000eaf00000,0x00000000eaf00000,0x00000000ebe80000)
  from space 6144K, 47% used [0x00000000ec480000,0x00000000ec75f220,0x00000000eca80000)
  to   space 6144K, 0% used [0x00000000ebe80000,0x00000000ebe80000,0x00000000ec480000)
 ParOldGen       total 30208K, used 10196K [0x00000000c0c00000, 0x00000000c2980000, 0x00000000eaf00000)
  object space 30208K, 33% used [0x00000000c0c00000,0x00000000c15f5078,0x00000000c2980000)
 Metaspace       used 21043K, capacity 21338K, committed 21552K, reserved 1069056K
  class space    used 2501K, capacity 2595K, committed 2688K, reserved 1048576K
}

