# JRE version: Java(TM) SE Runtime Environment (8.0_144-b01) (build 1.8.0_144-b01)
# Java VM: Java HotSpot(TM) 64-Bit Server VM (25.144-b01 mixed mode windows-amd64 compressed oops)
Heap:
 PSYoungGen      total 23552K, used 6020K [0x00000000eaf00000, 0x00000000ecd00000, 0x0000000100000000)
  eden space 16384K, 18% used [0x00000000eaf00000,0x00000000eb20a020,0x00000000ebf00000)
  from space 7168K, 40% used [0x00000000ec600000,0x00000000ec8d7220,0x00000000ecd00000)
  to   space 7168K, 0% used [0x00000000ebf00000,0x00000000ebf00000,0x00000000ec600000)
 ParOldGen       total 44032K, used 14208K [0x00000000c0c00000, 0x00000000c3700000, 0x00000000eaf00000)
  object space 44032K, 32% used [0x00000000c0c00000,0x00000000c19e0168,0x00000000c3700000)
 Metaspace       used 20757K, capacity 21028K, committed 21296K, reserved 1069056K
  class space    used 2499K, capacity 2590K, committed 2688K, reserved 1048576K
GC Heap History (10 events):
Event: 31.469 GC heap before
{Heap before GC invocations=10 (full 0):
 PSYoungGen      total 24064K, used 19087K [0x00000000eaf00000, 0x00000000ece00000, 0x0000000100000000)
  eden space 16384K, 96% used [0x00000000eaf00000,0x00000000ebe7cb90,0x00000000ebf00000)
  from space 7680K, 42% used [0x00000000ebf00000,0x00000000ec227220,0x00000000ec680000)
  to   space 7680K, 0% used [0x00000000ec680000,0x00000000ec680000,0x00000000ece00000)
 ParOldGen       total 44032K, used 13800K [0x00000000c0c00000, 0x00000000c3700000, 0x00000000eaf00000)
  object space 44032K, 31% used [0x00000000c0c00000,0x00000000c197a168,0x00000000c3700000)
 Metaspace       used 20734K, capacity 21028K, committed 21296K, reserved 1069056K
  class space    used 2498K, capacity 2590K, committed 2688K, reserved 1048576K
Event: 31.470 GC heap after
Heap after GC invocations=10 (full 0):
 PSYoungGen      total 24064K, used 1502K [0x00000000eaf00000, 0x00000000ece00000, 0x0000000100000000)
  eden space 16384K, 0% used [0x00000000eaf00000,0x00000000eaf00000,0x00000000ebf00000)
  from space 7680K, 19% used [0x00000000ec680000,0x00000000ec7f7910,0x00000000ece00000)
  to   space 7680K, 0% used [0x00000000ebf00000,0x00000000ebf00000,0x00000000ec680000)
 ParOldGen       total 44032K, used 14152K [0x00000000c0c00000, 0x00000000c3700000, 0x00000000eaf00000)
  object space 44032K, 32% used [0x00000000c0c00000,0x00000000c19d2168,0x00000000c3700000)
 Metaspace       used 20734K, capacity 21028K, committed 21296K, reserved 1069056K
  class space    used 2498K, capacity 2590K, committed 2688K, reserved 1048576K
}
Event: 33.460 GC heap before
{Heap before GC invocations=11 (full 0):
 PSYoungGen      total 24064K, used 17301K [0x00000000eaf00000, 0x00000000ece00000, 0x0000000100000000)
  eden space 16384K, 96% used [0x00000000eaf00000,0x00000000ebe6db10,0x00000000ebf00000)
  from space 7680K, 19% used [0x00000000ec680000,0x00000000ec7f7910,0x00000000ece00000)
  to   space 7680K, 0% used [0x00000000ebf00000,0x00000000ebf00000,0x00000000ec680000)
 ParOldGen       total 44032K, used 14152K [0x00000000c0c00000, 0x00000000c3700000, 0x00000000eaf00000)
  object space 44032K, 32% used [0x00000000c0c00000,0x00000000c19d2168,0x00000000c3700000)
 Metaspace       used 20736K, capacity 21028K, committed 21296K, reserved 1069056K
  class space    used 2498K, capacity 2590K, committed 2688K, reserved 1048576K
Event: 33.461 GC heap after
Heap after GC invocations=11 (full 0):
 PSYoungGen      total 19456K, used 2908K [0x00000000eaf00000, 0x00000000ecd00000, 0x0000000100000000)
  eden space 16384K, 0% used [0x00000000eaf00000,0x00000000eaf00000,0x00000000ebf00000)
  from space 3072K, 94% used [0x00000000ebf00000,0x00000000ec1d7220,0x00000000ec200000)
  to   space 7168K, 0% used [0x00000000ec600000,0x00000000ec600000,0x00000000ecd00000)
 ParOldGen       total 44032K, used 14168K [0x00000000c0c00000, 0x00000000c3700000, 0x00000000eaf00000)
  object space 44032K, 32% used [0x00000000c0c00000,0x00000000c19d6168,0x00000000c3700000)
 Metaspace       used 20736K, capacity 21028K, committed 21296K, reserved 1069056K
  class space    used 2498K, capacity 2590K, committed 2688K, reserved 1048576K
}
Event: 35.862 GC heap before
{Heap before GC invocations=12 (full 0):
 PSYoungGen      total 19456K, used 18764K [0x00000000eaf00000, 0x00000000ecd00000, 0x0000000100000000)
  eden space 16384K, 96% used [0x00000000eaf00000,0x00000000ebe7bff0,0x00000000ebf00000)
  from space 3072K, 94% used [0x00000000ebf00000,0x00000000ec1d7220,0x00000000ec200000)
  to   space 7168K, 0% used [0x00000000ec600000,0x00000000ec600000,0x00000000ecd00000)
 ParOldGen       total 44032K, used 14168K [0x00000000c0c00000, 0x00000000c3700000, 0x00000000eaf00000)
  object space 44032K, 32% used [0x00000000c0c00000,0x00000000c19d6168,0x00000000c3700000)
 Metaspace       used 20737K, capacity 21028K, committed 21296K, reserved 1069056K
  class space    used 2498K, capacity 2590K, committed 2688K, reserved 1048576K
Event: 35.863 GC heap after
Heap after GC invocations=12 (full 0):
 PSYoungGen      total 23552K, used 1502K [0x00000000eaf00000, 0x00000000ecd00000, 0x0000000100000000)
  eden space 16384K, 0% used [0x00000000eaf00000,0x00000000eaf00000,0x00000000ebf00000)
  from space 7168K, 20% used [0x00000000ec600000,0x00000000ec777910,0x00000000ecd00000)
  to   space 7168K, 0% used [0x00000000ebf00000,0x00000000ebf00000,0x00000000ec600000)
 ParOldGen       total 44032K, used 14176K [0x00000000c0c00000, 0x00000000c3700000, 0x00000000eaf00000)
  object space 44032K, 32% used [0x00000000c0c00000,0x00000000c19d8168,0x00000000c3700000)
 Metaspace       used 20737K, capacity 21028K, committed 21296K, reserved 1069056K
  class space    used 2498K, capacity 2590K, committed 2688K, reserved 1048576K
}
Event: 37.845 GC heap before
{Heap before GC invocations=13 (full 0):
 PSYoungGen      total 23552K, used 17289K [0x00000000eaf00000, 0x00000000ecd00000, 0x0000000100000000)
  eden space 16384K, 96% used [0x00000000eaf00000,0x00000000ebe6ab40,0x00000000ebf00000)
  from space 7168K, 20% used [0x00000000ec600000,0x00000000ec777910,0x00000000ecd00000)
  to   space 7168K, 0% used [0x00000000ebf00000,0x00000000ebf00000,0x00000000ec600000)
 ParOldGen       total 44032K, used 14176K [0x00000000c0c00000, 0x00000000c3700000, 0x00000000eaf00000)
  object space 44032K, 32% used [0x00000000c0c00000,0x00000000c19d8168,0x00000000c3700000)
 Metaspace       used 20748K, capacity 21028K, committed 21296K, reserved 1069056K
  class space    used 2498K, capacity 2590K, committed 2688K, reserved 1048576K
Event: 37.847 GC heap after
Heap after GC invocations=13 (full 0):
 PSYoungGen      total 23552K, used 4314K [0x00000000eaf00000, 0x00000000ecd00000, 0x0000000100000000)
  eden space 16384K, 0% used [0x00000000eaf00000,0x00000000eaf00000,0x00000000ebf00000)
  from space 7168K, 60% used [0x00000000ebf00000,0x00000000ec336b30,0x00000000ec600000)
  to   space 7168K, 0% used [0x00000000ec600000,0x00000000ec600000,0x00000000ecd00000)
 ParOldGen       total 44032K, used 14192K [0x00000000c0c00000, 0x00000000c3700000, 0x00000000eaf00000)
  object space 44032K, 32% used [0x00000000c0c00000,0x00000000c19dc168,0x00000000c3700000)
 Metaspace       used 20748K, capacity 21028K, committed 21296K, reserved 1069056K
  class space    used 2498K, capacity 2590K, committed 2688K, reserved 1048576K
}
Event: 40.272 GC heap before
{Heap before GC invocations=14 (full 0):
 PSYoungGen      total 23552K, used 20307K [0x00000000eaf00000, 0x00000000ecd00000, 0x0000000100000000)
  eden space 16384K, 97% used [0x00000000eaf00000,0x00000000ebe9e228,0x00000000ebf00000)
  from space 7168K, 60% used [0x00000000ebf00000,0x00000000ec336b30,0x00000000ec600000)
  to   space 7168K, 0% used [0x00000000ec600000,0x00000000ec600000,0x00000000ecd00000)
 ParOldGen       total 44032K, used 14192K [0x00000000c0c00000, 0x00000000c3700000, 0x00000000eaf00000)
  object space 44032K, 32% used [0x00000000c0c00000,0x00000000c19dc168,0x00000000c3700000)
 Metaspace       used 20757K, capacity 21028K, committed 21296K, reserved 1069056K
  class space    used 2499K, capacity 2590K, committed 2688K, reserved 1048576K
Event: 40.274 GC heap after
Heap after GC invocations=14 (full 0):
 PSYoungGen      total 23552K, used 2908K [0x00000000eaf00000, 0x00000000ecd00000, 0x0000000100000000)
  eden space 16384K, 0% used [0x00000000eaf00000,0x00000000eaf00000,0x00000000ebf00000)
  from space 7168K, 40% used [0x00000000ec600000,0x00000000ec8d7220,0x00000000ecd00000)
  to   space 7168K, 0% used [0x00000000ebf00000,0x00000000ebf00000,0x00000000ec600000)
 ParOldGen       total 44032K, used 14208K [0x00000000c0c00000, 0x00000000c3700000, 0x00000000eaf00000)
  object space 44032K, 32% used [0x00000000c0c00000,0x00000000c19e0168,0x00000000c3700000)
 Metaspace       used 20757K, capacity 21028K, committed 21296K, reserved 1069056K
  class space    used 2499K, capacity 2590K, committed 2688K, reserved 1048576K
}

