# JRE version: Java(TM) SE Runtime Environment (8.0_144-b01) (build 1.8.0_144-b01)
# Java VM: Java HotSpot(TM) 64-Bit Server VM (25.144-b01 mixed mode windows-amd64 compressed oops)
Heap:
 PSYoungGen      total 61952K, used 12496K [0x00000000eaf00000, 0x00000000f1c00000, 0x0000000100000000)
  eden space 58880K, 16% used [0x00000000eaf00000,0x00000000eb85d118,0x00000000ee880000)
  from space 3072K, 94% used [0x00000000f1900000,0x00000000f1bd7220,0x00000000f1c00000)
  to   space 5632K, 0% used [0x00000000f1100000,0x00000000f1100000,0x00000000f1680000)
 ParOldGen       total 35840K, used 12569K [0x00000000c0c00000, 0x00000000c2f00000, 0x00000000eaf00000)
  object space 35840K, 35% used [0x00000000c0c00000,0x00000000c1846520,0x00000000c2f00000)
 Metaspace       used 20299K, capacity 20570K, committed 20736K, reserved 1067008K
  class space    used 2431K, capacity 2523K, committed 2560K, reserved 1048576K
GC Heap History (10 events):
Event: 32.289 GC heap before
{Heap before GC invocations=31 (full 1):
 PSYoungGen      total 56832K, used 56145K [0x00000000eaf00000, 0x00000000f2580000, 0x0000000100000000)
  eden space 53760K, 99% used [0x00000000eaf00000,0x00000000ee2fd3b0,0x00000000ee380000)
  from space 3072K, 94% used [0x00000000f1b80000,0x00000000f1e57220,0x00000000f1e80000)
  to   space 5120K, 0% used [0x00000000f2080000,0x00000000f2080000,0x00000000f2580000)
 ParOldGen       total 35840K, used 12521K [0x00000000c0c00000, 0x00000000c2f00000, 0x00000000eaf00000)
  object space 35840K, 34% used [0x00000000c0c00000,0x00000000c183a520,0x00000000c2f00000)
 Metaspace       used 20281K, capacity 20570K, committed 20736K, reserved 1067008K
  class space    used 2429K, capacity 2523K, committed 2560K, reserved 1048576K
Event: 32.291 GC heap after
Heap after GC invocations=31 (full 1):
 PSYoungGen      total 56832K, used 4314K [0x00000000eaf00000, 0x00000000f2500000, 0x0000000100000000)
  eden space 52224K, 0% used [0x00000000eaf00000,0x00000000eaf00000,0x00000000ee200000)
  from space 4608K, 93% used [0x00000000f2080000,0x00000000f24b6b30,0x00000000f2500000)
  to   space 5632K, 0% used [0x00000000f1a00000,0x00000000f1a00000,0x00000000f1f80000)
 ParOldGen       total 35840K, used 12529K [0x00000000c0c00000, 0x00000000c2f00000, 0x00000000eaf00000)
  object space 35840K, 34% used [0x00000000c0c00000,0x00000000c183c520,0x00000000c2f00000)
 Metaspace       used 20281K, capacity 20570K, committed 20736K, reserved 1067008K
  class space    used 2429K, capacity 2523K, committed 2560K, reserved 1048576K
}
Event: 32.894 GC heap before
{Heap before GC invocations=32 (full 1):
 PSYoungGen      total 56832K, used 56114K [0x00000000eaf00000, 0x00000000f2500000, 0x0000000100000000)
  eden space 52224K, 99% used [0x00000000eaf00000,0x00000000ee1960a8,0x00000000ee200000)
  from space 4608K, 93% used [0x00000000f2080000,0x00000000f24b6b30,0x00000000f2500000)
  to   space 5632K, 0% used [0x00000000f1a00000,0x00000000f1a00000,0x00000000f1f80000)
 ParOldGen       total 35840K, used 12529K [0x00000000c0c00000, 0x00000000c2f00000, 0x00000000eaf00000)
  object space 35840K, 34% used [0x00000000c0c00000,0x00000000c183c520,0x00000000c2f00000)
 Metaspace       used 20290K, capacity 20570K, committed 20736K, reserved 1067008K
  class space    used 2430K, capacity 2523K, committed 2560K, reserved 1048576K
Event: 32.897 GC heap after
Heap after GC invocations=32 (full 1):
 PSYoungGen      total 55296K, used 4314K [0x00000000eaf00000, 0x00000000f2100000, 0x0000000100000000)
  eden space 50688K, 0% used [0x00000000eaf00000,0x00000000eaf00000,0x00000000ee080000)
  from space 4608K, 93% used [0x00000000f1a00000,0x00000000f1e36b30,0x00000000f1e80000)
  to   space 2560K, 0% used [0x00000000f1e80000,0x00000000f1e80000,0x00000000f2100000)
 ParOldGen       total 35840K, used 12537K [0x00000000c0c00000, 0x00000000c2f00000, 0x00000000eaf00000)
  object space 35840K, 34% used [0x00000000c0c00000,0x00000000c183e520,0x00000000c2f00000)
 Metaspace       used 20290K, capacity 20570K, committed 20736K, reserved 1067008K
  class space    used 2430K, capacity 2523K, committed 2560K, reserved 1048576K
}
Event: 33.490 GC heap before
{Heap before GC invocations=33 (full 1):
 PSYoungGen      total 55296K, used 54596K [0x00000000eaf00000, 0x00000000f2100000, 0x0000000100000000)
  eden space 50688K, 99% used [0x00000000eaf00000,0x00000000ee01a688,0x00000000ee080000)
  from space 4608K, 93% used [0x00000000f1a00000,0x00000000f1e36b30,0x00000000f1e80000)
  to   space 2560K, 0% used [0x00000000f1e80000,0x00000000f1e80000,0x00000000f2100000)
 ParOldGen       total 35840K, used 12537K [0x00000000c0c00000, 0x00000000c2f00000, 0x00000000eaf00000)
  object space 35840K, 34% used [0x00000000c0c00000,0x00000000c183e520,0x00000000c2f00000)
 Metaspace       used 20290K, capacity 20570K, committed 20736K, reserved 1067008K
  class space    used 2430K, capacity 2523K, committed 2560K, reserved 1048576K
Event: 33.492 GC heap after
Heap after GC invocations=33 (full 1):
 PSYoungGen      total 50688K, used 1502K [0x00000000eaf00000, 0x00000000f2000000, 0x0000000100000000)
  eden space 49152K, 0% used [0x00000000eaf00000,0x00000000eaf00000,0x00000000edf00000)
  from space 1536K, 97% used [0x00000000f1e80000,0x00000000f1ff7910,0x00000000f2000000)
  to   space 5632K, 0% used [0x00000000f1500000,0x00000000f1500000,0x00000000f1a80000)
 ParOldGen       total 35840K, used 12553K [0x00000000c0c00000, 0x00000000c2f00000, 0x00000000eaf00000)
  object space 35840K, 35% used [0x00000000c0c00000,0x00000000c1842520,0x00000000c2f00000)
 Metaspace       used 20290K, capacity 20570K, committed 20736K, reserved 1067008K
  class space    used 2430K, capacity 2523K, committed 2560K, reserved 1048576K
}
Event: 34.061 GC heap before
{Heap before GC invocations=34 (full 1):
 PSYoungGen      total 50688K, used 50328K [0x00000000eaf00000, 0x00000000f2000000, 0x0000000100000000)
  eden space 49152K, 99% used [0x00000000eaf00000,0x00000000edeae948,0x00000000edf00000)
  from space 1536K, 97% used [0x00000000f1e80000,0x00000000f1ff7910,0x00000000f2000000)
  to   space 5632K, 0% used [0x00000000f1500000,0x00000000f1500000,0x00000000f1a80000)
 ParOldGen       total 35840K, used 12553K [0x00000000c0c00000, 0x00000000c2f00000, 0x00000000eaf00000)
  object space 35840K, 35% used [0x00000000c0c00000,0x00000000c1842520,0x00000000c2f00000)
 Metaspace       used 20290K, capacity 20570K, committed 20736K, reserved 1067008K
  class space    used 2430K, capacity 2523K, committed 2560K, reserved 1048576K
Event: 34.063 GC heap after
Heap after GC invocations=34 (full 1):
 PSYoungGen      total 49152K, used 1470K [0x00000000eaf00000, 0x00000000f1f00000, 0x0000000100000000)
  eden space 47616K, 0% used [0x00000000eaf00000,0x00000000eaf00000,0x00000000edd80000)
  from space 1536K, 95% used [0x00000000f1500000,0x00000000f166f910,0x00000000f1680000)
  to   space 6144K, 0% used [0x00000000f1900000,0x00000000f1900000,0x00000000f1f00000)
 ParOldGen       total 35840K, used 12561K [0x00000000c0c00000, 0x00000000c2f00000, 0x00000000eaf00000)
  object space 35840K, 35% used [0x00000000c0c00000,0x00000000c1844520,0x00000000c2f00000)
 Metaspace       used 20290K, capacity 20570K, committed 20736K, reserved 1067008K
  class space    used 2430K, capacity 2523K, committed 2560K, reserved 1048576K
}
Event: 34.638 GC heap before
{Heap before GC invocations=35 (full 1):
 PSYoungGen      total 49152K, used 48170K [0x00000000eaf00000, 0x00000000f1f00000, 0x0000000100000000)
  eden space 47616K, 98% used [0x00000000eaf00000,0x00000000edc9b2e8,0x00000000edd80000)
  from space 1536K, 95% used [0x00000000f1500000,0x00000000f166f910,0x00000000f1680000)
  to   space 6144K, 0% used [0x00000000f1900000,0x00000000f1900000,0x00000000f1f00000)
 ParOldGen       total 35840K, used 12561K [0x00000000c0c00000, 0x00000000c2f00000, 0x00000000eaf00000)
  object space 35840K, 35% used [0x00000000c0c00000,0x00000000c1844520,0x00000000c2f00000)
 Metaspace       used 20299K, capacity 20570K, committed 20736K, reserved 1067008K
  class space    used 2431K, capacity 2523K, committed 2560K, reserved 1048576K
Event: 34.675 GC heap after
Heap after GC invocations=35 (full 1):
 PSYoungGen      total 61952K, used 2908K [0x00000000eaf00000, 0x00000000f1c00000, 0x0000000100000000)
  eden space 58880K, 0% used [0x00000000eaf00000,0x00000000eaf00000,0x00000000ee880000)
  from space 3072K, 94% used [0x00000000f1900000,0x00000000f1bd7220,0x00000000f1c00000)
  to   space 5632K, 0% used [0x00000000f1100000,0x00000000f1100000,0x00000000f1680000)
 ParOldGen       total 35840K, used 12569K [0x00000000c0c00000, 0x00000000c2f00000, 0x00000000eaf00000)
  object space 35840K, 35% used [0x00000000c0c00000,0x00000000c1846520,0x00000000c2f00000)
 Metaspace       used 20299K, capacity 20570K, committed 20736K, reserved 1067008K
  class space    used 2431K, capacity 2523K, committed 2560K, reserved 1048576K
}

