# JRE version: Java(TM) SE Runtime Environment (8.0_144-b01) (build 1.8.0_144-b01)
# Java VM: Java HotSpot(TM) 64-Bit Server VM (25.144-b01 mixed mode windows-amd64 compressed oops)
Heap:
 PSYoungGen      total 66048K, used 37233K [0x00000000eaf00000, 0x00000000ef980000, 0x0000000100000000)
  eden space 59904K, 57% used [0x00000000eaf00000,0x00000000ed085318,0x00000000ee980000)
  from space 6144K, 47% used [0x00000000ef380000,0x00000000ef657220,0x00000000ef980000)
  to   space 8192K, 0% used [0x00000000ee980000,0x00000000ee980000,0x00000000ef180000)
 ParOldGen       total 44032K, used 16615K [0x00000000c0c00000, 0x00000000c3700000, 0x00000000eaf00000)
  object space 44032K, 37% used [0x00000000c0c00000,0x00000000c1c39e78,0x00000000c3700000)
 Metaspace       used 20075K, capacity 20378K, committed 20480K, reserved 1067008K
  class space    used 2422K, capacity 2523K, committed 2560K, reserved 1048576K
GC Heap History (10 events):
Event: 7.534 GC heap before
{Heap before GC invocations=6 (full 0):
 PSYoungGen      total 18944K, used 18417K [0x00000000eaf00000, 0x00000000edd00000, 0x0000000100000000)
  eden space 16384K, 96% used [0x00000000eaf00000,0x00000000ebe80cb8,0x00000000ebf00000)
  from space 2560K, 99% used [0x00000000ebf00000,0x00000000ec17b930,0x00000000ec180000)
  to   space 7168K, 0% used [0x00000000ed600000,0x00000000ed600000,0x00000000edd00000)
 ParOldGen       total 44032K, used 15507K [0x00000000c0c00000, 0x00000000c3700000, 0x00000000eaf00000)
  object space 44032K, 35% used [0x00000000c0c00000,0x00000000c1b24e38,0x00000000c3700000)
 Metaspace       used 19971K, capacity 20242K, committed 20480K, reserved 1067008K
  class space    used 2420K, capacity 2523K, committed 2560K, reserved 1048576K
Event: 7.538 GC heap after
Heap after GC invocations=6 (full 0):
 PSYoungGen      total 39424K, used 2550K [0x00000000eaf00000, 0x00000000ede00000, 0x0000000100000000)
  eden space 32256K, 0% used [0x00000000eaf00000,0x00000000eaf00000,0x00000000ece80000)
  from space 7168K, 35% used [0x00000000ed600000,0x00000000ed87d920,0x00000000edd00000)
  to   space 7680K, 0% used [0x00000000ece80000,0x00000000ece80000,0x00000000ed600000)
 ParOldGen       total 44032K, used 15507K [0x00000000c0c00000, 0x00000000c3700000, 0x00000000eaf00000)
  object space 44032K, 35% used [0x00000000c0c00000,0x00000000c1b24e38,0x00000000c3700000)
 Metaspace       used 19971K, capacity 20242K, committed 20480K, reserved 1067008K
  class space    used 2420K, capacity 2523K, committed 2560K, reserved 1048576K
}
Event: 7.902 GC heap before
{Heap before GC invocations=7 (full 0):
 PSYoungGen      total 39424K, used 34228K [0x00000000eaf00000, 0x00000000ede00000, 0x0000000100000000)
  eden space 32256K, 98% used [0x00000000eaf00000,0x00000000ecdef9a8,0x00000000ece80000)
  from space 7168K, 35% used [0x00000000ed600000,0x00000000ed87d920,0x00000000edd00000)
  to   space 7680K, 0% used [0x00000000ece80000,0x00000000ece80000,0x00000000ed600000)
 ParOldGen       total 44032K, used 15507K [0x00000000c0c00000, 0x00000000c3700000, 0x00000000eaf00000)
  object space 44032K, 35% used [0x00000000c0c00000,0x00000000c1b24e38,0x00000000c3700000)
 Metaspace       used 19987K, capacity 20306K, committed 20480K, reserved 1067008K
  class space    used 2420K, capacity 2523K, committed 2560K, reserved 1048576K
Event: 7.906 GC heap after
Heap after GC invocations=7 (full 0):
 PSYoungGen      total 39936K, used 1566K [0x00000000eaf00000, 0x00000000efe00000, 0x0000000100000000)
  eden space 32256K, 0% used [0x00000000eaf00000,0x00000000eaf00000,0x00000000ece80000)
  from space 7680K, 20% used [0x00000000ece80000,0x00000000ed007910,0x00000000ed600000)
  to   space 8192K, 0% used [0x00000000ef600000,0x00000000ef600000,0x00000000efe00000)
 ParOldGen       total 44032K, used 16487K [0x00000000c0c00000, 0x00000000c3700000, 0x00000000eaf00000)
  object space 44032K, 37% used [0x00000000c0c00000,0x00000000c1c19e78,0x00000000c3700000)
 Metaspace       used 19987K, capacity 20306K, committed 20480K, reserved 1067008K
  class space    used 2420K, capacity 2523K, committed 2560K, reserved 1048576K
}
Event: 8.270 GC heap before
{Heap before GC invocations=8 (full 0):
 PSYoungGen      total 39936K, used 33289K [0x00000000eaf00000, 0x00000000efe00000, 0x0000000100000000)
  eden space 32256K, 98% used [0x00000000eaf00000,0x00000000ecdfacd8,0x00000000ece80000)
  from space 7680K, 20% used [0x00000000ece80000,0x00000000ed007910,0x00000000ed600000)
  to   space 8192K, 0% used [0x00000000ef600000,0x00000000ef600000,0x00000000efe00000)
 ParOldGen       total 44032K, used 16487K [0x00000000c0c00000, 0x00000000c3700000, 0x00000000eaf00000)
  object space 44032K, 37% used [0x00000000c0c00000,0x00000000c1c19e78,0x00000000c3700000)
 Metaspace       used 20002K, capacity 20306K, committed 20480K, reserved 1067008K
  class space    used 2421K, capacity 2523K, committed 2560K, reserved 1048576K
Event: 8.272 GC heap after
Heap after GC invocations=8 (full 0):
 PSYoungGen      total 72704K, used 1502K [0x00000000eaf00000, 0x00000000efe00000, 0x0000000100000000)
  eden space 64512K, 0% used [0x00000000eaf00000,0x00000000eaf00000,0x00000000eee00000)
  from space 8192K, 18% used [0x00000000ef600000,0x00000000ef777910,0x00000000efe00000)
  to   space 8192K, 0% used [0x00000000eee00000,0x00000000eee00000,0x00000000ef600000)
 ParOldGen       total 44032K, used 16583K [0x00000000c0c00000, 0x00000000c3700000, 0x00000000eaf00000)
  object space 44032K, 37% used [0x00000000c0c00000,0x00000000c1c31e78,0x00000000c3700000)
 Metaspace       used 20002K, capacity 20306K, committed 20480K, reserved 1067008K
  class space    used 2421K, capacity 2523K, committed 2560K, reserved 1048576K
}
Event: 9.007 GC heap before
{Heap before GC invocations=9 (full 0):
 PSYoungGen      total 72704K, used 64952K [0x00000000eaf00000, 0x00000000efe00000, 0x0000000100000000)
  eden space 64512K, 98% used [0x00000000eaf00000,0x00000000eecf6818,0x00000000eee00000)
  from space 8192K, 18% used [0x00000000ef600000,0x00000000ef777910,0x00000000efe00000)
  to   space 8192K, 0% used [0x00000000eee00000,0x00000000eee00000,0x00000000ef600000)
 ParOldGen       total 44032K, used 16583K [0x00000000c0c00000, 0x00000000c3700000, 0x00000000eaf00000)
  object space 44032K, 37% used [0x00000000c0c00000,0x00000000c1c31e78,0x00000000c3700000)
 Metaspace       used 20033K, capacity 20306K, committed 20480K, reserved 1067008K
  class space    used 2421K, capacity 2523K, committed 2560K, reserved 1048576K
Event: 9.008 GC heap after
Heap after GC invocations=9 (full 0):
 PSYoungGen      total 65024K, used 2908K [0x00000000eaf00000, 0x00000000efb80000, 0x0000000100000000)
  eden space 61952K, 0% used [0x00000000eaf00000,0x00000000eaf00000,0x00000000eeb80000)
  from space 3072K, 94% used [0x00000000eee00000,0x00000000ef0d7220,0x00000000ef100000)
  to   space 8192K, 0% used [0x00000000ef380000,0x00000000ef380000,0x00000000efb80000)
 ParOldGen       total 44032K, used 16599K [0x00000000c0c00000, 0x00000000c3700000, 0x00000000eaf00000)
  object space 44032K, 37% used [0x00000000c0c00000,0x00000000c1c35e78,0x00000000c3700000)
 Metaspace       used 20033K, capacity 20306K, committed 20480K, reserved 1067008K
  class space    used 2421K, capacity 2523K, committed 2560K, reserved 1048576K
}
Event: 9.712 GC heap before
{Heap before GC invocations=10 (full 0):
 PSYoungGen      total 65024K, used 64718K [0x00000000eaf00000, 0x00000000efb80000, 0x0000000100000000)
  eden space 61952K, 99% used [0x00000000eaf00000,0x00000000eeb5c978,0x00000000eeb80000)
  from space 3072K, 94% used [0x00000000eee00000,0x00000000ef0d7220,0x00000000ef100000)
  to   space 8192K, 0% used [0x00000000ef380000,0x00000000ef380000,0x00000000efb80000)
 ParOldGen       total 44032K, used 16599K [0x00000000c0c00000, 0x00000000c3700000, 0x00000000eaf00000)
  object space 44032K, 37% used [0x00000000c0c00000,0x00000000c1c35e78,0x00000000c3700000)
 Metaspace       used 20057K, capacity 20370K, committed 20480K, reserved 1067008K
  class space    used 2421K, capacity 2523K, committed 2560K, reserved 1048576K
Event: 9.713 GC heap after
Heap after GC invocations=10 (full 0):
 PSYoungGen      total 66048K, used 2908K [0x00000000eaf00000, 0x00000000ef980000, 0x0000000100000000)
  eden space 59904K, 0% used [0x00000000eaf00000,0x00000000eaf00000,0x00000000ee980000)
  from space 6144K, 47% used [0x00000000ef380000,0x00000000ef657220,0x00000000ef980000)
  to   space 8192K, 0% used [0x00000000ee980000,0x00000000ee980000,0x00000000ef180000)
 ParOldGen       total 44032K, used 16615K [0x00000000c0c00000, 0x00000000c3700000, 0x00000000eaf00000)
  object space 44032K, 37% used [0x00000000c0c00000,0x00000000c1c39e78,0x00000000c3700000)
 Metaspace       used 20057K, capacity 20370K, committed 20480K, reserved 1067008K
  class space    used 2421K, capacity 2523K, committed 2560K, reserved 1048576K
}

