# JRE version: Java(TM) SE Runtime Environment (8.0_144-b01) (build 1.8.0_144-b01)
# Java VM: Java HotSpot(TM) 64-Bit Server VM (25.144-b01 mixed mode windows-amd64 compressed oops)
Heap:
 PSYoungGen      total 53760K, used 8146K [0x00000000eaf00000, 0x00000000efb00000, 0x0000000100000000)
  eden space 52224K, 12% used [0x00000000eaf00000,0x00000000eb57d0a0,0x00000000ee200000)
  from space 1536K, 97% used [0x00000000ef980000,0x00000000efaf7910,0x00000000efb00000)
  to   space 5632K, 0% used [0x00000000ef000000,0x00000000ef000000,0x00000000ef580000)
 ParOldGen       total 25088K, used 8731K [0x00000000c0c00000, 0x00000000c2480000, 0x00000000eaf00000)
  object space 25088K, 34% used [0x00000000c0c00000,0x00000000c1486db8,0x00000000c2480000)
 Metaspace       used 20996K, capacity 21296K, committed 21552K, reserved 1069056K
  class space    used 2501K, capacity 2590K, committed 2608K, reserved 1048576K
GC Heap History (10 events):
Event: 76.419 GC heap before
{Heap before GC invocations=152 (full 1):
 PSYoungGen      total 69632K, used 68972K [0x00000000eaf00000, 0x00000000f0a00000, 0x0000000100000000)
  eden space 65024K, 99% used [0x00000000eaf00000,0x00000000eee24820,0x00000000eee80000)
  from space 4608K, 93% used [0x00000000f0580000,0x00000000f09b6b30,0x00000000f0a00000)
  to   space 5632K, 0% used [0x00000000eff00000,0x00000000eff00000,0x00000000f0480000)
 ParOldGen       total 25088K, used 8667K [0x00000000c0c00000, 0x00000000c2480000, 0x00000000eaf00000)
  object space 25088K, 34% used [0x00000000c0c00000,0x00000000c1476db8,0x00000000c2480000)
 Metaspace       used 20987K, capacity 21296K, committed 21552K, reserved 1069056K
  class space    used 2500K, capacity 2590K, committed 2608K, reserved 1048576K
Event: 76.421 GC heap after
Heap after GC invocations=152 (full 1):
 PSYoungGen      total 67072K, used 4314K [0x00000000eaf00000, 0x00000000f0600000, 0x0000000100000000)
  eden space 62464K, 0% used [0x00000000eaf00000,0x00000000eaf00000,0x00000000eec00000)
  from space 4608K, 93% used [0x00000000eff00000,0x00000000f0336b30,0x00000000f0380000)
  to   space 2560K, 0% used [0x00000000f0380000,0x00000000f0380000,0x00000000f0600000)
 ParOldGen       total 25088K, used 8675K [0x00000000c0c00000, 0x00000000c2480000, 0x00000000eaf00000)
  object space 25088K, 34% used [0x00000000c0c00000,0x00000000c1478db8,0x00000000c2480000)
 Metaspace       used 20987K, capacity 21296K, committed 21552K, reserved 1069056K
  class space    used 2500K, capacity 2590K, committed 2608K, reserved 1048576K
}
Event: 77.153 GC heap before
{Heap before GC invocations=153 (full 1):
 PSYoungGen      total 67072K, used 66191K [0x00000000eaf00000, 0x00000000f0600000, 0x0000000100000000)
  eden space 62464K, 99% used [0x00000000eaf00000,0x00000000eeb6d4a8,0x00000000eec00000)
  from space 4608K, 93% used [0x00000000eff00000,0x00000000f0336b30,0x00000000f0380000)
  to   space 2560K, 0% used [0x00000000f0380000,0x00000000f0380000,0x00000000f0600000)
 ParOldGen       total 25088K, used 8675K [0x00000000c0c00000, 0x00000000c2480000, 0x00000000eaf00000)
  object space 25088K, 34% used [0x00000000c0c00000,0x00000000c1478db8,0x00000000c2480000)
 Metaspace       used 20987K, capacity 21296K, committed 21552K, reserved 1069056K
  class space    used 2500K, capacity 2590K, committed 2608K, reserved 1048576K
Event: 77.156 GC heap after
Heap after GC invocations=153 (full 1):
 PSYoungGen      total 61952K, used 1470K [0x00000000eaf00000, 0x00000000f0500000, 0x0000000100000000)
  eden space 60416K, 0% used [0x00000000eaf00000,0x00000000eaf00000,0x00000000eea00000)
  from space 1536K, 95% used [0x00000000f0380000,0x00000000f04ef910,0x00000000f0500000)
  to   space 5632K, 0% used [0x00000000efa00000,0x00000000efa00000,0x00000000eff80000)
 ParOldGen       total 25088K, used 8691K [0x00000000c0c00000, 0x00000000c2480000, 0x00000000eaf00000)
  object space 25088K, 34% used [0x00000000c0c00000,0x00000000c147cdb8,0x00000000c2480000)
 Metaspace       used 20987K, capacity 21296K, committed 21552K, reserved 1069056K
  class space    used 2500K, capacity 2590K, committed 2608K, reserved 1048576K
}
Event: 77.855 GC heap before
{Heap before GC invocations=154 (full 1):
 PSYoungGen      total 61952K, used 61874K [0x00000000eaf00000, 0x00000000f0500000, 0x0000000100000000)
  eden space 60416K, 99% used [0x00000000eaf00000,0x00000000ee9fcf00,0x00000000eea00000)
  from space 1536K, 95% used [0x00000000f0380000,0x00000000f04ef910,0x00000000f0500000)
  to   space 5632K, 0% used [0x00000000efa00000,0x00000000efa00000,0x00000000eff80000)
 ParOldGen       total 25088K, used 8691K [0x00000000c0c00000, 0x00000000c2480000, 0x00000000eaf00000)
  object space 25088K, 34% used [0x00000000c0c00000,0x00000000c147cdb8,0x00000000c2480000)
 Metaspace       used 20987K, capacity 21296K, committed 21552K, reserved 1069056K
  class space    used 2500K, capacity 2590K, committed 2608K, reserved 1048576K
Event: 77.858 GC heap after
Heap after GC invocations=154 (full 1):
 PSYoungGen      total 61440K, used 2908K [0x00000000eaf00000, 0x00000000f0400000, 0x0000000100000000)
  eden space 58368K, 0% used [0x00000000eaf00000,0x00000000eaf00000,0x00000000ee800000)
  from space 3072K, 94% used [0x00000000efa00000,0x00000000efcd7220,0x00000000efd00000)
  to   space 5632K, 0% used [0x00000000efe80000,0x00000000efe80000,0x00000000f0400000)
 ParOldGen       total 25088K, used 8699K [0x00000000c0c00000, 0x00000000c2480000, 0x00000000eaf00000)
  object space 25088K, 34% used [0x00000000c0c00000,0x00000000c147edb8,0x00000000c2480000)
 Metaspace       used 20987K, capacity 21296K, committed 21552K, reserved 1069056K
  class space    used 2500K, capacity 2590K, committed 2608K, reserved 1048576K
}
Event: 78.512 GC heap before
{Heap before GC invocations=155 (full 1):
 PSYoungGen      total 61440K, used 60394K [0x00000000eaf00000, 0x00000000f0400000, 0x0000000100000000)
  eden space 58368K, 98% used [0x00000000eaf00000,0x00000000ee7237b0,0x00000000ee800000)
  from space 3072K, 94% used [0x00000000efa00000,0x00000000efcd7220,0x00000000efd00000)
  to   space 5632K, 0% used [0x00000000efe80000,0x00000000efe80000,0x00000000f0400000)
 ParOldGen       total 25088K, used 8699K [0x00000000c0c00000, 0x00000000c2480000, 0x00000000eaf00000)
  object space 25088K, 34% used [0x00000000c0c00000,0x00000000c147edb8,0x00000000c2480000)
 Metaspace       used 20987K, capacity 21296K, committed 21552K, reserved 1069056K
  class space    used 2500K, capacity 2590K, committed 2608K, reserved 1048576K
Event: 78.514 GC heap after
Heap after GC invocations=155 (full 1):
 PSYoungGen      total 57856K, used 1470K [0x00000000eaf00000, 0x00000000f0000000, 0x0000000100000000)
  eden space 56320K, 0% used [0x00000000eaf00000,0x00000000eaf00000,0x00000000ee600000)
  from space 1536K, 95% used [0x00000000efe80000,0x00000000effef910,0x00000000f0000000)
  to   space 5632K, 0% used [0x00000000ef500000,0x00000000ef500000,0x00000000efa80000)
 ParOldGen       total 25088K, used 8707K [0x00000000c0c00000, 0x00000000c2480000, 0x00000000eaf00000)
  object space 25088K, 34% used [0x00000000c0c00000,0x00000000c1480db8,0x00000000c2480000)
 Metaspace       used 20987K, capacity 21296K, committed 21552K, reserved 1069056K
  class space    used 2500K, capacity 2590K, committed 2608K, reserved 1048576K
}
Event: 79.153 GC heap before
{Heap before GC invocations=156 (full 1):
 PSYoungGen      total 57856K, used 57586K [0x00000000eaf00000, 0x00000000f0000000, 0x0000000100000000)
  eden space 56320K, 99% used [0x00000000eaf00000,0x00000000ee5cd218,0x00000000ee600000)
  from space 1536K, 95% used [0x00000000efe80000,0x00000000effef910,0x00000000f0000000)
  to   space 5632K, 0% used [0x00000000ef500000,0x00000000ef500000,0x00000000efa80000)
 ParOldGen       total 25088K, used 8707K [0x00000000c0c00000, 0x00000000c2480000, 0x00000000eaf00000)
  object space 25088K, 34% used [0x00000000c0c00000,0x00000000c1480db8,0x00000000c2480000)
 Metaspace       used 20987K, capacity 21296K, committed 21552K, reserved 1069056K
  class space    used 2500K, capacity 2590K, committed 2608K, reserved 1048576K
Event: 79.155 GC heap after
Heap after GC invocations=156 (full 1):
 PSYoungGen      total 58880K, used 4314K [0x00000000eaf00000, 0x00000000eff00000, 0x0000000100000000)
  eden space 54272K, 0% used [0x00000000eaf00000,0x00000000eaf00000,0x00000000ee400000)
  from space 4608K, 93% used [0x00000000ef500000,0x00000000ef936b30,0x00000000ef980000)
  to   space 5632K, 0% used [0x00000000ef980000,0x00000000ef980000,0x00000000eff00000)
 ParOldGen       total 25088K, used 8715K [0x00000000c0c00000, 0x00000000c2480000, 0x00000000eaf00000)
  object space 25088K, 34% used [0x00000000c0c00000,0x00000000c1482db8,0x00000000c2480000)
 Metaspace       used 20987K, capacity 21296K, committed 21552K, reserved 1069056K
  class space    used 2500K, capacity 2590K, committed 2608K, reserved 1048576K
}

