# JRE version: Java(TM) SE Runtime Environment (8.0_144-b01) (build 1.8.0_144-b01)
# Java VM: Java HotSpot(TM) 64-Bit Server VM (25.144-b01 mixed mode windows-amd64 compressed oops)
Heap:
 PSYoungGen      total 93696K, used 24165K [0x00000000eaf00000, 0x00000000f1700000, 0x0000000100000000)
  eden space 89088K, 22% used [0x00000000eaf00000,0x00000000ec262960,0x00000000f0600000)
  from space 4608K, 93% used [0x00000000f1280000,0x00000000f16b6b30,0x00000000f1700000)
  to   space 7168K, 0% used [0x00000000f0900000,0x00000000f0900000,0x00000000f1000000)
 ParOldGen       total 44032K, used 12373K [0x00000000c0c00000, 0x00000000c3700000, 0x00000000eaf00000)
  object space 44032K, 28% used [0x00000000c0c00000,0x00000000c18155a0,0x00000000c3700000)
 Metaspace       used 20103K, capacity 20394K, committed 20480K, reserved 1067008K
  class space    used 2423K, capacity 2523K, committed 2560K, reserved 1048576K
GC Heap History (10 events):
Event: 13.197 GC heap before
{Heap before GC invocations=10 (full 0):
 PSYoungGen      total 73216K, used 69170K [0x00000000eaf00000, 0x00000000f2480000, 0x0000000100000000)
  eden space 65536K, 98% used [0x00000000eaf00000,0x00000000eee55dc0,0x00000000eef00000)
  from space 7680K, 56% used [0x00000000eef00000,0x00000000ef336b30,0x00000000ef680000)
  to   space 7680K, 0% used [0x00000000f1d00000,0x00000000f1d00000,0x00000000f2480000)
 ParOldGen       total 44032K, used 12279K [0x00000000c0c00000, 0x00000000c3700000, 0x00000000eaf00000)
  object space 44032K, 27% used [0x00000000c0c00000,0x00000000c17fdd90,0x00000000c3700000)
 Metaspace       used 20011K, capacity 20322K, committed 20480K, reserved 1067008K
  class space    used 2422K, capacity 2523K, committed 2560K, reserved 1048576K
Event: 13.200 GC heap after
Heap after GC invocations=10 (full 0):
 PSYoungGen      total 111616K, used 2908K [0x00000000eaf00000, 0x00000000f2380000, 0x0000000100000000)
  eden space 104960K, 0% used [0x00000000eaf00000,0x00000000eaf00000,0x00000000f1580000)
  from space 6656K, 43% used [0x00000000f1d00000,0x00000000f1fd7220,0x00000000f2380000)
  to   space 7168K, 0% used [0x00000000f1580000,0x00000000f1580000,0x00000000f1c80000)
 ParOldGen       total 44032K, used 12295K [0x00000000c0c00000, 0x00000000c3700000, 0x00000000eaf00000)
  object space 44032K, 27% used [0x00000000c0c00000,0x00000000c1801d90,0x00000000c3700000)
 Metaspace       used 20011K, capacity 20322K, committed 20480K, reserved 1067008K
  class space    used 2422K, capacity 2523K, committed 2560K, reserved 1048576K
}
Event: 14.383 GC heap before
{Heap before GC invocations=11 (full 0):
 PSYoungGen      total 111616K, used 106702K [0x00000000eaf00000, 0x00000000f2380000, 0x0000000100000000)
  eden space 104960K, 98% used [0x00000000eaf00000,0x00000000f145c8f8,0x00000000f1580000)
  from space 6656K, 43% used [0x00000000f1d00000,0x00000000f1fd7220,0x00000000f2380000)
  to   space 7168K, 0% used [0x00000000f1580000,0x00000000f1580000,0x00000000f1c80000)
 ParOldGen       total 44032K, used 12295K [0x00000000c0c00000, 0x00000000c3700000, 0x00000000eaf00000)
  object space 44032K, 27% used [0x00000000c0c00000,0x00000000c1801d90,0x00000000c3700000)
 Metaspace       used 20037K, capacity 20330K, committed 20480K, reserved 1067008K
  class space    used 2422K, capacity 2523K, committed 2560K, reserved 1048576K
Event: 14.386 GC heap after
Heap after GC invocations=11 (full 0):
 PSYoungGen      total 103936K, used 2908K [0x00000000eaf00000, 0x00000000f1f80000, 0x0000000100000000)
  eden space 100864K, 0% used [0x00000000eaf00000,0x00000000eaf00000,0x00000000f1180000)
  from space 3072K, 94% used [0x00000000f1580000,0x00000000f1857220,0x00000000f1880000)
  to   space 7168K, 0% used [0x00000000f1880000,0x00000000f1880000,0x00000000f1f80000)
 ParOldGen       total 44032K, used 12325K [0x00000000c0c00000, 0x00000000c3700000, 0x00000000eaf00000)
  object space 44032K, 27% used [0x00000000c0c00000,0x00000000c18095a0,0x00000000c3700000)
 Metaspace       used 20037K, capacity 20330K, committed 20480K, reserved 1067008K
  class space    used 2422K, capacity 2523K, committed 2560K, reserved 1048576K
}
Event: 15.597 GC heap before
{Heap before GC invocations=12 (full 0):
 PSYoungGen      total 103936K, used 103602K [0x00000000eaf00000, 0x00000000f1f80000, 0x0000000100000000)
  eden space 100864K, 99% used [0x00000000eaf00000,0x00000000f11558e8,0x00000000f1180000)
  from space 3072K, 94% used [0x00000000f1580000,0x00000000f1857220,0x00000000f1880000)
  to   space 7168K, 0% used [0x00000000f1880000,0x00000000f1880000,0x00000000f1f80000)
 ParOldGen       total 44032K, used 12325K [0x00000000c0c00000, 0x00000000c3700000, 0x00000000eaf00000)
  object space 44032K, 27% used [0x00000000c0c00000,0x00000000c18095a0,0x00000000c3700000)
 Metaspace       used 20056K, capacity 20330K, committed 20480K, reserved 1067008K
  class space    used 2422K, capacity 2523K, committed 2560K, reserved 1048576K
Event: 15.605 GC heap after
Heap after GC invocations=12 (full 0):
 PSYoungGen      total 99840K, used 2908K [0x00000000eaf00000, 0x00000000f1b80000, 0x0000000100000000)
  eden space 96768K, 0% used [0x00000000eaf00000,0x00000000eaf00000,0x00000000f0d80000)
  from space 3072K, 94% used [0x00000000f1880000,0x00000000f1b57220,0x00000000f1b80000)
  to   space 6656K, 0% used [0x00000000f0e80000,0x00000000f0e80000,0x00000000f1500000)
 ParOldGen       total 44032K, used 12341K [0x00000000c0c00000, 0x00000000c3700000, 0x00000000eaf00000)
  object space 44032K, 28% used [0x00000000c0c00000,0x00000000c180d5a0,0x00000000c3700000)
 Metaspace       used 20056K, capacity 20330K, committed 20480K, reserved 1067008K
  class space    used 2422K, capacity 2523K, committed 2560K, reserved 1048576K
}
Event: 16.717 GC heap before
{Heap before GC invocations=13 (full 0):
 PSYoungGen      total 99840K, used 99451K [0x00000000eaf00000, 0x00000000f1b80000, 0x0000000100000000)
  eden space 96768K, 99% used [0x00000000eaf00000,0x00000000f0d47c68,0x00000000f0d80000)
  from space 3072K, 94% used [0x00000000f1880000,0x00000000f1b57220,0x00000000f1b80000)
  to   space 6656K, 0% used [0x00000000f0e80000,0x00000000f0e80000,0x00000000f1500000)
 ParOldGen       total 44032K, used 12341K [0x00000000c0c00000, 0x00000000c3700000, 0x00000000eaf00000)
  object space 44032K, 28% used [0x00000000c0c00000,0x00000000c180d5a0,0x00000000c3700000)
 Metaspace       used 20077K, capacity 20394K, committed 20480K, reserved 1067008K
  class space    used 2422K, capacity 2523K, committed 2560K, reserved 1048576K
Event: 16.719 GC heap after
Heap after GC invocations=13 (full 0):
 PSYoungGen      total 94208K, used 1502K [0x00000000eaf00000, 0x00000000f1900000, 0x0000000100000000)
  eden space 92672K, 0% used [0x00000000eaf00000,0x00000000eaf00000,0x00000000f0980000)
  from space 1536K, 97% used [0x00000000f0e80000,0x00000000f0ff7910,0x00000000f1000000)
  to   space 6656K, 0% used [0x00000000f1280000,0x00000000f1280000,0x00000000f1900000)
 ParOldGen       total 44032K, used 12357K [0x00000000c0c00000, 0x00000000c3700000, 0x00000000eaf00000)
  object space 44032K, 28% used [0x00000000c0c00000,0x00000000c18115a0,0x00000000c3700000)
 Metaspace       used 20077K, capacity 20394K, committed 20480K, reserved 1067008K
  class space    used 2422K, capacity 2523K, committed 2560K, reserved 1048576K
}
Event: 17.790 GC heap before
{Heap before GC invocations=14 (full 0):
 PSYoungGen      total 94208K, used 93477K [0x00000000eaf00000, 0x00000000f1900000, 0x0000000100000000)
  eden space 92672K, 99% used [0x00000000eaf00000,0x00000000f08d1ed0,0x00000000f0980000)
  from space 1536K, 97% used [0x00000000f0e80000,0x00000000f0ff7910,0x00000000f1000000)
  to   space 6656K, 0% used [0x00000000f1280000,0x00000000f1280000,0x00000000f1900000)
 ParOldGen       total 44032K, used 12357K [0x00000000c0c00000, 0x00000000c3700000, 0x00000000eaf00000)
  object space 44032K, 28% used [0x00000000c0c00000,0x00000000c18115a0,0x00000000c3700000)
 Metaspace       used 20091K, capacity 20394K, committed 20480K, reserved 1067008K
  class space    used 2422K, capacity 2523K, committed 2560K, reserved 1048576K
Event: 17.792 GC heap after
Heap after GC invocations=14 (full 0):
 PSYoungGen      total 93696K, used 4314K [0x00000000eaf00000, 0x00000000f1700000, 0x0000000100000000)
  eden space 89088K, 0% used [0x00000000eaf00000,0x00000000eaf00000,0x00000000f0600000)
  from space 4608K, 93% used [0x00000000f1280000,0x00000000f16b6b30,0x00000000f1700000)
  to   space 7168K, 0% used [0x00000000f0900000,0x00000000f0900000,0x00000000f1000000)
 ParOldGen       total 44032K, used 12373K [0x00000000c0c00000, 0x00000000c3700000, 0x00000000eaf00000)
  object space 44032K, 28% used [0x00000000c0c00000,0x00000000c18155a0,0x00000000c3700000)
 Metaspace       used 20091K, capacity 20394K, committed 20480K, reserved 1067008K
  class space    used 2422K, capacity 2523K, committed 2560K, reserved 1048576K
}

