# JRE version: Java(TM) SE Runtime Environment (8.0_144-b01) (build 1.8.0_144-b01)
# Java VM: Java HotSpot(TM) 64-Bit Server VM (25.144-b01 mixed mode windows-amd64 compressed oops)
Heap:
 PSYoungGen      total 30208K, used 18752K [0x00000000eaf00000, 0x00000000eea80000, 0x0000000100000000)
  eden space 24064K, 52% used [0x00000000eaf00000,0x00000000ebb51430,0x00000000ec680000)
  from space 6144K, 99% used [0x00000000ec700000,0x00000000eccfec10,0x00000000ecd00000)
  to   space 18432K, 0% used [0x00000000ed880000,0x00000000ed880000,0x00000000eea80000)
 ParOldGen       total 57344K, used 32348K [0x00000000c0c00000, 0x00000000c4400000, 0x00000000eaf00000)
  object space 57344K, 56% used [0x00000000c0c00000,0x00000000c2b972e0,0x00000000c4400000)
 Metaspace       used 20026K, capacity 20306K, committed 20480K, reserved 1067008K
  class space    used 2424K, capacity 2523K, committed 2560K, reserved 1048576K
GC Heap History (10 events):
Event: 14.152 GC heap before
{Heap before GC invocations=6 (full 1):
 PSYoungGen      total 18944K, used 2408K [0x00000000eaf00000, 0x00000000ee000000, 0x0000000100000000)
  eden space 16384K, 0% used [0x00000000eaf00000,0x00000000eaf00000,0x00000000ebf00000)
  from space 2560K, 94% used [0x00000000ebf00000,0x00000000ec15a070,0x00000000ec180000)
  to   space 16896K, 0% used [0x00000000ecf80000,0x00000000ecf80000,0x00000000ee000000)
 ParOldGen       total 44032K, used 43616K [0x00000000c0c00000, 0x00000000c3700000, 0x00000000eaf00000)
  object space 44032K, 99% used [0x00000000c0c00000,0x00000000c36983c0,0x00000000c3700000)
 Metaspace       used 19989K, capacity 20306K, committed 20480K, reserved 1067008K
  class space    used 2422K, capacity 2523K, committed 2560K, reserved 1048576K
Event: 14.210 GC heap after
Heap after GC invocations=6 (full 1):
 PSYoungGen      total 18944K, used 0K [0x00000000eaf00000, 0x00000000ee000000, 0x0000000100000000)
  eden space 16384K, 0% used [0x00000000eaf00000,0x00000000eaf00000,0x00000000ebf00000)
  from space 2560K, 0% used [0x00000000ebf00000,0x00000000ebf00000,0x00000000ec180000)
  to   space 16896K, 0% used [0x00000000ecf80000,0x00000000ecf80000,0x00000000ee000000)
 ParOldGen       total 57344K, used 20166K [0x00000000c0c00000, 0x00000000c4400000, 0x00000000eaf00000)
  object space 57344K, 35% used [0x00000000c0c00000,0x00000000c1fb1ac0,0x00000000c4400000)
 Metaspace       used 19989K, capacity 20306K, committed 20480K, reserved 1067008K
  class space    used 2422K, capacity 2523K, committed 2560K, reserved 1048576K
}
Event: 15.962 GC heap before
{Heap before GC invocations=7 (full 1):
 PSYoungGen      total 18944K, used 13239K [0x00000000eaf00000, 0x00000000ee000000, 0x0000000100000000)
  eden space 16384K, 80% used [0x00000000eaf00000,0x00000000ebbede40,0x00000000ebf00000)
  from space 2560K, 0% used [0x00000000ebf00000,0x00000000ebf00000,0x00000000ec180000)
  to   space 16896K, 0% used [0x00000000ecf80000,0x00000000ecf80000,0x00000000ee000000)
 ParOldGen       total 57344K, used 20166K [0x00000000c0c00000, 0x00000000c4400000, 0x00000000eaf00000)
  object space 57344K, 35% used [0x00000000c0c00000,0x00000000c1fb1ac0,0x00000000c4400000)
 Metaspace       used 19989K, capacity 20306K, committed 20480K, reserved 1067008K
  class space    used 2422K, capacity 2523K, committed 2560K, reserved 1048576K
Event: 15.973 GC heap after
Heap after GC invocations=7 (full 1):
 PSYoungGen      total 32256K, used 12214K [0x00000000eaf00000, 0x00000000ee200000, 0x0000000100000000)
  eden space 15360K, 0% used [0x00000000eaf00000,0x00000000eaf00000,0x00000000ebe00000)
  from space 16896K, 72% used [0x00000000ecf80000,0x00000000edb6d820,0x00000000ee000000)
  to   space 17920K, 0% used [0x00000000ebe00000,0x00000000ebe00000,0x00000000ecf80000)
 ParOldGen       total 57344K, used 20174K [0x00000000c0c00000, 0x00000000c4400000, 0x00000000eaf00000)
  object space 57344K, 35% used [0x00000000c0c00000,0x00000000c1fb3ac0,0x00000000c4400000)
 Metaspace       used 19989K, capacity 20306K, committed 20480K, reserved 1067008K
  class space    used 2422K, capacity 2523K, committed 2560K, reserved 1048576K
}
Event: 17.750 GC heap before
{Heap before GC invocations=8 (full 1):
 PSYoungGen      total 32256K, used 24727K [0x00000000eaf00000, 0x00000000ee200000, 0x0000000100000000)
  eden space 15360K, 81% used [0x00000000eaf00000,0x00000000ebb38510,0x00000000ebe00000)
  from space 16896K, 72% used [0x00000000ecf80000,0x00000000edb6d820,0x00000000ee000000)
  to   space 17920K, 0% used [0x00000000ebe00000,0x00000000ebe00000,0x00000000ecf80000)
 ParOldGen       total 57344K, used 20174K [0x00000000c0c00000, 0x00000000c4400000, 0x00000000eaf00000)
  object space 57344K, 35% used [0x00000000c0c00000,0x00000000c1fb3ac0,0x00000000c4400000)
 Metaspace       used 20002K, capacity 20306K, committed 20480K, reserved 1067008K
  class space    used 2422K, capacity 2523K, committed 2560K, reserved 1048576K
Event: 17.765 GC heap after
Heap after GC invocations=8 (full 1):
 PSYoungGen      total 33280K, used 12246K [0x00000000eaf00000, 0x00000000eec80000, 0x0000000100000000)
  eden space 15360K, 0% used [0x00000000eaf00000,0x00000000eaf00000,0x00000000ebe00000)
  from space 17920K, 68% used [0x00000000ebe00000,0x00000000ec9f5820,0x00000000ecf80000)
  to   space 18944K, 0% used [0x00000000eda00000,0x00000000eda00000,0x00000000eec80000)
 ParOldGen       total 57344K, used 32332K [0x00000000c0c00000, 0x00000000c4400000, 0x00000000eaf00000)
  object space 57344K, 56% used [0x00000000c0c00000,0x00000000c2b932e0,0x00000000c4400000)
 Metaspace       used 20002K, capacity 20306K, committed 20480K, reserved 1067008K
  class space    used 2422K, capacity 2523K, committed 2560K, reserved 1048576K
}
Event: 19.930 GC heap before
{Heap before GC invocations=9 (full 1):
 PSYoungGen      total 33280K, used 24875K [0x00000000eaf00000, 0x00000000eec80000, 0x0000000100000000)
  eden space 15360K, 82% used [0x00000000eaf00000,0x00000000ebb556d0,0x00000000ebe00000)
  from space 17920K, 68% used [0x00000000ebe00000,0x00000000ec9f5820,0x00000000ecf80000)
  to   space 18944K, 0% used [0x00000000eda00000,0x00000000eda00000,0x00000000eec80000)
 ParOldGen       total 57344K, used 32332K [0x00000000c0c00000, 0x00000000c4400000, 0x00000000eaf00000)
  object space 57344K, 56% used [0x00000000c0c00000,0x00000000c2b932e0,0x00000000c4400000)
 Metaspace       used 20015K, capacity 20306K, committed 20480K, reserved 1067008K
  class space    used 2422K, capacity 2523K, committed 2560K, reserved 1048576K
Event: 19.941 GC heap after
Heap after GC invocations=9 (full 1):
 PSYoungGen      total 43008K, used 12214K [0x00000000eaf00000, 0x00000000eec00000, 0x0000000100000000)
  eden space 24576K, 0% used [0x00000000eaf00000,0x00000000eaf00000,0x00000000ec700000)
  from space 18432K, 66% used [0x00000000eda00000,0x00000000ee5ed820,0x00000000eec00000)
  to   space 18944K, 0% used [0x00000000ec700000,0x00000000ec700000,0x00000000ed980000)
 ParOldGen       total 57344K, used 32340K [0x00000000c0c00000, 0x00000000c4400000, 0x00000000eaf00000)
  object space 57344K, 56% used [0x00000000c0c00000,0x00000000c2b952e0,0x00000000c4400000)
 Metaspace       used 20015K, capacity 20306K, committed 20480K, reserved 1067008K
  class space    used 2422K, capacity 2523K, committed 2560K, reserved 1048576K
}
Event: 23.821 GC heap before
{Heap before GC invocations=10 (full 1):
 PSYoungGen      total 43008K, used 31245K [0x00000000eaf00000, 0x00000000eec00000, 0x0000000100000000)
  eden space 24576K, 77% used [0x00000000eaf00000,0x00000000ec195f30,0x00000000ec700000)
  from space 18432K, 66% used [0x00000000eda00000,0x00000000ee5ed820,0x00000000eec00000)
  to   space 18944K, 0% used [0x00000000ec700000,0x00000000ec700000,0x00000000ed980000)
 ParOldGen       total 57344K, used 32340K [0x00000000c0c00000, 0x00000000c4400000, 0x00000000eaf00000)
  object space 57344K, 56% used [0x00000000c0c00000,0x00000000c2b952e0,0x00000000c4400000)
 Metaspace       used 20025K, capacity 20306K, committed 20480K, reserved 1067008K
  class space    used 2424K, capacity 2523K, committed 2560K, reserved 1048576K
Event: 23.836 GC heap after
Heap after GC invocations=10 (full 1):
 PSYoungGen      total 30208K, used 6139K [0x00000000eaf00000, 0x00000000eea80000, 0x0000000100000000)
  eden space 24064K, 0% used [0x00000000eaf00000,0x00000000eaf00000,0x00000000ec680000)
  from space 6144K, 99% used [0x00000000ec700000,0x00000000eccfec10,0x00000000ecd00000)
  to   space 18432K, 0% used [0x00000000ed880000,0x00000000ed880000,0x00000000eea80000)
 ParOldGen       total 57344K, used 32348K [0x00000000c0c00000, 0x00000000c4400000, 0x00000000eaf00000)
  object space 57344K, 56% used [0x00000000c0c00000,0x00000000c2b972e0,0x00000000c4400000)
 Metaspace       used 20025K, capacity 20306K, committed 20480K, reserved 1067008K
  class space    used 2424K, capacity 2523K, committed 2560K, reserved 1048576K
}

