# JRE version: Java(TM) SE Runtime Environment (8.0_144-b01) (build 1.8.0_144-b01)
# Java VM: Java HotSpot(TM) 64-Bit Server VM (25.144-b01 mixed mode windows-amd64 compressed oops)
Heap:
 PSYoungGen      total 147456K, used 12067K [0x00000000eaf00000, 0x00000000f5400000, 0x0000000100000000)
  eden space 146944K, 8% used [0x00000000eaf00000,0x00000000ebab0db0,0x00000000f3e80000)
  from space 512K, 18% used [0x00000000f4800000,0x00000000f4818000,0x00000000f4880000)
  to   space 6656K, 0% used [0x00000000f4d80000,0x00000000f4d80000,0x00000000f5400000)
 ParOldGen       total 44032K, used 9591K [0x00000000c0c00000, 0x00000000c3700000, 0x00000000eaf00000)
  object space 44032K, 21% used [0x00000000c0c00000,0x00000000c155dd78,0x00000000c3700000)
 Metaspace       used 20288K, capacity 20582K, committed 20736K, reserved 1067008K
  class space    used 2426K, capacity 2525K, committed 2560K, reserved 1048576K
GC Heap History (10 events):
Event: 16.541 GC heap before
{Heap before GC invocations=11 (full 0):
 PSYoungGen      total 112128K, used 105109K [0x00000000eaf00000, 0x00000000f2380000, 0x0000000100000000)
  eden space 104960K, 98% used [0x00000000eaf00000,0x00000000f1435cf0,0x00000000f1580000)
  from space 7168K, 20% used [0x00000000f1c80000,0x00000000f1def910,0x00000000f2380000)
  to   space 7168K, 0% used [0x00000000f1580000,0x00000000f1580000,0x00000000f1c80000)
 ParOldGen       total 44032K, used 9511K [0x00000000c0c00000, 0x00000000c3700000, 0x00000000eaf00000)
  object space 44032K, 21% used [0x00000000c0c00000,0x00000000c1549d78,0x00000000c3700000)
 Metaspace       used 20049K, capacity 20378K, committed 20480K, reserved 1067008K
  class space    used 2422K, capacity 2523K, committed 2560K, reserved 1048576K
Event: 16.543 GC heap after
Heap after GC invocations=11 (full 0):
 PSYoungGen      total 112128K, used 96K [0x00000000eaf00000, 0x00000000f6100000, 0x0000000100000000)
  eden space 104960K, 0% used [0x00000000eaf00000,0x00000000eaf00000,0x00000000f1580000)
  from space 7168K, 1% used [0x00000000f1580000,0x00000000f1598000,0x00000000f1c80000)
  to   space 7168K, 0% used [0x00000000f5a00000,0x00000000f5a00000,0x00000000f6100000)
 ParOldGen       total 44032K, used 9527K [0x00000000c0c00000, 0x00000000c3700000, 0x00000000eaf00000)
  object space 44032K, 21% used [0x00000000c0c00000,0x00000000c154dd78,0x00000000c3700000)
 Metaspace       used 20049K, capacity 20378K, committed 20480K, reserved 1067008K
  class space    used 2422K, capacity 2523K, committed 2560K, reserved 1048576K
}
Event: 17.743 GC heap before
{Heap before GC invocations=12 (full 0):
 PSYoungGen      total 112128K, used 103968K [0x00000000eaf00000, 0x00000000f6100000, 0x0000000100000000)
  eden space 104960K, 98% used [0x00000000eaf00000,0x00000000f14702a8,0x00000000f1580000)
  from space 7168K, 1% used [0x00000000f1580000,0x00000000f1598000,0x00000000f1c80000)
  to   space 7168K, 0% used [0x00000000f5a00000,0x00000000f5a00000,0x00000000f6100000)
 ParOldGen       total 44032K, used 9527K [0x00000000c0c00000, 0x00000000c3700000, 0x00000000eaf00000)
  object space 44032K, 21% used [0x00000000c0c00000,0x00000000c154dd78,0x00000000c3700000)
 Metaspace       used 20131K, capacity 20442K, committed 20736K, reserved 1067008K
  class space    used 2422K, capacity 2523K, committed 2560K, reserved 1048576K
Event: 17.744 GC heap after
Heap after GC invocations=12 (full 0):
 PSYoungGen      total 175104K, used 1470K [0x00000000eaf00000, 0x00000000f6100000, 0x0000000100000000)
  eden space 167936K, 0% used [0x00000000eaf00000,0x00000000eaf00000,0x00000000f5300000)
  from space 7168K, 20% used [0x00000000f5a00000,0x00000000f5b6f910,0x00000000f6100000)
  to   space 7168K, 0% used [0x00000000f5300000,0x00000000f5300000,0x00000000f5a00000)
 ParOldGen       total 44032K, used 9535K [0x00000000c0c00000, 0x00000000c3700000, 0x00000000eaf00000)
  object space 44032K, 21% used [0x00000000c0c00000,0x00000000c154fd78,0x00000000c3700000)
 Metaspace       used 20131K, capacity 20442K, committed 20736K, reserved 1067008K
  class space    used 2422K, capacity 2523K, committed 2560K, reserved 1048576K
}
Event: 20.994 GC heap before
{Heap before GC invocations=13 (full 0):
 PSYoungGen      total 175104K, used 168574K [0x00000000eaf00000, 0x00000000f6100000, 0x0000000100000000)
  eden space 167936K, 99% used [0x00000000eaf00000,0x00000000f5230240,0x00000000f5300000)
  from space 7168K, 20% used [0x00000000f5a00000,0x00000000f5b6f910,0x00000000f6100000)
  to   space 7168K, 0% used [0x00000000f5300000,0x00000000f5300000,0x00000000f5a00000)
 ParOldGen       total 44032K, used 9535K [0x00000000c0c00000, 0x00000000c3700000, 0x00000000eaf00000)
  object space 44032K, 21% used [0x00000000c0c00000,0x00000000c154fd78,0x00000000c3700000)
 Metaspace       used 20214K, capacity 20518K, committed 20736K, reserved 1067008K
  class space    used 2425K, capacity 2525K, committed 2560K, reserved 1048576K
Event: 20.996 GC heap after
Heap after GC invocations=13 (full 0):
 PSYoungGen      total 161280K, used 96K [0x00000000eaf00000, 0x00000000f5a80000, 0x0000000100000000)
  eden space 160768K, 0% used [0x00000000eaf00000,0x00000000eaf00000,0x00000000f4c00000)
  from space 512K, 18% used [0x00000000f5300000,0x00000000f5318000,0x00000000f5380000)
  to   space 7168K, 0% used [0x00000000f5380000,0x00000000f5380000,0x00000000f5a80000)
 ParOldGen       total 44032K, used 9543K [0x00000000c0c00000, 0x00000000c3700000, 0x00000000eaf00000)
  object space 44032K, 21% used [0x00000000c0c00000,0x00000000c1551d78,0x00000000c3700000)
 Metaspace       used 20214K, capacity 20518K, committed 20736K, reserved 1067008K
  class space    used 2425K, capacity 2525K, committed 2560K, reserved 1048576K
}
Event: 22.868 GC heap before
{Heap before GC invocations=14 (full 0):
 PSYoungGen      total 161280K, used 160482K [0x00000000eaf00000, 0x00000000f5a80000, 0x0000000100000000)
  eden space 160768K, 99% used [0x00000000eaf00000,0x00000000f4ba0bd0,0x00000000f4c00000)
  from space 512K, 18% used [0x00000000f5300000,0x00000000f5318000,0x00000000f5380000)
  to   space 7168K, 0% used [0x00000000f5380000,0x00000000f5380000,0x00000000f5a80000)
 ParOldGen       total 44032K, used 9543K [0x00000000c0c00000, 0x00000000c3700000, 0x00000000eaf00000)
  object space 44032K, 21% used [0x00000000c0c00000,0x00000000c1551d78,0x00000000c3700000)
 Metaspace       used 20275K, capacity 20582K, committed 20736K, reserved 1067008K
  class space    used 2425K, capacity 2525K, committed 2560K, reserved 1048576K
Event: 22.870 GC heap after
Heap after GC invocations=14 (full 0):
 PSYoungGen      total 155136K, used 1470K [0x00000000eaf00000, 0x00000000f5500000, 0x0000000100000000)
  eden space 153600K, 0% used [0x00000000eaf00000,0x00000000eaf00000,0x00000000f4500000)
  from space 1536K, 95% used [0x00000000f5380000,0x00000000f54ef910,0x00000000f5500000)
  to   space 6656K, 0% used [0x00000000f4800000,0x00000000f4800000,0x00000000f4e80000)
 ParOldGen       total 44032K, used 9583K [0x00000000c0c00000, 0x00000000c3700000, 0x00000000eaf00000)
  object space 44032K, 21% used [0x00000000c0c00000,0x00000000c155bd78,0x00000000c3700000)
 Metaspace       used 20275K, capacity 20582K, committed 20736K, reserved 1067008K
  class space    used 2425K, capacity 2525K, committed 2560K, reserved 1048576K
}
Event: 24.677 GC heap before
{Heap before GC invocations=15 (full 0):
 PSYoungGen      total 155136K, used 154711K [0x00000000eaf00000, 0x00000000f5500000, 0x0000000100000000)
  eden space 153600K, 99% used [0x00000000eaf00000,0x00000000f44a64c8,0x00000000f4500000)
  from space 1536K, 95% used [0x00000000f5380000,0x00000000f54ef910,0x00000000f5500000)
  to   space 6656K, 0% used [0x00000000f4800000,0x00000000f4800000,0x00000000f4e80000)
 ParOldGen       total 44032K, used 9583K [0x00000000c0c00000, 0x00000000c3700000, 0x00000000eaf00000)
  object space 44032K, 21% used [0x00000000c0c00000,0x00000000c155bd78,0x00000000c3700000)
 Metaspace       used 20288K, capacity 20582K, committed 20736K, reserved 1067008K
  class space    used 2426K, capacity 2525K, committed 2560K, reserved 1048576K
Event: 24.678 GC heap after
Heap after GC invocations=15 (full 0):
 PSYoungGen      total 147456K, used 96K [0x00000000eaf00000, 0x00000000f5400000, 0x0000000100000000)
  eden space 146944K, 0% used [0x00000000eaf00000,0x00000000eaf00000,0x00000000f3e80000)
  from space 512K, 18% used [0x00000000f4800000,0x00000000f4818000,0x00000000f4880000)
  to   space 6656K, 0% used [0x00000000f4d80000,0x00000000f4d80000,0x00000000f5400000)
 ParOldGen       total 44032K, used 9591K [0x00000000c0c00000, 0x00000000c3700000, 0x00000000eaf00000)
  object space 44032K, 21% used [0x00000000c0c00000,0x00000000c155dd78,0x00000000c3700000)
 Metaspace       used 20288K, capacity 20582K, committed 20736K, reserved 1067008K
  class space    used 2426K, capacity 2525K, committed 2560K, reserved 1048576K
}

